i	j	x	r	mach	theta	press	temp	massflow
100	0	0.792128	0	1.5	0	122.151	1802.25	0
82	1	0.581326	0	1.36636	0	147.754	1882.33	0
82	2	0.581575	0	1.36058	0	148.942	1885.77	0
82	3	0.585506	0	1.35627	0	149.832	1888.34	0
82	4	0.593228	0	1.3527	0	150.573	1890.47	0
83	5	0.597181	0	1.34959	0	151.22	1892.32	0
83	6	0.60181	0	1.34681	0	151.801	1893.98	0
84	7	0.606643	0	1.34427	0	152.331	1895.49	0
84	8	0.615657	0	1.34192	0	152.823	1896.89	0
85	9	0.621474	0	1.33974	0	153.281	1898.19	0
85	10	0.635142	0	1.33769	0	153.713	1899.4	0
86	11	0.641966	0	1.33576	0	154.12	1900.55	0
87	12	0.649141	0	1.33393	0	154.506	1901.64	0
87	13	0.659928	0	1.33221	0	154.871	1902.67	0
88	14	0.667384	0	1.33058	0	155.217	1903.63	0
89	15	0.674774	0	1.32904	0	155.542	1904.54	0
89	16	0.689031	0	1.32764	0	155.84	1905.38	0
90	17	0.696397	0	1.32639	0	156.106	1906.12	0
91	18	0.703811	0	1.32536	0	156.326	1906.73	0
92	19	0.711297	0	1.32472	0	156.462	1907.11	0
92	20	0.722229	0	1.34867	0	151.41	1892.87	0
93	21	0.730084	0	1.35509	0	150.076	1889.04	0
94	22	0.737904	0	1.36771	0	147.476	1881.52	0
95	23	0.745642	0	1.37289	0	146.419	1878.43	0
95	24	0.760204	0	1.3895	0	143.063	1868.5	0
96	25	0.767874	0	1.39439	0	142.085	1865.58	0
97	26	0.775524	0	1.40345	0	140.287	1860.16	0
98	27	0.78312	0	1.40849	0	139.295	1857.14	0
99	28	0.79069	0	1.41643	0	137.74	1852.39	0
99	29	0.801291	0	1.42447	0	136.18	1847.57	0
100	30	0.808853	0	1.43187	0	134.754	1843.13	0
101	31	0.816377	0	1.43746	0	133.684	1839.78	0
102	32	0.823877	0	1.4444	0	132.367	1835.62	0
103	33	0.831347	0	1.45012	0	131.286	1832.19	0
103	34	0.84576	0	1.46246	0	128.98	1824.79	0
104	35	0.853228	0	1.46829	0	127.901	1821.29	0
105	36	0.860677	0	1.47472	0	126.719	1817.43	0
106	37	0.868101	0	1.48051	0	125.661	1813.95	0
107	38	0.875506	0	1.48672	0	124.534	1810.22	0
108	39	0.882891	0	1.49252	0	123.488	1806.74	0
108	40	0.893831	0	1.50147	0	121.89	1801.37	0
109	41	0.901243	0	1.5074	0	120.837	1797.8	0
110	42	0.908639	0	1.51339	0	119.783	1794.21	0
111	43	0.916018	0	1.51926	0	118.757	1790.68	0
112	44	0.923383	0	1.52517	0	117.73	1787.13	0
113	45	0.930733	0	1.53099	0	116.726	1783.64	0
114	46	0.93807	0	1.53684	0	115.724	1780.13	0
114	47	0.945784	0	1.54293	0	114.687	1776.48	0
115	48	0.953168	0	1.54889	0	113.68	1772.9	0
116	49	0.96054	0	1.55468	0	112.709	1769.43	0
117	50	0.967901	0	1.56054	0	111.731	1765.91	0
118	51	0.975252	0	1.5663	0	110.778	1762.46	0
119	52	0.982593	0	1.57211	0	109.824	1758.98	0
120	53	0.989925	0	1.57784	0	108.888	1755.54	0
120	54	1.00196	0	1.58728	0	107.361	1749.88	0
121	55	1.00934	0	1.59315	0	106.42	1746.37	0
122	56	1.01672	0	1.59889	0	105.506	1742.93	0
123	57	1.02409	0	1.60469	0	104.589	1739.46	0
124	58	1.03145	0	1.61041	0	103.692	1736.04	0
125	59	1.03881	0	1.61616	0	102.795	1732.6	0
126	60	1.04616	0	1.62186	0	101.914	1729.19	0
127	61	1.05351	0	1.62758	0	101.035	1725.77	0
127	62	1.06276	0	1.63472	0	99.9458	1721.51	0
128	63	1.07017	0	1.64058	0	99.06	1718.01	0
129	64	1.07758	0	1.64628	0	98.2054	1714.61	0
130	65	1.08499	0	1.65206	0	97.3432	1711.16	0
131	66	1.09239	0	1.65775	0	96.5025	1707.77	0
132	67	1.0998	0	1.66349	0	95.659	1704.35	0
133	68	1.1072	0	1.66917	0	94.8319	1700.97	0
134	69	1.11461	0	1.67488	0	94.0054	1697.58	0
134	70	1.12868	0	1.68565	0	92.463	1691.17	0
135	71	1.13615	0	1.69151	0	91.6325	1687.69	0
136	72	1.14363	0	1.69717	0	90.837	1684.33	0
137	73	1.1511	0	1.70297	0	90.0272	1680.89	0
138	74	1.15858	0	1.70864	0	89.2427	1677.53	0
139	75	1.16606	0	1.71439	0	88.4514	1674.12	0
140	76	1.17355	0	1.72006	0	87.6783	1670.77	0
141	77	1.18103	0	1.72579	0	86.903	1667.38	0
142	78	1.18852	0	1.73145	0	86.1417	1664.03	0
142	79	1.20031	0	1.7404	0	84.95	1658.75	0
143	80	1.20788	0	1.74623	0	84.1816	1655.31	0
144	81	1.21545	0	1.75194	0	83.4349	1651.94	0
145	82	1.22303	0	1.75772	0	82.6849	1648.54	0
146	83	1.23062	0	1.76343	0	81.9502	1645.18	0
147	84	1.23821	0	1.76918	0	81.2153	1641.8	0
148	85	1.2458	0	1.77489	0	80.4924	1638.45	0
149	86	1.25341	0	1.78062	0	79.7713	1635.08	0
150	87	1.26102	0	1.78632	0	79.0599	1631.74	0
151	88	1.26864	0	1.79204	0	78.3518	1628.39	0
151	89	1.27837	0	1.79931	0	77.459	1624.13	0
152	90	1.28607	0	1.80519	0	76.7445	1620.69	0
153	91	1.29378	0	1.81091	0	76.0537	1617.35	0
154	92	1.3015	0	1.81673	0	75.3572	1613.95	0
155	93	1.30923	0	1.82246	0	74.677	1610.61	0
156	94	1.31697	0	1.82825	0	73.9949	1607.24	0
157	95	1.32471	0	1.83399	0	73.325	1603.91	0
158	96	1.33247	0	1.83976	0	72.6558	1600.55	0
159	97	1.34024	0	1.8455	0	71.9964	1597.22	0
160	98	1.34801	0	1.85126	0	71.3393	1593.88	0
161	99	1.3558	0	1.857	0	70.6903	1590.55	0
161	100	1.36372	0	1.86284	0	70.035	1587.17	0
162	101	1.3716	0	1.86874	0	69.3786	1583.76	0
163	102	1.37948	0	1.87453	0	68.7404	1580.42	0
164	103	1.38738	0	1.88038	0	68.1001	1577.05	0
165	104	1.3953	0	1.88617	0	67.4722	1573.71	0
166	105	1.40322	0	1.892	0	66.8445	1570.36	0
167	106	1.41116	0	1.8978	0	66.2266	1567.03	0
168	107	1.41911	0	1.90362	0	65.6105	1563.69	0
169	108	1.42708	0	1.90941	0	65.0024	1560.36	0
170	109	1.43506	0	1.91523	0	64.3973	1557.03	0
171	110	1.44305	0	1.92103	0	63.799	1553.72	0
171	111	1.4574	0	1.93144	0	62.738	1547.77	0
172	112	1.4655	0	1.9374	0	62.1372	1544.38	0
173	113	1.47362	0	1.94323	0	61.5547	1541.06	0
174	114	1.48175	0	1.94916	0	60.9679	1537.69	0
175	115	1.48989	0	1.95501	0	60.3942	1534.37	0
176	116	1.49805	0	1.96091	0	59.8195	1531.02	0
177	117	1.50623	0	1.96677	0	59.2547	1527.71	0
178	118	1.51443	0	1.97267	0	58.6908	1524.37	0
179	119	1.52264	0	1.97853	0	58.1349	1521.06	0
180	120	1.53087	0	1.98442	0	57.5812	1517.74	0
181	121	1.53912	0	1.99029	0	57.0342	1514.44	0
182	122	1.54739	0	1.99619	0	56.4902	1511.12	0
182	123	1.5607	0	2.00563	0	55.6281	1505.82	0
183	124	1.56907	0	2.01168	0	55.0826	1502.44	0
184	125	1.57747	0	2.01759	0	54.5542	1499.13	0
185	126	1.58588	0	2.0236	0	54.0217	1495.78	0
186	127	1.59432	0	2.02952	0	53.5013	1492.47	0
187	128	1.60277	0	2.03551	0	52.9798	1489.14	0
188	129	1.61125	0	2.04145	0	52.4676	1485.83	0
189	130	1.61974	0	2.04744	0	51.956	1482.51	0
190	131	1.62826	0	2.05339	0	51.4519	1479.21	0
191	132	1.6368	0	2.05938	0	50.9498	1475.9	0
192	133	1.64536	0	2.06534	0	50.4538	1472.61	0
193	134	1.65394	0	2.07132	0	49.9606	1469.31	0
194	135	1.66254	0	2.0773	0	49.4728	1466.02	0
194	136	1.67516	0	2.08606	0	48.7658	1461.21	0
195	137	1.68388	0	2.09218	0	48.2767	1457.84	0
196	138	1.69263	0	2.09821	0	47.8005	1454.55	0
197	139	1.70139	0	2.10431	0	47.3229	1451.21	0
198	140	1.71018	0	2.11034	0	46.8545	1447.92	0
199	141	1.71899	0	2.11643	0	46.3864	1444.6	0
200	142	1.72783	0	2.12248	0	45.9257	1441.31	0
201	143	1.73669	0	2.12857	0	45.4665	1438.01	0
202	144	1.74558	0	2.13463	0	45.0133	1434.72	0
203	145	1.7545	0	2.14072	0	44.5625	1431.42	0
204	146	1.76344	0	2.1468	0	44.1169	1428.14	0
205	147	1.7724	0	2.1529	0	43.6742	1424.85	0
206	148	1.78139	0	2.15899	0	43.2362	1421.58	0
207	149	1.79041	0	2.16509	0	42.8013	1418.3	0
207	150	1.80274	0	2.17341	0	42.2152	1413.84	0
208	151	1.81188	0	2.17966	0	41.7801	1410.49	0
209	152	1.82105	0	2.1858	0	41.3566	1407.22	0
210	153	1.83025	0	2.19202	0	40.9317	1403.9	0
211	154	1.83947	0	2.19818	0	40.5152	1400.62	0
212	155	1.84872	0	2.2044	0	40.0991	1397.32	0
213	156	1.858	0	2.21058	0	39.6895	1394.05	0
214	157	1.86731	0	2.21679	0	39.2813	1390.76	0
215	158	1.87665	0	2.22299	0	38.8786	1387.49	0
216	159	1.88602	0	2.22921	0	38.4781	1384.21	0
217	160	1.89542	0	2.23542	0	38.0822	1380.95	0
218	161	1.90485	0	2.24165	0	37.689	1377.68	0
219	162	1.91432	0	2.24788	0	37.3001	1374.41	0
220	163	1.92381	0	2.25412	0	36.914	1371.15	0
221	164	1.93333	0	2.26036	0	36.5318	1367.9	0
221	165	1.94587	0	2.26856	0	36.0354	1363.63	0
222	166	1.95552	0	2.27494	0	35.6536	1360.31	0
223	167	1.96521	0	2.28124	0	35.2808	1357.05	0
224	168	1.97493	0	2.2876	0	34.9079	1353.76	0
225	169	1.98468	0	2.29391	0	34.5416	1350.5	0
226	170	1.99447	0	2.30027	0	34.1763	1347.22	0
227	171	2.00429	0	2.30661	0	33.8163	1343.97	0
228	172	2.01415	0	2.31297	0	33.4581	1340.7	0
229	173	2.02404	0	2.31933	0	33.1043	1337.45	0
230	174	2.03396	0	2.3257	0	32.7529	1334.19	0
231	175	2.04392	0	2.33207	0	32.4054	1330.95	0
232	176	2.05392	0	2.33846	0	32.0605	1327.7	0
233	177	2.06395	0	2.34485	0	31.7193	1324.46	0
234	178	2.07402	0	2.35125	0	31.3808	1321.21	0
235	179	2.08413	0	2.35766	0	31.0456	1317.98	0
236	180	2.09427	0	2.36408	0	30.7133	1314.74	0
236	181	2.10761	0	2.37249	0	30.2832	1310.51	0
237	182	2.11789	0	2.37904	0	29.9521	1307.22	0
238	183	2.12822	0	2.38551	0	29.6288	1303.99	0
239	184	2.13858	0	2.39205	0	29.3055	1300.72	0
240	185	2.14898	0	2.39854	0	28.9879	1297.49	0
241	186	2.15942	0	2.40508	0	28.6714	1294.24	0
242	187	2.1699	0	2.41159	0	28.3594	1291.01	0
243	188	2.18043	0	2.41814	0	28.0491	1287.77	0
244	189	2.19099	0	2.42468	0	27.7428	1284.54	0
245	190	2.20159	0	2.43124	0	27.4385	1281.31	0
246	191	2.21224	0	2.4378	0	27.1378	1278.09	0
247	192	2.22293	0	2.44438	0	26.8393	1274.86	0
248	193	2.23366	0	2.45096	0	26.5441	1271.64	0
249	194	2.24443	0	2.45755	0	26.2514	1268.43	0
250	195	2.25525	0	2.46415	0	25.9616	1265.21	0
251	196	2.26611	0	2.47077	0	25.6744	1262	0
252	197	2.27701	0	2.47739	0	25.39	1258.8	0
252	198	2.29191	0	2.48641	0	25.0074	1254.44	0
253	199	2.30297	0	2.49316	0	24.725	1251.19	0
254	200	2.31408	0	2.49984	0	24.4486	1247.98	0
255	201	2.32523	0	2.50659	0	24.1727	1244.75	0
256	202	2.33643	0	2.51329	0	23.9014	1241.54	0
257	203	2.34767	0	2.52004	0	23.6313	1238.32	0
258	204	2.35897	0	2.52677	0	23.365	1235.12	0
259	205	2.37031	0	2.53354	0	23.1005	1231.91	0
260	206	2.3817	0	2.54029	0	22.8392	1228.71	0
261	207	2.39313	0	2.54708	0	22.5798	1225.51	0
262	208	2.40462	0	2.55386	0	22.3235	1222.32	0
263	209	2.41615	0	2.56066	0	22.0692	1219.12	0
264	210	2.42774	0	2.56746	0	21.8178	1215.94	0
265	211	2.43937	0	2.57428	0	21.5685	1212.75	0
266	212	2.45106	0	2.58111	0	21.3219	1209.57	0
267	213	2.4628	0	2.58796	0	21.0775	1206.39	0
268	214	2.47458	0	2.59481	0	20.8356	1203.21	0
269	215	2.48642	0	2.60168	0	20.596	1200.03	0
269	216	2.5039	0	2.61178	0	20.2486	1195.38	0
270	217	2.51592	0	2.61877	0	20.0116	1192.17	0
271	218	2.528	0	2.6257	0	19.7794	1188.99	0
272	219	2.54013	0	2.63269	0	19.5479	1185.8	0
273	220	2.55232	0	2.63965	0	19.3201	1182.63	0
274	221	2.56456	0	2.64665	0	19.0937	1179.45	0
275	222	2.57685	0	2.65364	0	18.8703	1176.28	0
276	223	2.58921	0	2.66066	0	18.6485	1173.11	0
277	224	2.60162	0	2.66768	0	18.4295	1169.95	0
278	225	2.61408	0	2.67472	0	18.2123	1166.78	0
279	226	2.62661	0	2.68176	0	17.9976	1163.63	0
280	227	2.63919	0	2.68883	0	17.7848	1160.47	0
281	228	2.65183	0	2.6959	0	17.5744	1157.32	0
282	229	2.66453	0	2.70299	0	17.3659	1154.17	0
283	230	2.67729	0	2.71009	0	17.1597	1151.02	0
284	231	2.69011	0	2.71721	0	16.9554	1147.87	0
285	232	2.70299	0	2.72433	0	16.7533	1144.73	0
286	233	2.71594	0	2.73148	0	16.5532	1141.6	0
287	234	2.72894	0	2.73863	0	16.3552	1138.46	0
287	235	2.75037	0	2.75038	0	16.0351	1133.33	0
288	236	2.7636	0	2.75766	0	15.8401	1130.17	0
289	237	2.77688	0	2.76489	0	15.6487	1127.04	0
290	238	2.79023	0	2.77217	0	15.4583	1123.89	0
291	239	2.80365	0	2.77944	0	15.2708	1120.76	0
292	240	2.81713	0	2.78674	0	15.0846	1117.62	0
293	241	2.83068	0	2.79403	0	14.9009	1114.5	0
294	242	2.83767	0	2.7978	0	14.807	1112.89	0
