i	j	x	r	mach	theta	press	temp	Massflow
0	242	0.219921	1.02448	1.53872	12.7044	115.403	1779	11.4416
1	242	0.227155	1.02067	1.54015	12.724	115.16	1778.15	11.3391
2	242	0.238108	1.01492	1.54243	12.7501	114.773	1776.78	11.1852
3	242	0.249458	1.00898	1.54491	12.7738	114.352	1775.29	11.0273
4	242	0.2612	1.00286	1.54759	12.7953	113.9	1773.68	10.8655
5	242	0.273332	0.996573	1.55046	12.8147	113.417	1771.96	10.7002
6	242	0.285846	0.990116	1.55351	12.8322	112.904	1770.13	10.5316
7	242	0.298737	0.983497	1.55675	12.8478	112.363	1768.18	10.36
8	242	0.311999	0.976722	1.56017	12.8616	111.794	1766.14	10.1856
9	242	0.325625	0.969797	1.56375	12.8739	111.199	1763.98	10.0086
10	242	0.339608	0.962728	1.56751	12.8846	110.578	1761.73	9.8294
11	242	0.353942	0.955522	1.57144	12.8939	109.934	1759.38	9.64816
12	242	0.36862	0.948184	1.57552	12.9017	109.265	1756.93	9.46515
13	242	0.383636	0.94072	1.57977	12.908	108.573	1754.38	9.28062
14	242	0.398985	0.933135	1.58419	12.913	107.859	1751.74	9.09479
15	242	0.41466	0.925436	1.58876	12.9164	107.122	1749	8.9079
16	242	0.430657	0.917626	1.5935	12.9182	106.363	1746.16	8.72014
17	242	0.446972	0.909711	1.59841	12.9184	105.582	1743.22	8.53174
18	242	0.463599	0.901695	1.60349	12.9168	104.779	1740.18	8.34288
19	242	0.480537	0.893583	1.60874	12.9132	103.953	1737.04	8.15375
20	242	0.497781	0.885377	1.61417	12.9076	103.105	1733.79	7.96453
21	242	0.51533	0.877083	1.61978	12.8997	102.235	1730.43	7.7754
22	242	0.53318	0.868703	1.62558	12.8894	101.341	1726.97	7.58652
23	242	0.551329	0.86024	1.63157	12.8765	100.425	1723.39	7.39806
24	242	0.569775	0.851698	1.63777	12.8608	99.4852	1719.69	7.21017
25	242	0.588516	0.84308	1.64416	12.8422	98.5225	1715.88	7.02302
26	242	0.60755	0.834389	1.65076	12.8204	97.5366	1711.94	6.83675
27	242	0.626873	0.825629	1.65758	12.7953	96.5276	1707.88	6.65153
28	242	0.646484	0.816802	1.66461	12.7668	95.4959	1703.69	6.46751
29	242	0.666379	0.807911	1.67186	12.7347	94.4416	1699.37	6.28483
30	242	0.686553	0.798961	1.67933	12.6988	93.3653	1694.93	6.10366
31	242	0.707002	0.789954	1.68702	12.6591	92.2676	1690.36	5.92415
32	242	0.727722	0.780894	1.69494	12.6154	91.1491	1685.65	5.74645
33	242	0.747978	0.772101	1.70218	12.5898	90.1369	1681.36	5.57666
34	242	0.767527	0.763677	1.70865	12.583	89.2407	1677.52	5.41631
35	242	0.787301	0.755217	1.71547	12.5681	88.304	1673.48	5.25754
36	242	0.806993	0.746852	1.72225	12.5549	87.3809	1669.47	5.10279
37	242	0.827115	0.738366	1.72951	12.5315	86.4012	1665.18	4.94811
38	242	0.847099	0.729999	1.73665	12.512	85.4483	1660.96	4.79788
39	242	0.867022	0.721717	1.74373	12.4944	84.5104	1656.78	4.65143
40	242	0.88725	0.713369	1.75118	12.4696	83.5346	1652.39	4.50604
41	242	0.907526	0.705061	1.75872	12.4433	82.556	1647.95	4.36364
42	242	0.927762	0.696828	1.76628	12.417	81.5852	1643.5	4.22479
43	242	0.94849	0.688456	1.77443	12.3782	80.5501	1638.71	4.0859
44	242	0.969064	0.680204	1.7825	12.3412	79.5361	1633.98	3.95136
45	242	0.989803	0.671945	1.79084	12.2982	78.4997	1629.09	3.81903
46	242	1.01043	0.663785	1.79919	12.2548	77.4744	1624.2	3.6906
47	242	1.03165	0.655451	1.80825	12.1954	76.3737	1618.9	3.56187
48	242	1.05265	0.647259	1.81724	12.1369	75.2964	1613.66	3.43774
49	242	1.07366	0.639112	1.82641	12.0735	74.2109	1608.31	3.31671
50	242	1.0944	0.631126	1.83549	12.011	73.1508	1603.03	3.20039
51	242	1.11541	0.623088	1.84502	11.9372	72.0511	1597.5	3.08566
52	242	1.13635	0.615119	1.85472	11.858	70.9475	1591.87	2.9743
53	242	1.15112	0.60953	1.86205	11.7869	70.1242	1587.63	2.89764
54	242	1.15282	0.608886	1.86327	11.7667	69.9878	1586.93	2.88889
55	242	1.15806	0.606909	1.86622	11.7299	69.6586	1585.22	2.86215
56	242	1.16644	0.60375	1.87047	11.6865	69.188	1582.77	2.81976
57	242	1.17148	0.601857	1.87325	11.653	68.8812	1581.16	2.79455
58	242	1.17709	0.599746	1.8763	11.6172	68.5458	1579.4	2.76663
59	242	1.18315	0.597472	1.87972	11.5747	68.1723	1577.43	2.73675
60	242	1.19259	0.593934	1.88445	11.5271	67.6578	1574.7	2.6907
61	242	1.19913	0.591486	1.88792	11.4882	67.2835	1572.71	2.65913
62	242	1.21255	0.586479	1.89435	11.4302	66.5938	1569.01	2.59528
63	242	1.21988	0.583751	1.89814	11.3896	66.19	1566.83	2.5609
64	242	1.22732	0.580987	1.90189	11.3516	65.793	1564.68	2.52635
65	242	1.23819	0.576954	1.90729	11.2986	65.2249	1561.58	2.47647
66	242	1.24598	0.574071	1.91129	11.2565	64.8067	1559.29	2.4412
67	242	1.25354	0.57128	1.91511	11.2175	64.4097	1557.1	2.40736
68	242	1.26803	0.565938	1.92246	11.1423	63.6526	1552.9	2.34343
69	242	1.27583	0.56307	1.92656	11.0971	63.2331	1550.56	2.30957
70	242	1.28384	0.560131	1.93085	11.0482	62.7972	1548.11	2.27519
71	242	1.29231	0.557025	1.93556	10.9912	62.3224	1545.43	2.23925
72	242	1.30619	0.551949	1.9438	10.8807	61.4988	1540.74	2.18139
73	242	1.3149	0.548767	1.94861	10.8226	61.0226	1538	2.14566
74	242	1.32391	0.545481	1.95372	10.7582	60.5203	1535.1	2.10921
75	242	1.33214	0.542483	1.95817	10.7059	60.0854	1532.57	2.07633
76	242	1.34815	0.536659	1.9671	10.5959	59.2224	1527.52	2.01346
77	242	1.35619	0.53374	1.97147	10.5443	58.8045	1525.05	1.98246
78	242	1.36445	0.530748	1.97606	10.4879	58.3681	1522.45	1.95102
79	242	1.37231	0.527901	1.98033	10.4374	57.9652	1520.05	1.92144
80	242	1.38034	0.525	1.98477	10.383	57.5481	1517.54	1.8916
81	242	1.39124	0.521061	1.99072	10.312	56.9946	1514.2	1.85161
82	242	1.3991	0.518225	1.99506	10.2591	56.5936	1511.75	1.82319
83	242	1.40677	0.515465	1.99925	10.209	56.2095	1509.4	1.7958
84	242	1.41446	0.512694	2.00349	10.1573	55.8224	1507.02	1.76861
85	242	1.42201	0.509982	2.00762	10.1076	55.4484	1504.71	1.74227
86	242	1.4366	0.504743	2.01566	10.0096	54.726	1500.21	1.69217
87	242	1.44407	0.502064	2.01976	9.95977	54.3607	1497.92	1.66694
88	242	1.45153	0.499391	2.02388	9.90939	53.9964	1495.62	1.64203
89	242	1.4589	0.496755	2.02793	9.86008	53.6403	1493.36	1.61771
90	242	1.46625	0.494127	2.03199	9.81033	53.2857	1491.1	1.59372
91	242	1.47352	0.491528	2.036	9.76134	52.9376	1488.87	1.57024
92	242	1.48428	0.487687	2.04195	9.6882	52.4249	1485.56	1.536
93	242	1.49153	0.485103	2.04596	9.63896	52.0823	1483.34	1.51325
94	242	1.49873	0.482534	2.04995	9.5898	51.7431	1481.12	1.49087
95	242	1.50589	0.479984	2.05391	9.54093	51.4083	1478.93	1.46889
96	242	1.51302	0.477449	2.05786	9.49213	51.0766	1476.74	1.44726
97	242	1.5201	0.474931	2.06178	9.44357	50.7489	1474.57	1.426
98	242	1.52715	0.472426	2.0657	9.39507	50.4242	1472.41	1.40507
99	242	1.53453	0.469803	2.0698	9.34415	50.086	1470.15	1.38339
100	242	1.54159	0.4673	2.07372	9.29536	49.7645	1467.99	1.36292
101	242	1.54859	0.464816	2.07761	9.24692	49.4473	1465.85	1.34281
102	242	1.55557	0.462342	2.0815	9.19847	49.1327	1463.71	1.323
103	242	1.56251	0.459884	2.08536	9.15028	48.8217	1461.59	1.30352
104	242	1.56942	0.457436	2.08921	9.10212	48.5134	1459.47	1.28432
105	242	1.5763	0.455002	2.09305	9.05415	48.2084	1457.37	1.26543
106	242	1.58754	0.451024	2.09932	8.97538	47.7127	1453.94	1.23498
107	242	1.59442	0.448594	2.10317	8.92707	47.4117	1451.84	1.21663
108	242	1.60126	0.446177	2.10699	8.87905	47.1142	1449.75	1.19858
109	242	1.60807	0.44377	2.1108	8.83102	46.8191	1447.67	1.18079
110	242	1.61486	0.441375	2.1146	8.7832	46.5271	1445.6	1.16328
111	242	1.62162	0.438988	2.11838	8.7354	46.2374	1443.54	1.14601
112	242	1.62836	0.436613	2.12215	8.68775	45.9505	1441.49	1.129
113	242	1.63507	0.434246	2.12592	8.64013	45.666	1439.45	1.11223
114	242	1.64348	0.43128	2.13064	8.58034	45.3115	1436.89	1.09147
115	242	1.65021	0.428909	2.13442	8.53235	45.0295	1434.84	1.07508
116	242	1.65691	0.42655	2.13817	8.48467	44.7508	1432.8	1.05894
117	242	1.66359	0.424198	2.14193	8.43694	44.4739	1430.77	1.04301
118	242	1.67025	0.421856	2.14567	8.38942	44.1999	1428.75	1.02733
119	242	1.67688	0.41952	2.1494	8.34189	43.9279	1426.74	1.01186
120	242	1.68349	0.417194	2.15312	8.29452	43.6585	1424.74	0.996616
121	242	1.69009	0.414874	2.15683	8.24715	43.3911	1422.74	0.981575
122	242	1.70257	0.410486	2.16386	8.15735	42.889	1418.96	0.953567
123	242	1.70918	0.408163	2.16758	8.10962	42.625	1416.96	0.938975
124	242	1.71576	0.405852	2.17129	8.06224	42.3642	1414.98	0.924612
125	242	1.72233	0.403544	2.17499	8.01473	42.1047	1412.99	0.910428
126	242	1.72887	0.401246	2.17868	7.96748	41.848	1411.02	0.896456
127	242	1.7354	0.398952	2.18237	7.92016	41.593	1409.05	0.882663
128	242	1.74191	0.396666	2.18604	7.87302	41.3403	1407.09	0.869069
129	242	1.74841	0.394384	2.18971	7.82586	41.0893	1405.13	0.85565
130	242	1.75488	0.392109	2.19337	7.77883	40.8405	1403.18	0.842419
131	242	1.76505	0.388541	2.19911	7.70483	40.4527	1400.13	0.821959
132	242	1.77155	0.386258	2.20279	7.65738	40.2062	1398.18	0.809053
133	242	1.77804	0.383983	2.20646	7.61017	39.9622	1396.23	0.796335
134	242	1.78451	0.381711	2.21012	7.56291	39.7197	1394.29	0.78378
135	242	1.79096	0.379446	2.21377	7.51583	39.4794	1392.36	0.771402
136	242	1.7974	0.377185	2.21741	7.46873	39.2408	1390.43	0.759184
137	242	1.80383	0.37493	2.22105	7.42176	39.0041	1388.51	0.747134
138	242	1.81025	0.372678	2.22468	7.37479	38.7691	1386.6	0.735241
139	242	1.81665	0.370432	2.22831	7.32791	38.5359	1384.69	0.723508
140	242	1.82304	0.368189	2.23193	7.28104	38.3044	1382.78	0.711927
141	242	1.83118	0.365331	2.23654	7.22126	38.0112	1380.36	0.697363
142	242	1.83761	0.363076	2.24019	7.17398	37.7812	1378.44	0.686021
143	242	1.84401	0.360829	2.24381	7.12698	37.5536	1376.54	0.674845
144	242	1.85041	0.358583	2.24744	7.07989	37.3272	1374.64	0.663808
145	242	1.85679	0.356343	2.25106	7.033	37.1029	1372.75	0.652926
146	242	1.86317	0.354105	2.25467	6.98606	36.88	1370.86	0.642182
147	242	1.86953	0.351872	2.25828	6.93926	36.6589	1368.98	0.631586
148	242	1.87588	0.349641	2.26188	6.89245	36.4392	1367.1	0.621124
149	242	1.88223	0.347415	2.26548	6.84573	36.2213	1365.23	0.610804
150	242	1.88856	0.34519	2.26907	6.79901	36.0048	1363.36	0.600616
151	242	1.89488	0.34297	2.27266	6.75235	35.7899	1361.5	0.590562
152	242	1.9013	0.340717	2.2763	6.70497	35.573	1359.61	0.580487
153	242	1.90766	0.338481	2.27991	6.65789	35.359	1357.74	0.570609
154	242	1.91401	0.336251	2.28351	6.61104	35.1471	1355.87	0.560872
155	242	1.92035	0.334023	2.28711	6.56414	34.9364	1354.01	0.551259
156	242	1.92668	0.331798	2.2907	6.51739	34.7274	1352.16	0.541778
157	242	1.933	0.329575	2.29429	6.47062	34.5198	1350.31	0.532419
158	242	1.93932	0.327355	2.29787	6.42397	34.3137	1348.46	0.523187
159	242	1.94563	0.325136	2.30145	6.37731	34.109	1346.62	0.514075
160	242	1.95193	0.322921	2.30502	6.33072	33.9058	1344.78	0.505084
161	242	1.95822	0.320707	2.3086	6.28415	33.7039	1342.95	0.49621
162	242	1.9645	0.318495	2.31216	6.23763	33.5034	1341.12	0.487454
163	242	1.97575	0.314538	2.31855	6.15433	33.1476	1337.85	0.472057
164	242	1.98207	0.312312	2.32214	6.10742	32.949	1336.02	0.463547
165	242	1.98838	0.31009	2.32571	6.06076	32.7523	1334.19	0.455161
166	242	1.99468	0.307869	2.32929	6.014	32.5566	1332.36	0.44688
167	242	2.00098	0.30565	2.33286	5.96742	32.3626	1330.55	0.438716
168	242	2.00727	0.303432	2.33643	5.92079	32.1696	1328.73	0.430657
169	242	2.01355	0.301216	2.34	5.87429	31.9782	1326.92	0.42271
170	242	2.01983	0.299001	2.34356	5.82776	31.7879	1325.11	0.414866
171	242	2.02611	0.296788	2.34712	5.78132	31.5991	1323.31	0.40713
172	242	2.03238	0.294575	2.35067	5.73488	31.4113	1321.51	0.399496
173	242	2.03864	0.292364	2.35423	5.6885	31.2249	1319.71	0.391965
174	242	2.0449	0.290153	2.35778	5.64211	31.0396	1317.92	0.384535
175	242	2.05494	0.286605	2.36347	5.56769	30.7446	1315.05	0.372813
176	242	2.06124	0.284378	2.36705	5.52094	30.5609	1313.25	0.365584
177	242	2.06753	0.282155	2.37061	5.47443	30.3789	1311.46	0.358462
178	242	2.07382	0.279931	2.37417	5.42783	30.1978	1309.67	0.351432
179	242	2.0801	0.277709	2.37773	5.3814	30.0181	1307.88	0.344504
180	242	2.08638	0.275487	2.38129	5.33492	29.8395	1306.1	0.337668
181	242	2.09265	0.273266	2.38484	5.28856	29.6622	1304.32	0.33093
182	242	2.09892	0.271044	2.38839	5.24216	29.4859	1302.55	0.324282
183	242	2.10518	0.268824	2.39194	5.19586	29.3109	1300.78	0.317728
184	242	2.11145	0.266603	2.39548	5.14955	29.137	1299.01	0.311264
185	242	2.11771	0.264383	2.39903	5.10331	28.9642	1297.25	0.304892
186	242	2.12397	0.262163	2.40257	5.05706	28.7925	1295.49	0.298607
187	242	2.13022	0.259943	2.40611	5.01085	28.6218	1293.73	0.29241
188	242	2.13936	0.256695	2.41128	4.94327	28.3742	1291.16	0.283505
189	242	2.14566	0.254458	2.41485	4.89669	28.2048	1289.4	0.277477
190	242	2.15195	0.252223	2.4184	4.85033	28.0369	1287.64	0.27154
191	242	2.15824	0.249986	2.42196	4.80389	27.8699	1285.88	0.265686
192	242	2.16452	0.247751	2.42551	4.7576	27.7042	1284.13	0.259919
193	242	2.1708	0.245514	2.42906	4.71128	27.5394	1282.38	0.254234
194	242	2.17708	0.243277	2.4326	4.66505	27.3758	1280.64	0.248633
195	242	2.18336	0.24104	2.43615	4.6188	27.2131	1278.9	0.243113
196	242	2.18964	0.238802	2.43969	4.57263	27.0515	1277.16	0.237674
197	242	2.19591	0.236564	2.44324	4.52646	26.8909	1275.42	0.232315
198	242	2.20219	0.234325	2.44678	4.48034	26.7314	1273.69	0.227036
199	242	2.20846	0.232085	2.45032	4.43423	26.5728	1271.96	0.221834
200	242	2.21473	0.229845	2.45385	4.38815	26.4152	1270.23	0.21671
201	242	2.22101	0.227603	2.45739	4.34207	26.2586	1268.51	0.211662
202	242	2.22955	0.224547	2.46221	4.27928	26.0466	1266.16	0.204904
203	242	2.23587	0.222287	2.46577	4.23286	25.891	1264.43	0.200001
204	242	2.24218	0.220029	2.46932	4.18666	25.7368	1262.7	0.195178
205	242	2.24849	0.217769	2.47288	4.14038	25.5834	1260.98	0.190427
206	242	2.25479	0.215509	2.47643	4.09424	25.4311	1259.26	0.185753
207	242	2.2611	0.213246	2.47998	4.04806	25.2797	1257.54	0.18115
208	242	2.26741	0.210984	2.48352	4.00198	25.1293	1255.83	0.176621
209	242	2.27372	0.208719	2.48707	3.95587	24.9797	1254.12	0.172162
210	242	2.28002	0.206454	2.49062	3.90984	24.8312	1252.41	0.167776
211	242	2.28633	0.204187	2.49416	3.86381	24.6835	1250.71	0.163459
212	242	2.29264	0.201919	2.4977	3.81782	24.5368	1249	0.159212
213	242	2.29895	0.199649	2.50125	3.77184	24.391	1247.3	0.155034
214	242	2.30525	0.197378	2.50479	3.7259	24.246	1245.61	0.150925
215	242	2.31156	0.195105	2.50833	3.67996	24.1019	1243.91	0.146883
216	242	2.31787	0.192831	2.51187	3.63404	23.9587	1242.22	0.142908
217	242	2.32615	0.189846	2.51651	3.57383	23.7722	1240	0.137797
218	242	2.3325	0.187553	2.52008	3.52759	23.63	1238.3	0.13395
219	242	2.33885	0.18526	2.52363	3.48153	23.4889	1236.61	0.130173
220	242	2.3452	0.182964	2.52719	3.43542	23.3486	1234.92	0.126459
221	242	2.35156	0.180668	2.53075	3.38943	23.2093	1233.23	0.122812
222	242	2.35791	0.178368	2.5343	3.3434	23.0707	1231.55	0.119227
223	242	2.36427	0.176068	2.53786	3.29746	22.9331	1229.86	0.115707
224	242	2.37062	0.173765	2.54141	3.2515	22.7962	1228.18	0.11225
225	242	2.37698	0.17146	2.54496	3.20561	22.6603	1226.51	0.108855
226	242	2.38334	0.169153	2.54852	3.15971	22.5251	1224.83	0.105523
227	242	2.3897	0.166844	2.55207	3.11387	22.3908	1223.16	0.102251
228	242	2.39607	0.164532	2.55562	3.06802	22.2572	1221.49	0.0990405
229	242	2.40243	0.162219	2.55917	3.02222	22.1245	1219.82	0.0958902
230	242	2.4088	0.159903	2.56272	2.97641	21.9926	1218.16	0.0927994
231	242	2.41517	0.157585	2.56628	2.93064	21.8614	1216.49	0.089768
232	242	2.42154	0.155264	2.56983	2.88486	21.731	1214.83	0.0867951
233	242	2.42989	0.152223	2.57448	2.82494	21.5615	1212.66	0.0829921
234	242	2.4363	0.149883	2.57805	2.77886	21.432	1210.99	0.0801369
235	242	2.44272	0.147542	2.58162	2.73297	21.3036	1209.33	0.0773412
236	242	2.44914	0.145197	2.58519	2.68701	21.1759	1207.67	0.0746019
237	242	2.45556	0.142851	2.58876	2.64117	21.049	1206.01	0.0719204
238	242	2.46198	0.140502	2.59233	2.5953	20.9228	1204.36	0.0692946
239	242	2.46841	0.13815	2.5959	2.54951	20.7975	1202.71	0.0667253
240	242	2.47484	0.135795	2.59947	2.5037	20.6728	1201.05	0.064211
241	242	2.48127	0.133438	2.60304	2.45795	20.549	1199.41	0.061752
242	242	2.4877	0.131078	2.6066	2.4122	20.4259	1197.76	0.0593473
243	242	2.49414	0.128715	2.61017	2.3665	20.3035	1196.12	0.0569968
244	242	2.50058	0.126349	2.61374	2.32079	20.1818	1194.48	0.0546999
245	242	2.50703	0.12398	2.61731	2.27512	20.0609	1192.84	0.0524562
246	242	2.51348	0.121608	2.62088	2.22946	19.9407	1191.2	0.0502652
247	242	2.51993	0.119233	2.62445	2.18382	19.8212	1189.57	0.0481267
248	242	2.52639	0.116855	2.62802	2.13819	19.7024	1187.93	0.04604
249	242	2.53285	0.114473	2.63159	2.09257	19.5842	1186.3	0.0440048
250	242	2.54164	0.11123	2.63645	2.0305	19.4246	1184.09	0.0413191
251	242	2.54814	0.108828	2.64004	1.98459	19.3074	1182.45	0.0393943
252	242	2.55465	0.106425	2.64363	1.93886	19.1911	1180.82	0.037521
253	242	2.56116	0.104017	2.64722	1.89306	19.0754	1179.19	0.0356976
254	242	2.56767	0.101607	2.65081	1.84738	18.9605	1177.56	0.0339246
255	242	2.57419	0.0991928	2.6544	1.80166	18.8462	1175.94	0.0322008
256	242	2.58071	0.0967756	2.65799	1.75602	18.7327	1174.32	0.0305265
257	242	2.58724	0.0943547	2.66158	1.71036	18.6198	1172.69	0.0289009
258	242	2.59377	0.0919305	2.66517	1.66477	18.5076	1171.08	0.0273238
259	242	2.6003	0.0895025	2.66876	1.61916	18.396	1169.46	0.0257946
260	242	2.60684	0.087071	2.67235	1.5736	18.2851	1167.85	0.0243133
261	242	2.61339	0.0846358	2.67594	1.52804	18.1749	1166.23	0.0228792
262	242	2.61994	0.0821969	2.67953	1.48252	18.0653	1164.62	0.0214922
263	242	2.62649	0.0797542	2.68313	1.437	17.9563	1163.01	0.0201517
264	242	2.63305	0.0773078	2.68672	1.39151	17.848	1161.41	0.0188576
265	242	2.63962	0.0748575	2.69032	1.34602	17.7403	1159.8	0.0176094
266	242	2.64619	0.0724033	2.69391	1.30055	17.6332	1158.2	0.0164068
267	242	2.65277	0.0699451	2.69751	1.25507	17.5268	1156.6	0.0152495
268	242	2.66243	0.0663295	2.7028	1.18829	17.3716	1154.25	0.013632
269	242	2.66905	0.0638501	2.70642	1.14253	17.266	1152.65	0.0125804
270	242	2.67567	0.0613674	2.71003	1.09696	17.1613	1151.04	0.0115737
271	242	2.6823	0.0588802	2.71365	1.05131	17.0571	1149.44	0.0106111
272	242	2.68893	0.0563893	2.71727	1.0058	16.9536	1147.85	0.00969256
273	242	2.69557	0.053894	2.72089	0.960224	16.8507	1146.25	0.00881755
274	242	2.70222	0.0513947	2.72451	0.914749	16.7484	1144.66	0.00798594
275	242	2.70887	0.0488909	2.72813	0.86924	16.6467	1143.07	0.00719727
276	242	2.71553	0.046383	2.73175	0.823803	16.5457	1141.48	0.00645136
277	242	2.72219	0.0438707	2.73537	0.778348	16.4452	1139.89	0.0057478
278	242	2.72886	0.0413541	2.73899	0.732948	16.3453	1138.31	0.00508638
279	242	2.73554	0.0388329	2.74261	0.687542	16.246	1136.72	0.00446675
280	242	2.74222	0.0363074	2.74624	0.64218	16.1473	1135.14	0.00388865
281	242	2.74891	0.0337773	2.74986	0.596817	16.0491	1133.56	0.00335178
282	242	2.7556	0.0312427	2.75349	0.551489	15.9515	1131.98	0.00285586
283	242	2.76231	0.0287035	2.75712	0.506165	15.8545	1130.4	0.00240062
284	242	2.76901	0.0261597	2.76075	0.460866	15.7581	1128.83	0.00198577
285	242	2.77573	0.0236112	2.76438	0.41557	15.6621	1127.26	0.00161105
286	242	2.78245	0.021058	2.76802	0.370271	15.5667	1125.68	0.00127618
287	242	2.79347	0.0168669	2.77397	0.296019	15.4116	1123.11	0.00081325
288	242	2.80024	0.0142907	2.77764	0.250355	15.3171	1121.53	0.000581378
289	242	2.80701	0.01171	2.78129	0.204975	15.2234	1119.96	0.000388738
290	242	2.81379	0.00912431	2.78495	0.15942	15.1301	1118.39	0.00023503
291	242	2.82058	0.00653379	2.7886	0.114094	15.0375	1116.82	0.000120011
292	242	2.82737	0.00393823	2.79226	0.0685884	14.9453	1115.26	4.34138e-05
293	242	2.83417	0.00133771	2.79591	0.0233275	14.8539	1113.69	4.98822e-06
294	242	2.83767	0	2.7978	0	14.807	1112.89	0
