Summary output file for CONGO-2D

Definition of terms:
Stream Thrust = Mdot*Vel + Pexit*Aexit
Gross Thrust = Mdot*Vel + Pexit*Aexit - Pamb*Aexit
Stream Thrust = Gross Thrust when Pamb = 0 (vacuum)
Cfg = Nozzle Thrust Coefficient (Gross Isp/Ideal Isp)
C* = Characteristic Exhaust Velocity
CD = Discharge coefficient: Massflow 2D/ Massflow 1D
1D = Assumes input are axial
2D = Uses actual flow angles in calculation

Input parameters
R*  = Throat Radius (in)

Nozzle Type: Perfect Nozzle

Nozzle Geometry:	Axisymmetric Nozzle
Design Parameter:	Exit Mach Number = 2.768
Throat Geometry created by two arcs of given radii.
Upstream Radius/R*:	1.5
Downstream Radius/R*:	0.382

Thermodynamic Inputs
Total Pressure (psia):	430
Total Temperature (R):	3325.5
Gamma:	1.2961
Molecular Weight:	18.8538
Ambient Pressure (psia):	14.7

MOC Grid Parameters
Number of characteristic lines at the nozzle throat:	151
Maximum allowable angle between characteristics along wall (deg):	0.25
Number of RRCs to calculate above KERNEL (50-100):	100

The Initial Data Line is where the MOC calculation begins.
Its based on the upstream radius of curvature and gamma.
It is solved for using a method developed
by Kliegel and Levine. This method is based on a method
developed by Hall. Hall used cylindrical coordinates (R)
This method uses toroid coordinates (R+1). This method
does better for small upstream radii.

Initial Data Line (Throat)

I	X/R*	R/R*	Mach	Flow Angle(deg)	Pres.(psia)	Temp.(R)	Den.(slug/ft3)	Gamma	Mass Flow(lbm/s)
0	0	1	1.1318	0	201.069	2795.37	0.00392857	1.2961	9.69057
1	4.3595e-05	0.999918	1.13183	0.00296124	201.062	2795.34	0.00392846	1.2961	9.68898
2	0.000174399	0.999671	1.13191	0.0118302	201.04	2795.28	0.00392814	1.2961	9.68422
3	0.000392524	0.99926	1.13206	0.0265677	201.005	2795.16	0.0039276	1.2961	9.67629
4	0.000698183	0.998685	1.13226	0.0471112	200.954	2795	0.00392684	1.2961	9.6652
5	0.00109169	0.997945	1.13252	0.0733754	200.89	2794.8	0.00392586	1.2961	9.65095
6	0.00157346	0.997042	1.13284	0.105252	200.811	2794.55	0.00392467	1.2961	9.63355
7	0.00214399	0.995974	1.13322	0.142611	200.717	2794.25	0.00392326	1.2961	9.61302
8	0.00280391	0.994744	1.13365	0.185301	200.61	2793.91	0.00392164	1.2961	9.58936
9	0.00355389	0.99335	1.13415	0.23315	200.487	2793.52	0.0039198	1.2961	9.5626
10	0.00439473	0.991794	1.1347	0.285964	200.351	2793.08	0.00391774	1.2961	9.53274
11	0.00532729	0.990076	1.13531	0.343532	200.2	2792.6	0.00391546	1.2961	9.49981
12	0.00635252	0.988195	1.13597	0.405625	200.035	2792.08	0.00391297	1.2961	9.46384
13	0.00747145	0.986154	1.1367	0.471995	199.855	2791.5	0.00391026	1.2961	9.42483
14	0.00868517	0.983952	1.13748	0.54238	199.662	2790.88	0.00390734	1.2961	9.38283
15	0.00999483	0.981589	1.13833	0.616503	199.454	2790.22	0.0039042	1.2961	9.33785
16	0.0114017	0.979068	1.13923	0.694073	199.232	2789.51	0.00390084	1.2961	9.28993
17	0.0129069	0.976387	1.14018	0.774788	198.996	2788.76	0.00389728	1.2961	9.23909
18	0.0145119	0.973549	1.1412	0.858336	198.746	2787.96	0.0038935	1.2961	9.18538
19	0.016218	0.970553	1.14226	0.944394	198.483	2787.11	0.00388952	1.2961	9.12883
20	0.0180265	0.967401	1.14339	1.03264	198.206	2786.22	0.00388534	1.2961	9.06947
21	0.019939	0.964094	1.14457	1.12273	197.916	2785.29	0.00388095	1.2961	9.00735
22	0.0219566	0.960631	1.1458	1.21433	197.613	2784.32	0.00387637	1.2961	8.94251
23	0.0240809	0.957015	1.14708	1.30711	197.298	2783.3	0.0038716	1.2961	8.87499
24	0.0263133	0.953247	1.14842	1.40072	196.971	2782.25	0.00386664	1.2961	8.80485
25	0.0286552	0.949327	1.1498	1.49484	196.632	2781.15	0.00386151	1.2961	8.73212
26	0.0311078	0.945256	1.15123	1.58912	196.282	2780.02	0.0038562	1.2961	8.65686
27	0.0336725	0.941036	1.1527	1.68324	195.921	2778.85	0.00385073	1.2961	8.57912
28	0.0363507	0.936667	1.15422	1.77688	195.55	2777.65	0.0038451	1.2961	8.49896
29	0.0391434	0.932152	1.15578	1.86974	195.169	2776.41	0.00383932	1.2961	8.41643
30	0.0420518	0.927491	1.15738	1.9615	194.779	2775.14	0.00383341	1.2961	8.3316
31	0.045077	0.922685	1.15901	2.05189	194.381	2773.85	0.00382737	1.2961	8.24451
32	0.04822	0.917736	1.16067	2.14064	193.976	2772.53	0.00382121	1.2961	8.15525
33	0.0514816	0.912645	1.16237	2.22748	193.564	2771.18	0.00381494	1.2961	8.06386
34	0.0548627	0.907414	1.16409	2.31218	193.145	2769.81	0.00380857	1.2961	7.97042
35	0.0583639	0.902044	1.16584	2.39451	192.721	2768.42	0.00380212	1.2961	7.875
36	0.0619858	0.896536	1.16761	2.47427	192.293	2767.01	0.00379559	1.2961	7.77766
37	0.0657287	0.890893	1.1694	2.55128	191.86	2765.59	0.00378901	1.2961	7.67848
38	0.0695931	0.885115	1.1712	2.62537	191.425	2764.15	0.00378237	1.2961	7.57753
39	0.0735791	0.879204	1.17301	2.69641	190.987	2762.71	0.00377569	1.2961	7.47488
40	0.0776867	0.873163	1.17484	2.76426	190.547	2761.25	0.00376898	1.2961	7.37062
41	0.0819159	0.866992	1.17667	2.82883	190.106	2759.79	0.00376225	1.2961	7.26482
42	0.0862664	0.860693	1.1785	2.89005	189.665	2758.33	0.00375552	1.2961	7.15755
43	0.0907378	0.854269	1.18034	2.94784	189.224	2756.86	0.00374878	1.2961	7.0489
44	0.0953297	0.84772	1.18217	3.00218	188.785	2755.4	0.00374206	1.2961	6.93895
45	0.100041	0.841049	1.184	3.05305	188.346	2753.93	0.00373535	1.2961	6.82779
46	0.104872	0.834258	1.18583	3.10045	187.91	2752.47	0.00372867	1.2961	6.71548
47	0.109821	0.827348	1.18764	3.14439	187.476	2751.02	0.00372202	1.2961	6.60213
48	0.114887	0.820322	1.18945	3.18491	187.044	2749.57	0.00371541	1.2961	6.4878
49	0.120069	0.813181	1.19125	3.22206	186.616	2748.13	0.00370885	1.2961	6.37259
50	0.125366	0.805927	1.19304	3.25591	186.191	2746.7	0.00370233	1.2961	6.25659
51	0.130777	0.798564	1.19481	3.28653	185.769	2745.28	0.00369585	1.2961	6.13987
52	0.136299	0.791091	1.19658	3.31402	185.351	2743.86	0.00368943	1.2961	6.02252
53	0.141932	0.783513	1.19833	3.33847	184.936	2742.46	0.00368305	1.2961	5.90462
54	0.147674	0.77583	1.20007	3.36	184.524	2741.06	0.00367673	1.2961	5.78627
55	0.153524	0.768046	1.20179	3.37871	184.115	2739.68	0.00367044	1.2961	5.66755
56	0.159479	0.760162	1.20351	3.39473	183.71	2738.3	0.0036642	1.2961	5.54854
57	0.165538	0.75218	1.20522	3.40818	183.306	2736.92	0.003658	1.2961	5.42933
58	0.171699	0.744103	1.20692	3.41919	182.905	2735.55	0.00365182	1.2961	5.30999
59	0.177961	0.735933	1.20862	3.42788	182.506	2734.19	0.00364566	1.2961	5.19062
60	0.184321	0.727673	1.21032	3.43437	182.107	2732.82	0.00363952	1.2961	5.0713
61	0.190779	0.719325	1.21202	3.4388	181.709	2731.45	0.00363338	1.2961	4.9521
62	0.197331	0.710891	1.21372	3.44127	181.311	2730.09	0.00362723	1.2961	4.83312
63	0.203976	0.702374	1.21542	3.44192	180.911	2728.71	0.00362106	1.2961	4.71442
64	0.210713	0.693776	1.21714	3.44084	180.51	2727.33	0.00361486	1.2961	4.59609
65	0.217539	0.6851	1.21887	3.43814	180.106	2725.93	0.00360862	1.2961	4.47821
66	0.224454	0.676348	1.22062	3.43393	179.698	2724.52	0.00360231	1.2961	4.36085
67	0.231455	0.667523	1.2224	3.42829	179.285	2723.09	0.00359593	1.2961	4.24409
68	0.23854	0.658627	1.22419	3.42131	178.867	2721.64	0.00358946	1.2961	4.12801
69	0.245708	0.649663	1.22602	3.41306	178.443	2720.16	0.00358288	1.2961	4.01267
70	0.252958	0.640634	1.22789	3.40361	178.011	2718.65	0.00357619	1.2961	3.89815
71	0.260287	0.631543	1.22979	3.39302	177.57	2717.11	0.00356935	1.2961	3.78453
72	0.267695	0.622391	1.23174	3.38134	177.119	2715.54	0.00356236	1.2961	3.67186
73	0.27518	0.613182	1.23374	3.36862	176.658	2713.92	0.0035552	1.2961	3.56022
74	0.28274	0.603919	1.23579	3.35488	176.185	2712.26	0.00354786	1.2961	3.44967
75	0.290375	0.594604	1.23791	3.34015	175.699	2710.55	0.00354031	1.2961	3.34028
76	0.298082	0.58524	1.24008	3.32446	175.2	2708.79	0.00353254	1.2961	3.23211
77	0.305861	0.575829	1.24232	3.30783	174.686	2706.97	0.00352454	1.2961	3.12523
78	0.31371	0.566376	1.24464	3.29024	174.156	2705.09	0.0035163	1.2961	3.01968
79	0.321628	0.556883	1.24703	3.27172	173.61	2703.15	0.00350779	1.2961	2.91554
80	0.329614	0.547352	1.2495	3.25226	173.047	2701.14	0.003499	1.2961	2.81284
81	0.337667	0.537786	1.25206	3.23184	172.465	2699.07	0.00348992	1.2961	2.71166
82	0.345785	0.528189	1.25471	3.21046	171.865	2696.92	0.00348055	1.2961	2.61204
83	0.353967	0.518563	1.25744	3.18811	171.245	2694.69	0.00347086	1.2961	2.51402
84	0.362212	0.508912	1.26028	3.16476	170.606	2692.39	0.00346085	1.2961	2.41766
85	0.37052	0.499238	1.26321	3.1404	169.945	2690.01	0.00345051	1.2961	2.32301
86	0.378887	0.489545	1.26624	3.11502	169.264	2687.54	0.00343983	1.2961	2.2301
87	0.387314	0.479835	1.26937	3.08858	168.561	2684.98	0.0034288	1.2961	2.13898
88	0.395799	0.470112	1.27262	3.06108	167.836	2682.34	0.00341743	1.2961	2.04968
89	0.40434	0.460379	1.27596	3.03249	167.09	2679.61	0.00340569	1.2961	1.96225
90	0.412936	0.450638	1.27942	3.00278	166.321	2676.79	0.0033936	1.2961	1.87671
91	0.421586	0.440894	1.28299	2.97196	165.53	2673.88	0.00338114	1.2961	1.7931
92	0.430288	0.431149	1.28667	2.93999	164.717	2670.87	0.00336832	1.2961	1.71145
93	0.43904	0.421406	1.29046	2.90687	163.882	2667.77	0.00335514	1.2961	1.63178
94	0.447841	0.41167	1.29436	2.87258	163.025	2664.58	0.0033416	1.2961	1.55411
95	0.456688	0.401942	1.29838	2.83711	162.147	2661.29	0.0033277	1.2961	1.47847
96	0.46558	0.392226	1.3025	2.80046	161.248	2657.91	0.00331345	1.2961	1.40488
97	0.474515	0.382526	1.30674	2.76261	160.327	2654.44	0.00329885	1.2961	1.33335
98	0.48349	0.372845	1.31109	2.72358	159.387	2650.88	0.00328391	1.2961	1.26389
99	0.492503	0.363186	1.31554	2.68336	158.427	2647.22	0.00326864	1.2961	1.19652
100	0.501551	0.353553	1.32011	2.64196	157.448	2643.47	0.00325305	1.2961	1.13124
101	0.510632	0.343949	1.32477	2.59937	156.451	2639.64	0.00323714	1.2961	1.06805
102	0.519742	0.334378	1.32954	2.55561	155.436	2635.72	0.00322093	1.2961	1.00697
103	0.52888	0.324842	1.33441	2.5107	154.406	2631.72	0.00320444	1.2961	0.947981
104	0.538041	0.315346	1.33937	2.46464	153.359	2627.63	0.00318767	1.2961	0.891089
105	0.547223	0.305893	1.34443	2.41746	152.298	2623.47	0.00317064	1.2961	0.836283
106	0.556422	0.296487	1.34957	2.36916	151.224	2619.23	0.00315336	1.2961	0.783557
107	0.565634	0.287131	1.3548	2.31978	150.137	2614.91	0.00313586	1.2961	0.732897
108	0.574855	0.277828	1.36011	2.26934	149.039	2610.53	0.00311815	1.2961	0.684289
109	0.584081	0.268584	1.3655	2.21786	147.931	2606.09	0.00310025	1.2961	0.637716
110	0.593308	0.2594	1.37096	2.16538	146.814	2601.58	0.00308218	1.2961	0.593158
111	0.602532	0.250281	1.37648	2.11191	145.689	2597.01	0.00306395	1.2961	0.550593
112	0.611747	0.241231	1.38206	2.0575	144.559	2592.39	0.00304559	1.2961	0.509995
113	0.620949	0.232254	1.38771	2.00218	143.423	2587.73	0.00302712	1.2961	0.471338
114	0.630133	0.223353	1.3934	1.94598	142.284	2583.02	0.00300855	1.2961	0.434592
115	0.639294	0.214533	1.39913	1.88895	141.143	2578.27	0.00298992	1.2961	0.399725
116	0.648425	0.205797	1.4049	1.83112	140.001	2573.49	0.00297123	1.2961	0.366703
117	0.657522	0.19715	1.41071	1.77255	138.86	2568.68	0.00295252	1.2961	0.335489
118	0.666578	0.188595	1.41653	1.71326	137.72	2563.85	0.00293381	1.2961	0.306044
119	0.675587	0.180137	1.42238	1.65333	136.584	2559	0.00291512	1.2961	0.27833
120	0.684542	0.17178	1.42824	1.59278	135.452	2554.14	0.00289647	1.2961	0.252304
121	0.693438	0.163529	1.4341	1.53169	134.327	2549.28	0.00287788	1.2961	0.227921
122	0.702266	0.155388	1.43996	1.47011	133.209	2544.42	0.00285938	1.2961	0.205136
123	0.711021	0.147362	1.44581	1.4081	132.099	2539.56	0.00284099	1.2961	0.183902
124	0.719695	0.139455	1.45164	1.34572	131	2534.72	0.00282274	1.2961	0.164171
125	0.728279	0.131672	1.45745	1.28306	129.913	2529.89	0.00280464	1.2961	0.145893
126	0.736767	0.124019	1.46322	1.22017	128.838	2525.1	0.00278672	1.2961	0.129016
127	0.74515	0.116499	1.46896	1.15715	127.778	2520.33	0.00276901	1.2961	0.113489
128	0.753419	0.10912	1.47464	1.09408	126.733	2515.61	0.00275152	1.2961	0.0992582
129	0.761566	0.101886	1.48027	1.03104	125.705	2510.93	0.00273428	1.2961	0.0862694
130	0.769582	0.0948022	1.48583	0.968147	124.695	2506.31	0.00271732	1.2961	0.0744679
131	0.777457	0.0878758	1.49132	0.905492	123.704	2501.75	0.00270066	1.2961	0.063798
132	0.785182	0.0811128	1.49673	0.843192	122.735	2497.26	0.00268431	1.2961	0.0542037
133	0.788963	0.0745198	1.49924	0.777354	122.287	2495.17	0.00267675	1.2961	0.0456894
134	0.789884	0.0681039	1.49965	0.710237	122.213	2494.83	0.00267549	1.2961	0.0381503
135	0.79033	0.0618726	1.49975	0.644773	122.195	2494.74	0.0026752	1.2961	0.0314851
136	0.790762	0.0558341	1.49987	0.581497	122.175	2494.65	0.00267485	1.2961	0.0256367
137	0.791178	0.0499971	1.5	0.520462	122.151	2494.54	0.00267445	1.2961	0.0205545
138	0.791378	0.044371	1.5	0.46161	122.151	2494.54	0.00267446	1.2961	0.0161884
139	0.791474	0.0389664	1.49994	0.405131	122.161	2494.59	0.00267463	1.2961	0.0124849
140	0.791657	0.033795	1.49997	0.351229	122.156	2494.56	0.00267454	1.2961	0.00939056
141	0.791744	0.0288697	1.49995	0.29992	122.16	2494.58	0.00267461	1.2961	0.0068528
142	0.791827	0.0242056	1.49994	0.25139	122.162	2494.59	0.00267463	1.2961	0.00481737
143	0.791981	0.0198201	1.5	0.20582	122.151	2494.54	0.00267445	1.2961	0.00322979
144	0.792017	0.0157341	1.49999	0.163357	122.154	2494.55	0.00267449	1.2961	0.00203537
145	0.79205	0.0119729	1.49998	0.124291	122.154	2494.55	0.00267451	1.2961	0.00117858
146	0.79208	0.00856924	1.49998	0.0889506	122.154	2494.55	0.0026745	1.2961	0.000603727
147	0.792107	0.00556695	1.49999	0.0577841	122.153	2494.55	0.00267448	1.2961	0.000254793
148	0.792118	0.00303068	1.49999	0.0314573	122.152	2494.54	0.00267447	1.2961	7.55149e-05
149	0.792126	0.0010716	1.5	0.0111227	122.152	2494.54	0.00267446	1.2961	9.44088e-06
150	0.792131	0	1.5	0	122.151	2494.54	0.00267445	1.2961	0

Initial Data Line(Throat Plane) 
For a throat radius(in) = 1.0. 
2-D Mass Flow (lbm/s):	9.69057
2-D Gross Thrust (lbf):	1639.2
2-D Isp (lbf-s/lbm):	169.154
For an axisymmeric nozzle ,thrust and massflow are proportional to the throat
radius squared (R*^2). To find these values for a radius other than 1 inch,
multiple the values by the square of the new radius. For example, for a radius
of 3 inches, thrust and massflow would increase by a factor of 9.
2-D C* (ft/s):	4485.12

Based on the total conditions and assuming Mach = 1 at throat
1-D Mass Flow (lbm/s):	9.78396
1-D Gross Thrust (lbf):	1588.87
1-D Gross Isp (lbf-s/lbm):	162.396
1-D C* (ft/s):	4442.31
CD(2-D/1-D):	0.990455

Initial Expansion Angle ThetaB(deg):	11.8034
Massflow error due to grid at end of Kernel (%):	6.27744e+68

Last LRC, DE that effects the nozzle wall contour.
J	X/R*	R/R*	Mach	Theta(deg)	P(psia)	T(R)	Velocity(ft/s)	Density(slug/ft3)	Gamma	
0	2.54628	0	2.768	0	15.5672	1558.1	0.000545686	1.2961
1	2.59772	0.01993	2.768	0	15.5672	1558.1	0.000545686	1.2961
2	2.64916	0.03986	2.768	0	15.5672	1558.1	0.000545686	1.2961
3	2.7006	0.0597899	2.768	0	15.5672	1558.1	0.000545686	1.2961
4	2.75204	0.0797199	2.768	0	15.5672	1558.1	0.000545686	1.2961
5	2.80348	0.0996499	2.768	0	15.5672	1558.1	0.000545686	1.2961
6	2.85492	0.11958	2.768	0	15.5672	1558.1	0.000545686	1.2961
7	2.90636	0.13951	2.768	0	15.5672	1558.1	0.000545686	1.2961
8	2.9578	0.15944	2.768	0	15.5672	1558.1	0.000545686	1.2961
9	3.00924	0.17937	2.768	0	15.5672	1558.1	0.000545686	1.2961
10	3.06068	0.1993	2.768	0	15.5672	1558.1	0.000545686	1.2961
11	3.11212	0.21923	2.768	0	15.5672	1558.1	0.000545686	1.2961
12	3.16356	0.23916	2.768	0	15.5672	1558.1	0.000545686	1.2961
13	3.215	0.25909	2.768	0	15.5672	1558.1	0.000545686	1.2961
14	3.26644	0.27902	2.768	0	15.5672	1558.1	0.000545686	1.2961
15	3.31788	0.29895	2.768	0	15.5672	1558.1	0.000545686	1.2961
16	3.36932	0.31888	2.768	0	15.5672	1558.1	0.000545686	1.2961
17	3.42076	0.33881	2.768	0	15.5672	1558.1	0.000545686	1.2961
18	3.4722	0.35874	2.768	0	15.5672	1558.1	0.000545686	1.2961
19	3.52364	0.37867	2.768	0	15.5672	1558.1	0.000545686	1.2961
20	3.57508	0.3986	2.768	0	15.5672	1558.1	0.000545686	1.2961
21	3.62652	0.41853	2.768	0	15.5672	1558.1	0.000545686	1.2961
22	3.67796	0.438459	2.768	0	15.5672	1558.1	0.000545686	1.2961
23	3.7294	0.458389	2.768	0	15.5672	1558.1	0.000545686	1.2961
24	3.78084	0.478319	2.768	0	15.5672	1558.1	0.000545686	1.2961
25	3.83228	0.498249	2.768	0	15.5672	1558.1	0.000545686	1.2961
26	3.88372	0.518179	2.768	0	15.5672	1558.1	0.000545686	1.2961
27	3.93516	0.538109	2.768	0	15.5672	1558.1	0.000545686	1.2961
28	3.98661	0.558039	2.768	0	15.5672	1558.1	0.000545686	1.2961
29	4.03805	0.577969	2.768	0	15.5672	1558.1	0.000545686	1.2961
30	4.08949	0.597899	2.768	0	15.5672	1558.1	0.000545686	1.2961
31	4.14093	0.617829	2.768	0	15.5672	1558.1	0.000545686	1.2961
32	4.19237	0.637759	2.768	0	15.5672	1558.1	0.000545686	1.2961
33	4.24381	0.657689	2.768	0	15.5672	1558.1	0.000545686	1.2961
34	4.29525	0.677619	2.768	0	15.5672	1558.1	0.000545686	1.2961
35	4.34669	0.697549	2.768	0	15.5672	1558.1	0.000545686	1.2961
36	4.39813	0.717479	2.768	0	15.5672	1558.1	0.000545686	1.2961
37	4.44957	0.737409	2.768	0	15.5672	1558.1	0.000545686	1.2961
38	4.50101	0.757339	2.768	0	15.5672	1558.1	0.000545686	1.2961
39	4.55245	0.777269	2.768	0	15.5672	1558.1	0.000545686	1.2961
40	4.60389	0.797199	2.768	0	15.5672	1558.1	0.000545686	1.2961
41	4.65533	0.817129	2.768	0	15.5672	1558.1	0.000545686	1.2961
42	4.70677	0.837059	2.768	0	15.5672	1558.1	0.000545686	1.2961
43	4.75821	0.856989	2.768	0	15.5672	1558.1	0.000545686	1.2961
44	4.80965	0.876919	2.768	0	15.5672	1558.1	0.000545686	1.2961
45	4.86109	0.896849	2.768	0	15.5672	1558.1	0.000545686	1.2961
46	4.91253	0.916779	2.768	0	15.5672	1558.1	0.000545686	1.2961
47	4.96397	0.936709	2.768	0	15.5672	1558.1	0.000545686	1.2961
48	5.01541	0.956639	2.768	0	15.5672	1558.1	0.000545686	1.2961
49	5.06685	0.976569	2.768	0	15.5672	1558.1	0.000545686	1.2961
50	5.11829	0.996499	2.768	0	15.5672	1558.1	0.000545686	1.2961
51	5.16973	1.01643	2.768	0	15.5672	1558.1	0.000545686	1.2961
52	5.22117	1.03636	2.768	0	15.5672	1558.1	0.000545686	1.2961
53	5.27261	1.05629	2.768	0	15.5672	1558.1	0.000545686	1.2961
54	5.32405	1.07622	2.768	0	15.5672	1558.1	0.000545686	1.2961
55	5.37549	1.09615	2.768	0	15.5672	1558.1	0.000545686	1.2961
56	5.42693	1.11608	2.768	0	15.5672	1558.1	0.000545686	1.2961
57	5.47837	1.13601	2.768	0	15.5672	1558.1	0.000545686	1.2961
58	5.52981	1.15594	2.768	0	15.5672	1558.1	0.000545686	1.2961
59	5.58125	1.17587	2.768	0	15.5672	1558.1	0.000545686	1.2961
60	5.63269	1.1958	2.768	0	15.5672	1558.1	0.000545686	1.2961
61	5.68413	1.21573	2.768	0	15.5672	1558.1	0.000545686	1.2961
62	5.73557	1.23566	2.768	0	15.5672	1558.1	0.000545686	1.2961
63	5.78702	1.25559	2.768	0	15.5672	1558.1	0.000545686	1.2961
64	5.83846	1.27552	2.768	0	15.5672	1558.1	0.000545686	1.2961
65	5.8899	1.29545	2.768	0	15.5672	1558.1	0.000545686	1.2961
66	5.94134	1.31538	2.768	0	15.5672	1558.1	0.000545686	1.2961
67	5.99278	1.33531	2.768	0	15.5672	1558.1	0.000545686	1.2961
68	6.04422	1.35524	2.768	0	15.5672	1558.1	0.000545686	1.2961
69	6.09566	1.37517	2.768	0	15.5672	1558.1	0.000545686	1.2961
70	6.1471	1.3951	2.768	0	15.5672	1558.1	0.000545686	1.2961
71	6.19854	1.41503	2.768	0	15.5672	1558.1	0.000545686	1.2961
72	6.24998	1.43496	2.768	0	15.5672	1558.1	0.000545686	1.2961
73	6.30142	1.45489	2.768	0	15.5672	1558.1	0.000545686	1.2961
74	6.35286	1.47482	2.768	0	15.5672	1558.1	0.000545686	1.2961
75	6.4043	1.49475	2.768	0	15.5672	1558.1	0.000545686	1.2961
76	6.45574	1.51468	2.768	0	15.5672	1558.1	0.000545686	1.2961
77	6.50718	1.53461	2.768	0	15.5672	1558.1	0.000545686	1.2961
78	6.55862	1.55454	2.768	0	15.5672	1558.1	0.000545686	1.2961
79	6.61006	1.57447	2.768	0	15.5672	1558.1	0.000545686	1.2961
80	6.6615	1.5944	2.768	0	15.5672	1558.1	0.000545686	1.2961
81	6.71294	1.61433	2.768	0	15.5672	1558.1	0.000545686	1.2961
82	6.76438	1.63426	2.768	0	15.5672	1558.1	0.000545686	1.2961
83	6.81582	1.65419	2.768	0	15.5672	1558.1	0.000545686	1.2961
84	6.86726	1.67412	2.768	0	15.5672	1558.1	0.000545686	1.2961
85	6.9187	1.69405	2.768	0	15.5672	1558.1	0.000545686	1.2961
86	6.97014	1.71398	2.768	0	15.5672	1558.1	0.000545686	1.2961
87	7.02158	1.73391	2.768	0	15.5672	1558.1	0.000545686	1.2961
88	7.07302	1.75384	2.768	0	15.5672	1558.1	0.000545686	1.2961
89	7.12446	1.77377	2.768	0	15.5672	1558.1	0.000545686	1.2961
90	7.1759	1.7937	2.768	0	15.5672	1558.1	0.000545686	1.2961
91	7.22734	1.81363	2.768	0	15.5672	1558.1	0.000545686	1.2961
92	7.27878	1.83356	2.768	0	15.5672	1558.1	0.000545686	1.2961
93	7.33022	1.85349	2.768	0	15.5672	1558.1	0.000545686	1.2961
94	7.38166	1.87342	2.768	0	15.5672	1558.1	0.000545686	1.2961
95	7.4331	1.89335	2.768	0	15.5672	1558.1	0.000545686	1.2961
96	7.48454	1.91328	2.768	0	15.5672	1558.1	0.000545686	1.2961
97	7.53598	1.93321	2.768	0	15.5672	1558.1	0.000545686	1.2961
98	7.58743	1.95314	2.768	0	15.5672	1558.1	0.000545686	1.2961
99	7.63887	1.97307	2.768	0	15.5672	1558.1	0.000545686	1.2961
100	7.69031	1.993	2.768	0	15.5672	1558.1	0.000545686	1.2961


Calculated wall contour
J	X/R*	R/R*	Mach	Theta(deg)	P(psia)	T(R)	Density(slug/ft3)	Gamma	Mass Flow (lbm)	%Dif in Mdot
0	0	1	1.1318	0	201.069	2795.37	0.00392857	1.2961	9.69057	0
1	8.7225e-05	1	1.13227	0.0130828	200.951	2794.99	0.00392679	1.2961	9.71869	0.290212
2	0.00034926	1	1.13371	0.0523852	200.596	2793.86	0.00392144	1.2961	9.71968	0.300381
3	0.000787231	1	1.13609	0.118076	200.006	2791.98	0.00391253	1.2961	9.72016	0.305366
4	0.00140301	1	1.13943	0.210436	199.182	2789.35	0.00390009	1.2961	9.72022	0.306052
5	0.00219916	1.00001	1.14371	0.329851	198.126	2785.97	0.00388413	1.2961	9.71996	0.303365
6	0.00317888	1.00001	1.14894	0.476803	196.841	2781.83	0.00386468	1.2961	9.71947	0.298273
7	0.00434597	1.00002	1.15512	0.651862	195.329	2776.93	0.00384176	1.2961	9.71884	0.291803
8	0.00570471	1.00004	1.16225	0.855675	193.594	2771.28	0.0038154	1.2961	9.71819	0.285053
9	0.00725983	1.00007	1.17032	1.08896	191.638	2764.86	0.00378562	1.2961	9.71764	0.27939
10	0.00809306	1.00009	1.17461	1.21396	190.602	2761.43	0.00376981	1.2961	9.71756	0.278562
11	0.00901653	1.00011	1.17934	1.35251	189.464	2757.66	0.00375245	1.2961	9.7175	0.277886
12	0.00984967	1.00013	1.18359	1.47751	188.445	2754.26	0.00373686	1.2961	9.7175	0.277903
13	0.0109802	1.00016	1.18932	1.64714	187.076	2749.68	0.00371591	1.2961	9.71748	0.277732
14	0.0118133	1.00018	1.19353	1.77214	186.075	2746.31	0.00370055	1.2961	9.71748	0.277712
15	0.0131567	1.00023	1.20026	1.97376	184.477	2740.91	0.00367601	1.2961	9.71746	0.277518
16	0.0139896	1.00026	1.20443	2.09876	183.494	2737.56	0.00366088	1.2961	9.71746	0.277484
17	0.0155522	1.00032	1.21219	2.3333	181.67	2731.32	0.00363277	1.2961	9.71744	0.277269
18	0.0163848	1.00035	1.21631	2.4583	180.704	2728	0.00361787	1.2961	9.71743	0.277232
19	0.0172174	1.00039	1.22041	2.5833	179.747	2724.69	0.00360307	1.2961	9.71743	0.277163
20	0.0181729	1.00043	1.2251	2.72676	178.656	2720.9	0.00358619	1.2961	9.71742	0.277133
21	0.0190053	1.00047	1.22919	2.85176	177.71	2717.6	0.00357153	1.2961	9.71742	0.277093
22	0.0198376	1.00052	1.23325	2.97676	176.77	2714.31	0.00355695	1.2961	9.71742	0.277073
23	0.0210256	1.00058	1.23903	3.1552	175.441	2709.64	0.00353629	1.2961	9.71741	0.277012
24	0.0218577	1.00063	1.24308	3.2802	174.513	2706.36	0.00352185	1.2961	9.71741	0.27699
25	0.0226896	1.00067	1.24711	3.4052	173.592	2703.09	0.0035075	1.2961	9.71741	0.27696
26	0.0241172	1.00076	1.254	3.61972	172.025	2697.49	0.00348305	1.2961	9.7174	0.276909
27	0.0249488	1.00082	1.25801	3.74472	171.117	2694.23	0.00346885	1.2961	9.7174	0.276888
28	0.0257804	1.00087	1.26201	3.86972	170.214	2690.98	0.00345472	1.2961	9.7174	0.276873
29	0.0266118	1.00093	1.266	3.99472	169.317	2687.73	0.00344067	1.2961	9.7174	0.276854
30	0.027455	1.00099	1.27003	4.12149	168.413	2684.45	0.00342648	1.2961	9.71739	0.276838
31	0.0282861	1.00105	1.27402	4.24649	167.523	2681.2	0.00341251	1.2961	9.71739	0.276821
32	0.0291172	1.00111	1.27799	4.37149	166.639	2677.96	0.00339861	1.2961	9.71739	0.276806
33	0.0299481	1.00118	1.28195	4.49649	165.761	2674.73	0.00338477	1.2961	9.71739	0.276791
34	0.0310466	1.00126	1.28717	4.66178	164.607	2670.46	0.00336658	1.2961	9.71739	0.276767
35	0.0318771	1.00133	1.29112	4.78678	163.736	2667.23	0.00335284	1.2961	9.71739	0.276753
36	0.0327075	1.0014	1.29507	4.91178	162.871	2664	0.00333916	1.2961	9.71738	0.276741
37	0.0335378	1.00148	1.299	5.03678	162.011	2660.78	0.00332554	1.2961	9.71738	0.276728
38	0.0348999	1.0016	1.30544	5.24191	160.61	2655.51	0.00330333	1.2961	9.71738	0.276696
39	0.0357298	1.00167	1.30937	5.36691	159.758	2652.29	0.00328981	1.2961	9.71738	0.276685
40	0.0365594	1.00175	1.31329	5.49191	158.912	2649.07	0.00327636	1.2961	9.71738	0.276675
41	0.0373889	1.00183	1.3172	5.61691	158.07	2645.86	0.00326296	1.2961	9.71738	0.276665
42	0.0390235	1.002	1.32489	5.86333	156.425	2639.54	0.00323672	1.2961	9.71737	0.276621
43	0.0398525	1.00208	1.3288	5.98833	155.593	2636.33	0.00322343	1.2961	9.71737	0.276613
44	0.0406812	1.00217	1.3327	6.11333	154.766	2633.12	0.0032102	1.2961	9.71737	0.276605
45	0.0415098	1.00226	1.3366	6.23833	153.943	2629.91	0.00319703	1.2961	9.71737	0.276598
46	0.0423381	1.00235	1.34049	6.36333	153.125	2626.71	0.00318391	1.2961	9.71737	0.276591
47	0.0434262	1.00248	1.34558	6.52756	152.056	2622.51	0.00316675	1.2961	9.71737	0.276578
48	0.0442541	1.00257	1.34947	6.65256	151.244	2619.31	0.00315369	1.2961	9.71737	0.276572
49	0.0450818	1.00267	1.35336	6.77756	150.436	2616.1	0.00314068	1.2961	9.71737	0.276566
50	0.0459092	1.00277	1.35724	6.90256	149.632	2612.9	0.00312773	1.2961	9.71737	0.276561
51	0.0467365	1.00287	1.36111	7.02756	148.833	2609.71	0.00311483	1.2961	9.71737	0.276556
52	0.0481173	1.00304	1.36757	7.23629	147.507	2604.38	0.00309339	1.2961	9.71736	0.276538
53	0.048944	1.00315	1.37144	7.36129	146.714	2601.18	0.00308057	1.2961	9.71736	0.276534
54	0.0497704	1.00326	1.37531	7.48629	145.926	2597.98	0.00306779	1.2961	9.71736	0.27653
55	0.0505966	1.00337	1.37918	7.61129	145.142	2594.78	0.00305506	1.2961	9.71736	0.276527
56	0.0514225	1.00348	1.38304	7.73629	144.362	2591.59	0.00304238	1.2961	9.71736	0.276525
57	0.0522482	1.00359	1.3869	7.86129	143.585	2588.39	0.00302975	1.2961	9.71736	0.276523
58	0.0531069	1.00371	1.39091	7.99134	142.781	2585.08	0.00301666	1.2961	9.71736	0.276521
59	0.0539321	1.00383	1.39477	8.11634	142.009	2581.88	0.00300406	1.2961	9.71736	0.276519
60	0.054757	1.00394	1.39864	8.24134	141.241	2578.68	0.00299152	1.2961	9.71736	0.276518
61	0.0555817	1.00407	1.40249	8.36634	140.477	2575.48	0.00297902	1.2961	9.71736	0.276518
62	0.0564061	1.00419	1.40635	8.49134	139.716	2572.29	0.00296656	1.2961	9.71736	0.276517
63	0.0572302	1.00431	1.4102	8.61634	138.959	2569.1	0.00295415	1.2961	9.71736	0.276517
64	0.0584056	1.00449	1.41569	8.79469	137.885	2564.55	0.00293652	1.2961	9.71736	0.276513
65	0.059229	1.00462	1.41955	8.91969	137.134	2561.35	0.00292417	1.2961	9.71736	0.276514
66	0.0600522	1.00475	1.4234	9.04469	136.386	2558.15	0.00291186	1.2961	9.71736	0.276516
67	0.0608751	1.00488	1.42726	9.16969	135.641	2554.96	0.00289959	1.2961	9.71736	0.276517
68	0.0616977	1.00502	1.43111	9.29469	134.901	2551.76	0.00288737	1.2961	9.71736	0.276519
69	0.06252	1.00515	1.43495	9.41969	134.164	2548.57	0.00287518	1.2961	9.71736	0.276522
70	0.0640246	1.0054	1.44199	9.64853	132.823	2542.73	0.00285299	1.2961	9.71736	0.276514
71	0.0648461	1.00554	1.44585	9.77353	132.093	2539.53	0.00284088	1.2961	9.71736	0.276518
72	0.0656672	1.00569	1.4497	9.89853	131.366	2536.33	0.00282881	1.2961	9.71736	0.276521
73	0.0664881	1.00583	1.45355	10.0235	130.642	2533.13	0.00281678	1.2961	9.71736	0.276526
74	0.0673086	1.00598	1.4574	10.1485	129.922	2529.94	0.00280479	1.2961	9.71736	0.27653
75	0.0681288	1.00612	1.46125	10.2735	129.205	2526.74	0.00279285	1.2961	9.71736	0.276535
76	0.0689487	1.00627	1.46509	10.3985	128.492	2523.55	0.00278094	1.2961	9.71736	0.27654
77	0.0699763	1.00646	1.46991	10.5553	127.602	2519.54	0.00276607	1.2961	9.71737	0.276545
78	0.0707954	1.00662	1.47377	10.6803	126.893	2516.34	0.0027542	1.2961	9.71737	0.276551
79	0.0716142	1.00677	1.47762	10.8053	126.187	2513.13	0.00274238	1.2961	9.71737	0.276558
80	0.0724326	1.00693	1.48148	10.9303	125.485	2509.93	0.00273059	1.2961	9.71737	0.276565
81	0.0732507	1.00709	1.48533	11.0553	124.786	2506.73	0.00271885	1.2961	9.71737	0.276572
82	0.0740685	1.00725	1.48918	11.1803	124.09	2503.53	0.00270714	1.2961	9.71737	0.276579
83	0.0748859	1.00741	1.49303	11.3053	123.397	2500.33	0.00269548	1.2961	9.71737	0.276587
84	0.0762735	1.00769	1.49957	11.5176	122.228	2494.9	0.00267575	1.2961	9.71737	0.276592
85	0.0770899	1.00786	1.50343	11.6426	121.541	2491.69	0.00266414	1.2961	9.71737	0.276601
86	0.077906	1.00803	1.50729	11.7676	120.857	2488.48	0.00265257	1.2961	9.71737	0.27661
87	0.0781396	1.00808	1.5084	11.8034	120.662	2487.56	0.00264927	1.2961	9.71737	0.276613
88	0.0902578	1.01066	1.5227	12.2733	118.159	2475.68	0.00260676	1.2961	9.71737	0.276613
89	0.111138	1.0153	1.53786	12.745	115.55	2463.08	0.00256223	1.2961	9.71737	0.276613
90	0.137286	1.02132	1.5537	13.1861	112.873	2449.92	0.00251632	1.2961	9.71737	0.276613
91	0.167568	1.02853	1.57026	13.585	110.126	2436.17	0.00246893	1.2961	9.71737	0.276613
92	0.201318	1.0368	1.58752	13.9379	107.322	2421.86	0.00242029	1.2961	9.71737	0.276613
93	0.238071	1.04604	1.60538	14.2449	104.481	2407.06	0.0023707	1.2961	9.71737	0.276613
94	0.277476	1.05614	1.62372	14.508	101.627	2391.88	0.00232058	1.2961	9.71737	0.276613
95	0.319249	1.06704	1.64242	14.7304	98.784	2376.43	0.00227034	1.2961	9.71737	0.276613
96	0.363159	1.07866	1.66135	14.9158	95.9732	2360.81	0.00222033	1.2961	9.71737	0.276613
97	0.409008	1.09094	1.6804	15.0676	93.2116	2345.11	0.00217087	1.2961	9.71737	0.276613
98	0.456625	1.10382	1.6995	15.189	90.5117	2329.42	0.0021222	1.2961	9.71737	0.276613
99	0.505865	1.11724	1.71856	15.2824	87.8818	2313.78	0.00207446	1.2961	9.71737	0.276613
100	0.556599	1.13113	1.73756	15.3501	85.3267	2298.23	0.00202777	1.2961	9.71737	0.276613
101	0.608715	1.14546	1.75646	15.3939	82.8485	2282.81	0.00198218	1.2961	9.71737	0.276613
102	0.662121	1.16018	1.77525	15.4149	80.4465	2267.52	0.00193769	1.2961	9.71737	0.276613
103	0.716724	1.17524	1.79391	15.4147	78.1212	2252.38	0.00189433	1.2961	9.71737	0.276613
104	0.772459	1.1906	1.81245	15.394	75.8689	2237.37	0.00185205	1.2961	9.71737	0.276613
105	0.829252	1.20621	1.83086	15.3542	73.6894	2222.52	0.00181087	1.2961	9.71737	0.276613
106	0.887057	1.22206	1.84916	15.2957	71.5785	2207.81	0.00177071	1.2961	9.71737	0.276612
107	0.945818	1.23809	1.86733	15.22	69.5355	2193.26	0.00173159	1.2961	9.71737	0.276613
108	1.00549	1.25427	1.88537	15.128	67.5584	2178.85	0.00169348	1.2961	9.71737	0.276613
109	1.06605	1.27059	1.9033	15.0204	65.6442	2164.59	0.00165634	1.2961	9.71737	0.276612
110	1.12745	1.28699	1.9211	14.8983	63.7918	2150.48	0.00162016	1.2961	9.71737	0.276611
111	1.18968	1.30347	1.93878	14.7628	61.9996	2136.53	0.00158492	1.2961	9.71737	0.276611
112	1.25269	1.31999	1.95619	14.6189	60.2788	2122.83	0.00155088	1.2961	9.71737	0.276612
113	1.31645	1.33654	1.97265	14.4892	58.692	2109.93	0.00151928	1.2961	9.71737	0.276613
114	1.38092	1.35312	1.98901	14.3479	57.1534	2097.17	0.00148846	1.2961	9.71737	0.276613
115	1.44608	1.36969	2.00536	14.1927	55.6527	2084.46	0.00145821	1.2961	9.71737	0.276612
116	1.51192	1.38625	2.0215	14.0306	54.2069	2071.96	0.0014289	1.2961	9.71737	0.276611
117	1.57843	1.40276	2.03773	13.8529	52.788	2059.44	0.00139995	1.2961	9.71737	0.276611
118	1.6456	1.41922	2.05369	13.6717	51.4269	2047.19	0.00137202	1.2961	9.71737	0.276611
119	1.71343	1.43559	2.06969	13.4776	50.0948	2034.95	0.00134452	1.2961	9.71737	0.276611
120	1.7819	1.45188	2.08542	13.2812	48.8171	2022.98	0.00131798	1.2961	9.71737	0.27661
121	1.85102	1.46806	2.10125	13.0711	47.5615	2010.97	0.00129175	1.2961	9.71737	0.276611
122	1.92077	1.48412	2.11668	12.8637	46.3674	1999.32	0.00126665	1.2961	9.71737	0.27661
123	1.99115	1.50005	2.13227	12.6421	45.1891	1987.6	0.00124175	1.2961	9.71737	0.276611
124	2.06217	1.51584	2.14758	12.4203	44.06	1976.14	0.00121774	1.2961	9.71737	0.276613
125	2.1338	1.53147	2.16279	12.1933	42.9649	1964.81	0.00119432	1.2961	9.71737	0.276613
126	2.20606	1.54693	2.17805	11.9566	41.8916	1953.49	0.00117123	1.2961	9.71737	0.276612
127	2.27895	1.5622	2.19303	11.7211	40.8634	1942.43	0.00114899	1.2961	9.71737	0.276612
128	2.35249	1.57728	2.20871	11.4576	39.8127	1930.91	0.00112613	1.2961	9.71737	0.276612
129	2.42666	1.59215	2.22318	11.2231	38.866	1920.32	0.00110541	1.2961	9.71737	0.276607
130	2.50142	1.60683	2.23737	10.9906	37.9586	1909.98	0.00108545	1.2961	9.71737	0.27661
131	2.57677	1.6213	2.25146	10.755	37.078	1899.77	0.00106597	1.2961	9.71737	0.27661
132	2.65272	1.63556	2.26567	10.5101	36.2098	1889.51	0.00104666	1.2961	9.71737	0.276596
133	2.7293	1.6496	2.28004	10.2551	35.3514	1879.19	0.00102746	1.2961	9.71737	0.276613
134	2.80651	1.66337	2.29487	9.98115	34.4861	1868.58	0.001008	1.2961	9.71737	0.276606
135	2.88439	1.67688	2.31015	9.68933	33.6163	1857.7	0.000988329	1.2961	9.71737	0.276608
136	2.96295	1.6901	2.32429	9.42573	32.8303	1847.69	0.000970451	1.2961	9.71737	0.276608
137	3.04214	1.70306	2.3386	9.15293	32.0534	1837.61	0.000952684	1.2961	9.71737	0.27661
138	3.12196	1.71573	2.35226	8.89404	31.328	1828.02	0.000936007	1.2961	9.71737	0.276599
139	3.20243	1.72813	2.36596	8.63018	30.6168	1818.46	0.000919569	1.2961	9.71737	0.276609
140	3.2835	1.74025	2.37921	8.37469	29.9437	1809.25	0.000903931	1.2961	9.71737	0.276583
141	3.36522	1.7521	2.39234	8.11924	29.291	1800.16	0.000888691	1.2961	9.71737	0.276606
142	3.44755	1.76366	2.40519	7.86809	28.6659	1791.31	0.000874023	1.2961	9.71737	0.276613
143	3.53047	1.77493	2.41804	7.6134	28.0541	1782.5	0.000859594	1.2961	9.71737	0.276609
144	3.61398	1.78591	2.43052	7.36541	27.4717	1773.98	0.000845793	1.2961	9.71737	0.276608
145	3.69811	1.7966	2.44281	7.11973	26.9101	1765.63	0.000832422	1.2961	9.71737	0.276607
146	3.78285	1.807	2.45495	6.8753	26.3665	1757.42	0.000819417	1.2961	9.71737	0.276613
147	3.86812	1.8171	2.4668	6.63562	25.8463	1749.44	0.000806916	1.2961	9.71737	0.276586
148	3.95404	1.82691	2.47854	6.39627	25.3407	1741.56	0.00079471	1.2961	9.71737	0.276609
149	4.04052	1.83643	2.49004	6.16081	24.8553	1733.88	0.000782938	1.2961	9.71737	0.276611
150	4.12757	1.84564	2.50133	5.92847	24.3876	1726.37	0.000771549	1.2961	9.71737	0.276609
151	4.21519	1.85456	2.51243	5.6986	23.9362	1719.02	0.000760506	1.2961	9.71737	0.276612
152	4.30338	1.86319	2.52333	5.47167	23.501	1711.83	0.000749814	1.2961	9.71737	0.27661
153	4.39211	1.87151	2.53401	5.24814	23.082	1704.81	0.00073948	1.2961	9.71737	0.276607
154	4.48143	1.87954	2.54452	5.02734	22.6774	1697.93	0.000729458	1.2961	9.71737	0.276613
155	4.57126	1.88727	2.5548	4.80991	22.2879	1691.23	0.000719772	1.2961	9.71737	0.27661
156	4.66163	1.89471	2.56488	4.59584	21.9127	1684.68	0.000710406	1.2961	9.71737	0.276605
157	4.75259	1.90185	2.57479	4.38458	21.5502	1678.27	0.000701321	1.2961	9.71737	0.276613
158	4.84404	1.90869	2.58447	4.17701	21.2017	1672.03	0.000692554	1.2961	9.71737	0.276611
159	4.93598	1.91524	2.59393	3.97314	20.8664	1665.95	0.00068409	1.2961	9.71737	0.276597
160	5.02851	1.92151	2.60324	3.77193	20.542	1660	0.00067587	1.2961	9.71737	0.276612
161	5.12152	1.92748	2.61232	3.57456	20.2303	1654.21	0.000667943	1.2961	9.71737	0.276611
162	5.21504	1.93316	2.62119	3.38078	19.9302	1648.57	0.000660285	1.2961	9.71737	0.276613
163	5.30905	1.93856	2.62986	3.19063	19.6414	1643.09	0.00065289	1.2961	9.71737	0.276612
164	5.40354	1.94367	2.63831	3.00422	19.3637	1637.75	0.000645756	1.2961	9.71737	0.276612
165	5.49852	1.9485	2.64657	2.82146	19.0964	1632.56	0.000638867	1.2961	9.71737	0.276611
166	5.59395	1.95305	2.6546	2.64281	18.8399	1627.52	0.000632238	1.2961	9.71737	0.276606
167	5.6899	1.95733	2.66245	2.4674	18.5925	1622.61	0.000625822	1.2961	9.71737	0.276613
168	5.78627	1.96134	2.67007	2.29626	18.3555	1617.86	0.000619657	1.2961	9.71737	0.276612
169	5.88311	1.96508	2.67749	2.12894	18.1277	1613.26	0.000613716	1.2961	9.71737	0.276613
170	5.98036	1.96856	2.68467	1.96599	17.9097	1608.8	0.000608014	1.2961	9.71737	0.276612
171	6.07806	1.97178	2.69165	1.80698	17.7005	1604.49	0.000602527	1.2961	9.71737	0.276612
172	6.17618	1.97474	2.69841	1.65224	17.5002	1600.32	0.000597261	1.2961	9.71737	0.276613
173	6.2747	1.97745	2.70494	1.50196	17.3089	1596.31	0.000592217	1.2961	9.71737	0.276612
174	6.37363	1.97992	2.71125	1.35611	17.1262	1592.45	0.000587387	1.2961	9.71737	0.276613
175	6.47296	1.98215	2.71733	1.21474	16.9518	1588.73	0.000582766	1.2961	9.71737	0.276612
176	6.57266	1.98414	2.72319	1.07802	16.7857	1585.16	0.000578355	1.2961	9.71737	0.276613
177	6.67272	1.98591	2.72879	0.946426	16.6282	1581.75	0.000574165	1.2961	9.71737	0.276613
178	6.77313	1.98746	2.73414	0.820102	16.4793	1578.5	0.000570194	1.2961	9.71737	0.276612
179	6.87391	1.98879	2.73926	0.698573	16.338	1575.4	0.000566419	1.2961	9.71737	0.276613
180	6.975	1.98992	2.7441	0.582782	16.2053	1572.46	0.000562866	1.2961	9.71737	0.276613
181	7.0764	1.99085	2.74867	0.4731	16.0814	1569.71	0.000559541	1.2961	9.71737	0.276613
182	7.1781	1.9916	2.75293	0.37007	15.9665	1567.14	0.000556455	1.2961	9.71737	0.276613
183	7.28008	1.99217	2.7569	0.273694	15.8604	1564.76	0.0005536	1.2961	9.71737	0.276613
184	7.38232	1.99258	2.76051	0.185436	15.7645	1562.59	0.000551015	1.2961	9.71737	0.276613
185	7.48479	1.99284	2.76371	0.106686	15.68	1560.67	0.000548734	1.2961	9.71737	0.276613
186	7.58746	1.99297	2.76637	0.0405368	15.6098	1559.07	0.000546838	1.2961	9.71737	0.276613
187	7.69031	1.993	2.768	0	15.5672	1558.1	0.000545686	1.2961	9.71737	0.276613


Nozzle Summary
Throat Radius R* (in):	1.000
Nozzle Length/R*:	7.69031
Expansion Ratio:	3.97204
Exit Area (in2):	12.4785
Surface Area (in2):	82.8793

Nozzle Exit Plane Data
J	X/R*	R/R*	Mach	Theta(deg)	P(psia)	T(R)	Velocity(ft/s)	Density(slug/ft3)	Gamma	Mass Flow (lbm/s)	Stream Thrust(lbf)
137	7.69031	0	2.768	0	15.5672	1558.1	6387.05	0.000545686	1.2961	0	0
138	7.69031	0.03986	2.768	0	15.5672	1558.1	6387.05	0.000545686	1.2961	0.00388695	0.849323
139	7.69031	0.0797199	2.768	0	15.5672	1558.1	6387.05	0.000545686	1.2961	0.0155478	3.39729
140	7.69031	0.11958	2.768	0	15.5672	1558.1	6387.05	0.000545686	1.2961	0.0349825	7.6439
141	7.69031	0.15944	2.768	0	15.5672	1558.1	6387.05	0.000545686	1.2961	0.0621912	13.5892
142	7.69031	0.1993	2.768	0	15.5672	1558.1	6387.05	0.000545686	1.2961	0.0971737	21.2331
143	7.69031	0.23916	2.768	0	15.5672	1558.1	6387.05	0.000545686	1.2961	0.13993	30.5756
144	7.69031	0.27902	2.768	0	15.5672	1558.1	6387.05	0.000545686	1.2961	0.19046	41.6168
145	7.69031	0.31888	2.768	0	15.5672	1558.1	6387.05	0.000545686	1.2961	0.248765	54.3567
146	7.69031	0.35874	2.768	0	15.5672	1558.1	6387.05	0.000545686	1.2961	0.314843	68.7951
147	7.69031	0.3986	2.768	0	15.5672	1558.1	6387.05	0.000545686	1.2961	0.388695	84.9323
148	7.69031	0.438459	2.768	0	15.5672	1558.1	6387.05	0.000545686	1.2961	0.470321	102.768
149	7.69031	0.478319	2.768	0	15.5672	1558.1	6387.05	0.000545686	1.2961	0.559721	122.302
150	7.69031	0.518179	2.768	0	15.5672	1558.1	6387.05	0.000545686	1.2961	0.656894	143.536
151	7.69031	0.558039	2.768	0	15.5672	1558.1	6387.05	0.000545686	1.2961	0.761842	166.467
152	7.69031	0.597899	2.768	0	15.5672	1558.1	6387.05	0.000545686	1.2961	0.874563	191.098
153	7.69031	0.637759	2.768	0	15.5672	1558.1	6387.05	0.000545686	1.2961	0.995059	217.427
154	7.69031	0.677619	2.768	0	15.5672	1558.1	6387.05	0.000545686	1.2961	1.12333	245.454
155	7.69031	0.717479	2.768	0	15.5672	1558.1	6387.05	0.000545686	1.2961	1.25937	275.181
156	7.69031	0.757339	2.768	0	15.5672	1558.1	6387.05	0.000545686	1.2961	1.40319	306.606
157	7.69031	0.797199	2.768	0	15.5672	1558.1	6387.05	0.000545686	1.2961	1.55478	339.729
158	7.69031	0.837059	2.768	0	15.5672	1558.1	6387.05	0.000545686	1.2961	1.71414	374.551
159	7.69031	0.876919	2.768	0	15.5672	1558.1	6387.05	0.000545686	1.2961	1.88128	411.072
160	7.69031	0.916779	2.768	0	15.5672	1558.1	6387.05	0.000545686	1.2961	2.0562	449.292
161	7.69031	0.956639	2.768	0	15.5672	1558.1	6387.05	0.000545686	1.2961	2.23888	489.21
162	7.69031	0.996499	2.768	0	15.5672	1558.1	6387.05	0.000545686	1.2961	2.42934	530.827
163	7.69031	1.03636	2.768	0	15.5672	1558.1	6387.05	0.000545686	1.2961	2.62758	574.142
164	7.69031	1.07622	2.768	0	15.5672	1558.1	6387.05	0.000545686	1.2961	2.83359	619.156
165	7.69031	1.11608	2.768	0	15.5672	1558.1	6387.05	0.000545686	1.2961	3.04737	665.869
166	7.69031	1.15594	2.768	0	15.5672	1558.1	6387.05	0.000545686	1.2961	3.26892	714.28
167	7.69031	1.1958	2.768	0	15.5672	1558.1	6387.05	0.000545686	1.2961	3.49825	764.39
168	7.69031	1.23566	2.768	0	15.5672	1558.1	6387.05	0.000545686	1.2961	3.73536	816.199
169	7.69031	1.27552	2.768	0	15.5672	1558.1	6387.05	0.000545686	1.2961	3.98024	869.707
170	7.69031	1.31538	2.768	0	15.5672	1558.1	6387.05	0.000545686	1.2961	4.23289	924.912
171	7.69031	1.35524	2.768	0	15.5672	1558.1	6387.05	0.000545686	1.2961	4.49331	981.817
172	7.69031	1.3951	2.768	0	15.5672	1558.1	6387.05	0.000545686	1.2961	4.76151	1040.42
173	7.69031	1.43496	2.768	0	15.5672	1558.1	6387.05	0.000545686	1.2961	5.03749	1100.72
174	7.69031	1.47482	2.768	0	15.5672	1558.1	6387.05	0.000545686	1.2961	5.32123	1162.72
175	7.69031	1.51468	2.768	0	15.5672	1558.1	6387.05	0.000545686	1.2961	5.61275	1226.42
176	7.69031	1.55454	2.768	0	15.5672	1558.1	6387.05	0.000545686	1.2961	5.91205	1291.82
177	7.69031	1.5944	2.768	0	15.5672	1558.1	6387.05	0.000545686	1.2961	6.21912	1358.92
178	7.69031	1.63426	2.768	0	15.5672	1558.1	6387.05	0.000545686	1.2961	6.53396	1427.71
179	7.69031	1.67412	2.768	0	15.5672	1558.1	6387.05	0.000545686	1.2961	6.85658	1498.21
180	7.69031	1.71398	2.768	0	15.5672	1558.1	6387.05	0.000545686	1.2961	7.18697	1570.4
181	7.69031	1.75384	2.768	0	15.5672	1558.1	6387.05	0.000545686	1.2961	7.52513	1644.29
182	7.69031	1.7937	2.768	0	15.5672	1558.1	6387.05	0.000545686	1.2961	7.87107	1719.88
183	7.69031	1.83356	2.768	0	15.5672	1558.1	6387.05	0.000545686	1.2961	8.22478	1797.17
184	7.69031	1.87342	2.768	0	15.5672	1558.1	6387.05	0.000545686	1.2961	8.58627	1876.15
185	7.69031	1.91328	2.768	0	15.5672	1558.1	6387.05	0.000545686	1.2961	8.95553	1956.84
186	7.69031	1.95314	2.768	0	15.5672	1558.1	6387.05	0.000545686	1.2961	9.33256	2039.22
187	7.69031	1.993	2.768	0	15.5672	1558.1	6387.05	0.000545686	1.2961	9.71737	2123.31

Exit Mach at wall:	2.768
Exit Mach at centerline:	2.768
Massflow (lbm/s):	9.71737
Stream Thrust (lbf):	2123.31
Isp (lbf-s/lbm):	218.506
Ideal Isp (lbf-s/lbm:	197.44
Cfg:	1.1067
% diffence in initial and exit mass flow:	0.276613

All of the MOC data can be found in the file MOC_Grid.out
The Streamlines can be found in SL.out
The centerline data can be found in center.out