i	j	x	r	mach	theta	press	temp	Massflow
0	86	0.233409	1.02762	1.56762	13.4979	3.78896	826.551	0.559472
1	86	0.235506	1.02659	1.56811	13.5013	3.78619	826.415	0.558071
2	86	0.239845	1.02447	1.56916	13.5075	3.7803	826.126	0.555179
3	86	0.244259	1.02231	1.57025	13.5129	3.77414	825.823	0.55225
4	86	0.248746	1.02012	1.57139	13.5175	3.76773	825.508	0.549283
5	86	0.253308	1.01789	1.57258	13.5214	3.76106	825.179	0.546279
6	86	0.257943	1.01564	1.57381	13.5244	3.75414	824.838	0.543239
7	86	0.262653	1.01335	1.57509	13.5267	3.74697	824.483	0.540163
8	86	0.267438	1.01103	1.57642	13.5282	3.73956	824.116	0.537052
9	86	0.272296	1.00868	1.57779	13.529	3.7319	823.736	0.533907
10	86	0.277229	1.0063	1.5792	13.529	3.724	823.344	0.530729
11	86	0.282235	1.00388	1.58066	13.5284	3.71587	822.94	0.527518
12	86	0.287316	1.00144	1.58217	13.527	3.70751	822.523	0.524275
13	86	0.29247	0.998965	1.58372	13.525	3.69892	822.095	0.521
14	86	0.297698	0.996459	1.58531	13.5223	3.69012	821.654	0.517696
15	86	0.302998	0.993924	1.58694	13.5189	3.68109	821.202	0.514362
16	86	0.308372	0.991358	1.58861	13.515	3.67186	820.738	0.511
17	86	0.313819	0.988763	1.59033	13.5104	3.66242	820.264	0.507609
18	86	0.319337	0.98614	1.59208	13.5052	3.65278	819.778	0.504193
19	86	0.324928	0.983487	1.59388	13.4994	3.64294	819.281	0.50075
20	86	0.33059	0.980806	1.59571	13.4931	3.63292	818.773	0.497282
21	86	0.336324	0.978097	1.59759	13.4863	3.6227	818.255	0.493791
22	86	0.342128	0.975361	1.5995	13.4789	3.61231	817.727	0.490276
23	86	0.348003	0.972597	1.60144	13.471	3.60174	817.189	0.486739
24	86	0.353948	0.969807	1.60342	13.4626	3.591	816.64	0.483181
25	86	0.359962	0.96699	1.60544	13.4538	3.5801	816.082	0.479603
26	86	0.366045	0.964147	1.60749	13.4445	3.56904	815.515	0.476006
27	86	0.372196	0.961278	1.60958	13.4348	3.55782	814.938	0.472391
28	86	0.378416	0.958385	1.6117	13.4247	3.54645	814.352	0.468758
29	86	0.384703	0.955466	1.61385	13.4141	3.53494	813.757	0.465108
30	86	0.391057	0.952523	1.61604	13.4032	3.52328	813.153	0.461444
31	86	0.397478	0.949557	1.61825	13.3919	3.51149	812.54	0.457765
32	86	0.403965	0.946566	1.6205	13.3803	3.49957	811.919	0.454072
33	86	0.410517	0.943553	1.62278	13.3683	3.48752	811.29	0.450366
34	86	0.417134	0.940517	1.62509	13.3559	3.47535	810.652	0.446649
35	86	0.423816	0.937458	1.62742	13.3432	3.46305	810.007	0.442921
36	86	0.430562	0.934378	1.62979	13.3303	3.45064	809.353	0.439183
37	86	0.437371	0.931276	1.63218	13.317	3.43812	808.692	0.435436
38	86	0.444243	0.928153	1.63461	13.3034	3.42548	808.023	0.43168
39	86	0.451177	0.925009	1.63706	13.2895	3.41274	807.346	0.427918
40	86	0.458173	0.921845	1.63954	13.2753	3.39989	806.662	0.424148
41	86	0.465231	0.918661	1.64204	13.2609	3.38695	805.97	0.420373
42	86	0.472349	0.915457	1.64458	13.2462	3.3739	805.272	0.416593
43	86	0.479528	0.912234	1.64714	13.2312	3.36076	804.565	0.412809
44	86	0.486767	0.908993	1.64972	13.2159	3.34752	803.852	0.409022
45	86	0.494066	0.905732	1.65234	13.2003	3.3342	803.131	0.405232
46	86	0.501423	0.902454	1.65498	13.1845	3.32078	802.403	0.401441
47	86	0.508839	0.899158	1.65764	13.1684	3.30727	801.669	0.397648
48	86	0.516314	0.895844	1.66034	13.1521	3.29367	800.926	0.393855
49	86	0.523846	0.892514	1.66306	13.1354	3.27999	800.177	0.390062
50	86	0.531436	0.889166	1.6658	13.1185	3.26622	799.421	0.386271
51	86	0.539082	0.885802	1.66858	13.1012	3.25237	798.657	0.382481
52	86	0.546785	0.882422	1.67137	13.0837	3.23843	797.887	0.378693
53	86	0.554545	0.879026	1.6742	13.0659	3.22441	797.109	0.374909
54	86	0.56236	0.875614	1.67705	13.0477	3.21031	796.324	0.371128
55	86	0.570231	0.872187	1.67994	13.0293	3.19612	795.531	0.367352
56	86	0.578157	0.868745	1.68284	13.0105	3.18185	794.732	0.363581
57	86	0.586138	0.865288	1.68578	12.9913	3.1675	793.924	0.359815
58	86	0.594174	0.861816	1.68874	12.9718	3.15307	793.11	0.356055
59	86	0.602264	0.85833	1.69174	12.9519	3.13855	792.287	0.352302
60	86	0.610408	0.85483	1.69476	12.9317	3.12395	791.457	0.348556
61	86	0.618605	0.851316	1.69781	12.911	3.10927	790.62	0.344818
62	86	0.626857	0.847789	1.70089	12.8899	3.0945	789.774	0.341089
63	86	0.635035	0.844302	1.70378	12.8743	3.08069	788.98	0.337424
64	86	0.642707	0.841039	1.70584	12.8815	3.07093	788.418	0.334013
65	86	0.650331	0.837806	1.70789	12.8881	3.06117	787.853	0.330647
66	86	0.657959	0.834581	1.70998	12.894	3.05128	787.28	0.327304
67	86	0.665621	0.831349	1.71212	12.8988	3.04118	786.694	0.323969
68	86	0.673308	0.828116	1.71428	12.9034	3.03102	786.103	0.320648
69	86	0.681019	0.824882	1.71645	12.9081	3.02084	785.508	0.317341
70	86	0.688814	0.821622	1.71871	12.9107	3.01025	784.888	0.314022
71	86	0.696649	0.818354	1.72101	12.913	2.99955	784.26	0.310711
72	86	0.702128	0.816074	1.72268	12.9122	2.99174	783.8	0.308411
73	86	0.707757	0.813736	1.7245	12.9088	2.98333	783.305	0.306061
74	86	0.715726	0.810435	1.72684	12.9111	2.97248	782.663	0.302756
75	86	0.721373	0.808101	1.72866	12.9077	2.96408	782.165	0.30043
76	86	0.727075	0.805749	1.73051	12.904	2.95557	781.66	0.298094
77	86	0.73278	0.8034	1.73233	12.9012	2.94718	781.161	0.29577
78	86	0.740916	0.800059	1.73486	12.8996	2.93559	780.469	0.292479
79	86	0.746601	0.79773	1.73668	12.8969	2.92727	779.971	0.290196
80	86	0.752419	0.79535	1.73865	12.8909	2.9183	779.434	0.287872
81	86	0.758176	0.793001	1.74051	12.8878	2.90985	778.925	0.285587
82	86	0.764034	0.790615	1.7425	12.8817	2.90084	778.383	0.283275
83	86	0.769845	0.788253	1.74441	12.8775	2.89218	777.86	0.280996
84	86	0.778032	0.784934	1.747	12.8752	2.8805	777.152	0.277807
85	86	0.783867	0.782573	1.74899	12.869	2.87156	776.609	0.27555
86	86	0.789683	0.780225	1.75093	12.8646	2.86289	776.082	0.273314
87	86	0.795645	0.777823	1.75304	12.8559	2.85345	775.506	0.271036
88	86	0.801434	0.775496	1.75491	12.8535	2.84512	774.996	0.268837
89	86	0.807393	0.773104	1.757	12.8455	2.83581	774.425	0.266588
90	86	0.813298	0.770739	1.75902	12.8395	2.82685	773.875	0.264373
91	86	0.819189	0.768385	1.76102	12.834	2.81801	773.33	0.262177
92	86	0.825209	0.765983	1.76319	12.8244	2.80843	772.738	0.259946
93	86	0.831042	0.763661	1.76512	12.821	2.79998	772.214	0.257798
94	86	0.837005	0.761292	1.76721	12.8134	2.79078	771.644	0.255616
95	86	0.84303	0.758903	1.76939	12.8038	2.78125	771.05	0.253425
96	86	0.848875	0.75659	1.77134	12.8001	2.77278	770.522	0.251313
97	86	0.854874	0.754221	1.77348	12.7915	2.76345	769.938	0.249158
98	86	0.8609	0.751845	1.77567	12.7819	2.75397	769.344	0.247008
99	86	0.866768	0.749537	1.77764	12.7777	2.74543	768.807	0.244927
100	86	0.872782	0.747176	1.77982	12.7686	2.73606	768.216	0.242808
101	86	0.878839	0.744803	1.78205	12.7581	2.72647	767.61	0.240687
102	86	0.884705	0.742509	1.78403	12.7539	2.71799	767.072	0.238646
103	86	0.890721	0.740161	1.78621	12.7448	2.70867	766.48	0.236567
104	86	0.896819	0.737786	1.7885	12.7331	2.69891	765.859	0.234473
105	86	0.9027	0.7355	1.79051	12.7284	2.69038	765.314	0.232466
106	86	0.908698	0.733172	1.79267	12.7198	2.68121	764.727	0.230432
107	86	0.914789	0.730814	1.79496	12.7083	2.67154	764.106	0.22838
108	86	0.919672	0.728926	1.7968	12.6989	2.66379	763.607	0.226745
109	86	0.925637	0.726625	1.79891	12.692	2.65492	763.035	0.224759
110	86	0.930608	0.72471	1.80086	12.6802	2.64677	762.507	0.223114
111	86	0.936758	0.722346	1.80322	12.6674	2.63693	761.869	0.221092
112	86	0.942642	0.720088	1.80525	12.6625	2.62849	761.32	0.21917
113	86	0.947579	0.718196	1.80715	12.6518	2.62057	760.804	0.217566
114	86	0.953708	0.715853	1.8095	12.6393	2.61085	760.169	0.215587
115	86	0.958693	0.71395	1.81147	12.6273	2.60274	759.637	0.213988
116	86	0.963557	0.712096	1.81326	12.6196	2.59534	759.151	0.212436
117	86	0.969642	0.70978	1.81557	12.6082	2.58589	758.529	0.210506
118	86	0.974709	0.707856	1.81764	12.5937	2.57741	757.969	0.20891
119	86	0.980734	0.705571	1.81988	12.5839	2.56826	757.363	0.207022
120	86	0.985637	0.703715	1.82175	12.5744	2.56066	756.859	0.205496
121	86	0.990673	0.701811	1.82378	12.5611	2.55242	756.31	0.203937
122	86	0.995779	0.699885	1.8259	12.5457	2.54384	755.739	0.202366
123	86	1.00177	0.697627	1.82813	12.5362	2.53486	755.138	0.200532
124	86	1.00671	0.695771	1.83005	12.5256	2.52714	754.62	0.199032
125	86	1.01176	0.693872	1.83212	12.5114	2.51883	754.062	0.197504
126	86	1.01688	0.691953	1.83427	12.4953	2.51023	753.482	0.195967
127	86	1.02182	0.690103	1.8362	12.4846	2.50254	752.963	0.19449
128	86	1.02677	0.688252	1.83814	12.4736	2.49481	752.439	0.193019
129	86	1.03183	0.686362	1.84024	12.4589	2.48652	751.876	0.191524
130	86	1.03796	0.68408	1.84272	12.4429	2.47671	751.208	0.189727
131	86	1.04291	0.682236	1.84471	12.4305	2.46887	750.674	0.188282
132	86	1.04783	0.680411	1.84664	12.4197	2.46129	750.155	0.186857
133	86	1.05286	0.678542	1.84873	12.405	2.4531	749.592	0.185405
134	86	1.05746	0.676841	1.85074	12.3881	2.44523	749.051	0.184089
135	86	1.06251	0.674972	1.85286	12.3729	2.43699	748.483	0.182649
136	86	1.06737	0.673176	1.85474	12.3632	2.42969	747.978	0.181272
137	86	1.07236	0.671333	1.85681	12.349	2.42168	747.423	0.179864
138	86	1.07742	0.669469	1.85897	12.3325	2.41334	746.844	0.178446
139	86	1.08202	0.667777	1.86102	12.3147	2.40545	746.294	0.177166
140	86	1.08688	0.665991	1.86294	12.3039	2.39808	745.78	0.175819
141	86	1.0913	0.664369	1.86477	12.2912	2.39104	745.287	0.174601
142	86	1.09631	0.662536	1.8669	12.2755	2.38294	744.719	0.173231
143	86	1.10135	0.660692	1.86908	12.2582	2.37463	744.134	0.171859
144	86	1.10589	0.659031	1.8711	12.2408	2.36695	743.593	0.170628
145	86	1.11017	0.657468	1.8728	12.2313	2.36054	743.139	0.169475
146	86	1.11507	0.655681	1.87484	12.2172	2.35283	742.593	0.168162
147	86	1.11956	0.654046	1.87682	12.2006	2.34536	742.062	0.166965
148	86	1.12408	0.652402	1.87886	12.1829	2.33773	741.519	0.165768
149	86	1.12903	0.650605	1.881	12.166	2.32971	740.946	0.164465
150	86	1.13327	0.649067	1.8827	12.156	2.32336	740.492	0.163354
151	86	1.13765	0.647481	1.88459	12.1415	2.31634	739.988	0.162213
152	86	1.14209	0.645875	1.88656	12.1247	2.30901	739.461	0.161063
153	86	1.14654	0.644264	1.88858	12.1069	2.30154	738.923	0.159913
154	86	1.15145	0.642491	1.89076	12.0886	2.29349	738.341	0.158654
155	86	1.15562	0.64099	1.89243	12.0788	2.28734	737.895	0.157593
156	86	1.1599	0.639445	1.89428	12.0647	2.28056	737.403	0.156505
157	86	1.16426	0.63788	1.89623	12.0482	2.27344	736.885	0.155407
158	86	1.16863	0.636308	1.89821	12.0305	2.26618	736.355	0.15431
159	86	1.173	0.634739	1.90022	12.0123	2.25888	735.821	0.153219
160	86	1.177	0.633305	1.90197	11.9984	2.25254	735.356	0.152226
161	86	1.18113	0.631825	1.9037	11.9864	2.24626	734.895	0.151205
162	86	1.18535	0.630315	1.90557	11.9709	2.2395	734.398	0.150167
163	86	1.1896	0.628794	1.90751	11.9539	2.23254	733.884	0.149127
164	86	1.19365	0.627349	1.90939	11.9361	2.22576	733.382	0.148142
165	86	1.19789	0.625835	1.91136	11.918	2.21873	732.861	0.147115
166	86	1.20171	0.624474	1.91299	11.9059	2.21289	732.427	0.146196
167	86	1.20573	0.623041	1.91472	11.893	2.20673	731.968	0.145231
168	86	1.20962	0.621658	1.91649	11.8774	2.20044	731.498	0.144303
169	86	1.21353	0.620269	1.91831	11.8605	2.194	731.016	0.143376
170	86	1.21763	0.618813	1.92021	11.8429	2.18728	730.512	0.142407
171	86	1.22151	0.617435	1.92204	11.8253	2.18081	730.026	0.141495
172	86	1.22523	0.616117	1.92369	11.8118	2.17501	729.589	0.140625
173	86	1.22887	0.614829	1.92526	11.8	2.16951	729.174	0.139778
174	86	1.23257	0.613518	1.92695	11.7852	2.1636	728.727	0.138919
175	86	1.23649	0.612134	1.92875	11.7689	2.1573	728.25	0.138016
176	86	1.2402	0.610821	1.93051	11.752	2.15119	727.785	0.137163
177	86	1.2439	0.609517	1.93226	11.735	2.1451	727.321	0.136319
178	86	1.24756	0.608225	1.93401	11.7179	2.13905	726.86	0.135486
179	86	1.2509	0.607049	1.93545	11.707	2.13406	726.478	0.13473
180	86	1.25435	0.605835	1.93698	11.6945	2.12877	726.073	0.133953
181	86	1.25784	0.604607	1.9386	11.6797	2.1232	725.646	0.133169
182	86	1.26124	0.603411	1.94022	11.6639	2.11764	725.218	0.132409
183	86	1.26471	0.602193	1.94188	11.6476	2.11197	724.781	0.131638
184	86	1.26806	0.601018	1.9435	11.6313	2.10643	724.353	0.130896
185	86	1.27145	0.599827	1.94513	11.615	2.10086	723.922	0.130147
186	86	1.27461	0.59872	1.94658	11.6022	2.09595	723.541	0.129454
187	86	1.27767	0.59765	1.94793	11.5914	2.09137	723.185	0.128786
188	86	1.28077	0.596564	1.94938	11.5779	2.08646	722.803	0.128109
189	86	1.28395	0.595451	1.9509	11.5631	2.08133	722.403	0.127419
190	86	1.28703	0.594375	1.9524	11.5479	2.07627	722.009	0.126754
191	86	1.29007	0.593314	1.95389	11.5324	2.07126	721.616	0.126099
192	86	1.29302	0.592281	1.95535	11.5171	2.06635	721.232	0.125465
193	86	1.29597	0.591254	1.9568	11.5018	2.06148	720.849	0.124837
194	86	1.29877	0.590278	1.95812	11.4895	2.05709	720.503	0.124241
195	86	1.3014	0.589359	1.9593	11.4795	2.05314	720.192	0.123682
196	86	1.30411	0.588417	1.96059	11.467	2.04885	719.853	0.123111
197	86	1.30676	0.587492	1.9619	11.4534	2.04449	719.509	0.122552
198	86	1.30938	0.586581	1.96321	11.4393	2.04014	719.165	0.122002
199	86	1.31195	0.585688	1.96451	11.425	2.03584	718.824	0.121465
200	86	1.31446	0.584817	1.96578	11.4108	2.03163	718.489	0.120943
201	86	1.3169	0.583968	1.96704	11.3968	2.0275	718.16	0.120436
202	86	1.31927	0.583143	1.96826	11.3829	2.02347	717.84	0.119944
203	86	1.32148	0.582376	1.96933	11.372	2.01994	717.558	0.119488
204	86	1.32355	0.581658	1.9703	11.3629	2.01676	717.304	0.119062
205	86	1.32563	0.580935	1.97135	11.3517	2.01334	717.03	0.118635
206	86	1.32766	0.580234	1.9724	11.3394	2.00988	716.753	0.118221
207	86	1.32962	0.579555	1.97345	11.3268	2.00647	716.479	0.117821
208	86	1.33149	0.578904	1.97447	11.3141	2.00313	716.211	0.117439
209	86	1.33327	0.578288	1.97545	11.3015	1.99993	715.953	0.117078
210	86	1.33494	0.577708	1.9764	11.2891	1.99686	715.706	0.116739
211	86	1.3365	0.577168	1.9773	11.2769	1.99393	715.47	0.116424
212	86	1.33793	0.576674	1.97815	11.265	1.99118	715.248	0.116136
213	86	1.33915	0.576253	1.97886	11.2553	1.98888	715.063	0.115891
214	86	1.3401	0.575922	1.9794	11.2481	1.98713	714.921	0.115699
215	86	1.34086	0.57566	1.97993	11.239	1.98539	714.781	0.115547
216	86	1.36199	0.568365	1.98781	11.2106	1.96008	712.722	0.111361
217	86	1.36252	0.568182	1.9883	11.2006	1.9585	712.592	0.111257
218	86	1.3633	0.567915	1.98889	11.1902	1.95662	712.439	0.111106
219	86	1.36431	0.567567	1.98956	11.1795	1.95448	712.263	0.110908
220	86	1.36556	0.567137	1.99032	11.1687	1.95207	712.066	0.110665
221	86	1.36704	0.566625	1.99116	11.1578	1.94941	711.847	0.110376
222	86	1.36877	0.56603	1.99208	11.1468	1.94648	711.607	0.110041
223	86	1.37075	0.56535	1.99308	11.1358	1.94329	711.344	0.109658
224	86	1.37298	0.564584	1.99418	11.1246	1.93983	711.06	0.109229
225	86	1.37541	0.563748	1.99529	11.1149	1.93631	710.77	0.108761
226	86	1.37805	0.562842	1.99641	11.1069	1.93276	710.476	0.108256
227	86	1.38102	0.561823	1.99772	11.0968	1.92866	710.137	0.107689
228	86	1.38429	0.560699	1.99916	11.0855	1.92412	709.761	0.107066
229	86	1.38786	0.559476	2.00072	11.0735	1.91922	709.354	0.10639
230	86	1.39173	0.558152	2.0024	11.0611	1.91397	708.917	0.105662
231	86	1.39589	0.556726	2.00419	11.0482	1.90838	708.451	0.10488
232	86	1.40037	0.555197	2.0061	11.0349	1.90244	707.955	0.104046
233	86	1.40516	0.553561	2.00813	11.0211	1.89614	707.427	0.103158
234	86	1.41027	0.551816	2.01028	11.0068	1.88947	706.867	0.102215
235	86	1.41572	0.549962	2.01257	10.9919	1.88242	706.274	0.101219
236	86	1.4215	0.547996	2.01499	10.9764	1.87498	705.645	0.100168
237	86	1.42762	0.545916	2.01755	10.96	1.86713	704.98	0.0990638
238	86	1.43409	0.54372	2.02026	10.9428	1.85886	704.276	0.0979052
239	86	1.44092	0.541407	2.02313	10.9245	1.85014	703.533	0.0966927
240	86	1.44812	0.538973	2.02617	10.905	1.84097	702.747	0.0954261
241	86	1.4557	0.536415	2.02938	10.8842	1.8313	701.915	0.0941053
242	86	1.46358	0.533757	2.03269	10.8638	1.82141	701.061	0.0927436
243	86	1.47192	0.530953	2.03625	10.8403	1.81079	700.14	0.0913193
244	86	1.4807	0.528004	2.04007	10.8137	1.79947	699.154	0.0898349
245	86	1.48994	0.52491	2.04415	10.784	1.78746	698.103	0.0882923
246	86	1.49965	0.521665	2.0485	10.7509	1.77473	696.982	0.0866914
247	86	1.50984	0.518265	2.05315	10.714	1.76123	695.786	0.0850322
248	86	1.52054	0.5147	2.05813	10.6724	1.74687	694.507	0.083313
249	86	1.53181	0.510958	2.06348	10.6253	1.73155	693.133	0.0815315
250	86	1.54367	0.507023	2.06927	10.5714	1.71513	691.65	0.079684
251	86	1.5562	0.502877	2.07557	10.5088	1.69743	690.039	0.0777658
252	86	1.56948	0.49849	2.08248	10.4354	1.6782	688.274	0.07577
253	86	1.58363	0.493825	2.09016	10.3473	1.65707	686.316	0.0736856
254	86	1.59906	0.488745	2.099	10.2368	1.63305	684.067	0.0714619
255	86	1.61682	0.482901	2.11001	10.0837	1.6036	681.274	0.0689675
256	86	1.64299	0.474288	2.128	9.80192	1.55652	676.726	0.0654228
257	86	1.66422	0.467302	2.14053	9.63526	1.52454	673.574	0.0626579
258	86	1.6878	0.459539	2.15527	9.42393	1.48768	669.878	0.0596935
259	86	1.70897	0.452573	2.16736	9.26827	1.45808	666.859	0.0571265
260	86	1.73216	0.444944	2.18131	9.07549	1.42461	663.386	0.0544119
261	86	1.75409	0.437732	2.19374	8.91589	1.39542	660.307	0.0519366
262	86	1.77758	0.430004	2.20756	8.72904	1.36362	656.893	0.0493792
263	86	1.80049	0.422472	2.22051	8.56233	1.33447	653.71	0.0469783
264	86	1.82464	0.414528	2.23451	8.37557	1.30361	650.28	0.0445413
265	86	1.84863	0.406634	2.24805	8.2006	1.27441	646.978	0.0422143
266	86	1.87368	0.398391	2.26242	8.01047	1.24411	643.487	0.0398816
267	86	1.89886	0.390099	2.27661	7.82656	1.21487	640.056	0.0376326
268	86	1.92499	0.381492	2.29149	7.63073	1.18493	636.475	0.0353984
269	86	1.95146	0.372763	2.30638	7.43734	1.15567	632.908	0.0332337
270	86	1.97881	0.363733	2.32187	7.2341	1.12598	629.215	0.0310979
271	86	2.00667	0.354526	2.33751	7.03069	1.09675	625.506	0.0290249
272	86	2.03541	0.345016	2.3537	6.81872	1.06726	621.685	0.0269912
273	86	2.06478	0.335282	2.37015	6.60471	1.0381	617.826	0.0250182
274	86	2.09504	0.325234	2.38712	6.38292	1.00882	613.864	0.0230928
275	86	2.12605	0.314918	2.40443	6.15772	0.979789	609.848	0.0212287
276	86	2.15799	0.30427	2.42227	5.92515	0.95073	605.734	0.0194194
277	86	2.19078	0.293311	2.44051	5.68814	0.921892	601.554	0.0176741
278	86	2.22456	0.281993	2.45929	5.44392	0.8931	597.279	0.0159902
279	86	2.25929	0.270321	2.47852	5.19446	0.864523	592.928	0.0143741
280	86	2.29509	0.258255	2.49832	4.93778	0.836054	588.481	0.0128257
281	86	2.33194	0.24579	2.51863	4.67518	0.807812	583.953	0.0113501
282	86	2.36995	0.232888	2.53953	4.40526	0.779734	579.327	0.00994849
283	86	2.40912	0.219536	2.56099	4.12884	0.751906	574.613	0.00862512
284	86	2.44955	0.205698	2.58309	3.84489	0.724294	569.801	0.00738218
285	86	2.49128	0.191353	2.6058	3.55393	0.696963	564.895	0.00622353
286	86	2.53439	0.176462	2.62918	3.25517	0.669898	559.887	0.00515196
287	86	2.57893	0.160999	2.65324	2.94892	0.64315	554.782	0.00417116
288	86	2.62499	0.144921	2.67802	2.63455	0.616717	549.572	0.00328432
289	86	2.67264	0.128194	2.70353	2.31223	0.590639	544.26	0.00249513
290	86	2.72197	0.110771	2.72982	1.98141	0.564925	538.841	0.00180707
291	86	2.77307	0.0926086	2.75692	1.64218	0.539607	533.316	0.00122389
292	86	2.82604	0.0736548	2.78486	1.29403	0.514698	527.679	0.000749327
293	86	2.88099	0.0538556	2.81368	0.936911	0.490228	521.933	0.000387247
294	86	2.93803	0.0331504	2.84342	0.570044	0.466208	516.071	0.000141583
295	86	2.99728	0.0114741	2.87405	0.193767	0.442721	510.109	1.63673e-05
296	86	3.02845	0	2.89	0	0.430967	507.032	0
