Summary output file for CONGO-2D

Definition of terms:
Stream Thrust = Mdot*Vel + Pexit*Aexit
Gross Thrust = Mdot*Vel + Pexit*Aexit - Pamb*Aexit
Stream Thrust = Gross Thrust when Pamb = 0 (vacuum)
Cfg = Nozzle Thrust Coefficient (Gross Isp/Ideal Isp)
C* = Characteristic Exhaust Velocity
CD = Discharge coefficient: Massflow 2D/ Massflow 1D
1D = Assumes input are axial
2D = Uses actual flow angles in calculation

Input parameters
R*  = Throat Radius (in)

Nozzle Type: Minimum Length Nozzle

Nozzle Geometry:	Axisymmetric Nozzle
Design Parameter:	Exit Mach Number = 4
Throat Geometry created by two arcs of given radii.
Upstream Radius/R*:	1
Downstream Radius/R*:	1

Thermodynamic Inputs
Total Pressure (psia):	1000
Total Temperature (R):	530
Gamma:	1.4
Molecular Weight:	28.96
Ambient Pressure (psia):	0

MOC Grid Parameters
Number of characteristic lines at the nozzle throat:	101
Maximum allowable angle between characteristics along wall (deg):	0.5
Number of RRCs to calculate above KERNEL (50-100):	100

The Initial Data Line is where the MOC calculation begins.
Its based on the upstream radius of curvature and gamma.
It is solved for using a method developed
by Kliegel and Levine. This method is based on a method
developed by Hall. Hall used cylindrical coordinates (R)
This method uses toroid coordinates (R+1). This method
does better for small upstream radii.

Initial Data Line (Throat)

I	X/R*	R/R*	Mach	Flow Angle(deg)	Pres.(psia)	Temp.(R)	Den.(slug/ft3)	Gamma	Mass Flow(lbm/s)
0	0	1	1.17779	0	424.432	414.892	0.0858224	1.4	71.4576
1	0.000115146	0.999815	1.17793	0.0142295	424.358	414.872	0.0858117	1.4	71.4314
2	0.000460843	0.99926	1.17833	0.0567608	424.137	414.81	0.0857798	1.4	71.3527
3	0.00103843	0.998335	1.17901	0.127212	423.768	414.707	0.0857264	1.4	71.2218
4	0.00185042	0.997042	1.17996	0.224996	423.249	414.562	0.0856514	1.4	71.0386
5	0.00290049	0.99538	1.18118	0.349323	422.578	414.374	0.0855544	1.4	70.8034
6	0.00419348	0.99335	1.1827	0.499205	421.751	414.142	0.0854348	1.4	70.5165
7	0.00573538	0.990955	1.18451	0.67346	420.765	413.865	0.085292	1.4	70.1781
8	0.00753329	0.988195	1.18662	0.870718	419.615	413.541	0.0851255	1.4	69.7886
9	0.00959544	0.985073	1.18904	1.08943	418.298	413.17	0.0849345	1.4	69.3484
10	0.0119311	0.981589	1.19179	1.32788	416.809	412.749	0.0847184	1.4	68.8579
11	0.0145506	0.977747	1.19487	1.58418	415.143	412.278	0.0844765	1.4	68.3178
12	0.0174652	0.973549	1.19829	1.85631	413.299	411.753	0.0842082	1.4	67.7285
13	0.0206871	0.968997	1.20206	2.14213	411.272	411.175	0.083913	1.4	67.0909
14	0.0242295	0.964094	1.20618	2.43935	409.061	410.543	0.0835906	1.4	66.4055
15	0.0281061	0.958842	1.21067	2.74562	406.665	409.854	0.0832406	1.4	65.6732
16	0.0323314	0.953247	1.21552	3.05853	404.086	409.11	0.0828632	1.4	64.8949
17	0.0369204	0.94731	1.22073	3.37561	401.326	408.31	0.0824585	1.4	64.0715
18	0.0418884	0.941036	1.2263	3.69437	398.389	407.454	0.0820271	1.4	63.2042
19	0.047251	0.934428	1.23222	4.01235	395.282	406.543	0.0815695	1.4	62.2939
20	0.053024	0.927491	1.23849	4.32714	392.012	405.579	0.081087	1.4	61.3421
21	0.0592226	0.920228	1.24509	4.6364	388.589	404.564	0.0805806	1.4	60.3499
22	0.065862	0.912645	1.25201	4.93788	385.026	403.501	0.0800521	1.4	59.3188
23	0.0729568	0.904746	1.25921	5.22951	381.335	402.392	0.0795033	1.4	58.2505
24	0.0805207	0.896536	1.26669	5.50934	377.533	401.241	0.0789362	1.4	57.1465
25	0.0885663	0.888021	1.27441	5.77563	373.635	400.053	0.0783532	1.4	56.0086
26	0.0971052	0.879204	1.28234	6.02686	369.659	398.832	0.0777567	1.4	54.8386
27	0.106147	0.870093	1.29045	6.26173	365.623	397.583	0.0771494	1.4	53.6387
28	0.115701	0.860693	1.29871	6.47917	361.546	396.312	0.076534	1.4	52.4109
29	0.125773	0.85101	1.30709	6.67837	357.446	395.023	0.0759131	1.4	51.1574
30	0.136367	0.841049	1.31554	6.85878	353.342	393.721	0.0752895	1.4	49.8806
31	0.147487	0.830818	1.32404	7.02008	349.251	392.413	0.0746657	1.4	48.5827
32	0.159132	0.820322	1.33255	7.16219	345.189	391.104	0.0740444	1.4	47.2662
33	0.171301	0.809568	1.34105	7.28524	341.17	389.797	0.0734276	1.4	45.9338
34	0.18399	0.798564	1.34949	7.3896	337.208	388.499	0.0728176	1.4	44.5878
35	0.197194	0.787315	1.35787	7.47579	333.314	387.212	0.072216	1.4	43.231
36	0.210903	0.77583	1.36615	7.5445	329.497	385.939	0.0716242	1.4	41.8658
37	0.225109	0.764116	1.37432	7.59653	325.763	384.685	0.0710435	1.4	40.495
38	0.239801	0.75218	1.38237	7.63282	322.115	383.449	0.0704744	1.4	39.1211
39	0.254966	0.74003	1.3903	7.65433	318.557	382.234	0.0699174	1.4	37.7465
40	0.270589	0.727673	1.39809	7.66209	315.086	381.04	0.0693725	1.4	36.374
41	0.286657	0.715119	1.40576	7.65715	311.701	379.865	0.0688392	1.4	35.0058
42	0.303153	0.702374	1.41331	7.64053	308.396	378.71	0.068317	1.4	33.6444
43	0.320063	0.689448	1.42075	7.61322	305.163	377.572	0.0678048	1.4	32.292
44	0.337369	0.676348	1.42811	7.57616	301.995	376.448	0.0673013	1.4	30.9511
45	0.355055	0.663084	1.4354	7.53023	298.881	375.334	0.0668049	1.4	29.6237
46	0.373106	0.649663	1.44265	7.4762	295.81	374.229	0.0663138	1.4	28.3118
47	0.391504	0.636096	1.44989	7.41478	292.77	373.125	0.0658263	1.4	27.0176
48	0.410235	0.622391	1.45714	7.34657	289.748	372.021	0.0653401	1.4	25.743
49	0.429283	0.608557	1.46444	7.27207	286.73	370.91	0.0648533	1.4	24.4897
50	0.448634	0.594604	1.47183	7.19172	283.703	369.787	0.0643636	1.4	23.2595
51	0.468272	0.58054	1.47934	7.10582	280.656	368.647	0.063869	1.4	22.0541
52	0.488185	0.566376	1.48699	7.01465	277.575	367.487	0.0633674	1.4	20.8751
53	0.508358	0.552122	1.49483	6.91838	274.448	366.299	0.0628568	1.4	19.7239
54	0.518569	0.537786	1.4918	6.6809	275.653	366.758	0.0630537	1.4	18.6814
55	0.538832	0.523379	1.49991	6.57725	272.44	365.531	0.0625278	1.4	17.5888
56	0.549073	0.508912	1.49759	6.34561	273.354	365.882	0.0626777	1.4	16.5992
57	0.559232	0.494394	1.49566	6.11855	274.118	366.173	0.0628028	1.4	15.6357
58	0.56931	0.479835	1.49413	5.89595	274.726	366.405	0.0629022	1.4	14.6993
59	0.579307	0.465246	1.49301	5.67769	275.174	366.576	0.0629754	1.4	13.7909
60	0.589224	0.450638	1.49229	5.46366	275.459	366.684	0.063022	1.4	12.9113
61	0.59906	0.436021	1.49198	5.25374	275.58	366.73	0.0630418	1.4	12.0612
62	0.608817	0.421406	1.49209	5.04784	275.539	366.715	0.0630351	1.4	11.2411
63	0.618493	0.406804	1.4926	4.84587	275.337	366.638	0.0630021	1.4	10.4517
64	0.62809	0.392226	1.4935	4.64774	274.977	366.501	0.0629432	1.4	9.69334
65	0.637605	0.377683	1.49479	4.45341	274.464	366.305	0.0628593	1.4	8.96644
66	0.647039	0.363186	1.49646	4.26282	273.803	366.053	0.0627512	1.4	8.27123
67	0.656391	0.348748	1.49849	4.07592	273.001	365.746	0.0626199	1.4	7.60789
68	0.661024	0.334378	1.49669	3.86275	273.711	366.018	0.0627361	1.4	6.98935
69	0.670149	0.320089	1.49937	3.68454	272.652	365.612	0.0625626	1.4	6.38874
70	0.674667	0.305893	1.49835	3.48394	273.055	365.767	0.0626287	1.4	5.83029
71	0.679114	0.291802	1.49768	3.29008	273.321	365.869	0.0626722	1.4	5.30131
72	0.683491	0.277828	1.49733	3.10276	273.458	365.921	0.0626946	1.4	4.80169
73	0.687796	0.263984	1.49729	2.92178	273.476	365.928	0.0626976	1.4	4.33126
74	0.692029	0.250281	1.49752	2.74697	273.384	365.893	0.0626826	1.4	3.88974
75	0.696189	0.236733	1.498	2.57813	273.193	365.82	0.0626512	1.4	3.47677
76	0.700276	0.223353	1.49871	2.41506	272.91	365.712	0.062605	1.4	3.09192
77	0.704288	0.210154	1.49964	2.25757	272.547	365.572	0.0625454	1.4	2.73466
78	0.706255	0.19715	1.49905	2.09877	272.778	365.661	0.0625833	1.4	2.4061
79	0.708179	0.184354	1.49866	1.94625	272.931	365.719	0.0626083	1.4	2.10332
80	0.710058	0.17178	1.49846	1.79977	273.011	365.75	0.0626214	1.4	1.82563
81	0.713725	0.159445	1.49999	1.66405	272.407	365.519	0.0625224	1.4	1.57129
82	0.71462	0.147362	1.49933	1.52631	272.668	365.619	0.0625652	1.4	1.34216
83	0.716361	0.135548	1.49956	1.39636	272.576	365.583	0.0625501	1.4	1.13518
84	0.718052	0.124019	1.49991	1.27159	272.439	365.531	0.0625278	1.4	0.94994
85	0.718873	0.112792	1.49965	1.15031	272.541	365.57	0.0625444	1.4	0.785678
86	0.719666	0.101886	1.4995	1.03426	272.601	365.593	0.0625542	1.4	0.64102
87	0.720431	0.091319	1.49944	0.923324	272.623	365.602	0.0625579	1.4	0.514893
88	0.721168	0.0811128	1.49947	0.817406	272.614	365.598	0.0625564	1.4	0.406177
89	0.721874	0.0712893	1.49956	0.716457	272.576	365.584	0.0625502	1.4	0.313705
90	0.722548	0.0618726	1.49972	0.620479	272.515	365.56	0.0625403	1.4	0.236268
91	0.723189	0.0528898	1.49992	0.529525	272.435	365.53	0.0625271	1.4	0.172618
92	0.723493	0.044371	1.4999	0.443493	272.441	365.532	0.062528	1.4	0.121484
93	0.723777	0.0363508	1.49993	0.362881	272.429	365.527	0.0625261	1.4	0.0815317
94	0.72391	0.0288697	1.49989	0.287892	272.447	365.534	0.0625291	1.4	0.0514254
95	0.724153	0.0219768	1.49998	0.21904	272.411	365.52	0.0625231	1.4	0.0297986
96	0.724263	0.0157341	1.5	0.15675	272.404	365.518	0.0625219	1.4	0.0152735
97	0.724311	0.010224	1.49999	0.101826	272.406	365.518	0.0625223	1.4	0.00644906
98	0.724331	0.00556695	1.49999	0.0554352	272.408	365.519	0.0625227	1.4	0.00191201
99	0.724347	0.00196858	1.49999	0.019602	272.407	365.519	0.0625224	1.4	0.000239088
100	0.724356	0	1.5	0	272.404	365.518	0.062522	1.4	0

Initial Data Line(Throat Plane) 
For a throat radius(in) = 1.0. 
2-D Mass Flow (lbm/s):	71.4576
2-D Gross Thrust (lbf):	3943.98
2-D Isp (lbf-s/lbm):	55.1933
For an axisymmeric nozzle ,thrust and massflow are proportional to the throat
radius squared (R*^2). To find these values for a radius other than 1 inch,
multiple the values by the square of the new radius. For example, for a radius
of 3 inches, thrust and massflow would increase by a factor of 9.
2-D C* (ft/s):	1414.51

Based on the total conditions and assuming Mach = 1 at throat
1-D Mass Flow (lbm/s):	72.5638
1-D Gross Thrust (lbf):	3983.15
1-D Gross Isp (lbf-s/lbm):	54.8917
1-D C* (ft/s):	1392.95
CD(2-D/1-D):	0.984756

Initial Expansion Angle ThetaB(deg):	27.5016
Massflow error due to grid at end of Kernel (%):	6.27744e+68

Last LRC, DE that effects the nozzle wall contour.
J	X/R*	R/R*	Mach	Theta(deg)	P(psia)	T(R)	Velocity(ft/s)	Density(slug/ft3)	Gamma	
0	2.15952	0.0148651	2.48042	0.277498	60.344	237.617	0.0213044	1.4
1	2.17816	0.0512903	2.49417	0.959532	59.0729	236.171	0.0209823	1.4
2	2.20516	0.0636583	2.51351	1.18865	57.3227	234.15	0.0205364	1.4
3	2.23221	0.0760729	2.53287	1.41664	55.6244	232.146	0.0200999	1.4
4	2.25933	0.08854	2.55225	1.64376	53.9757	230.159	0.0196725	1.4
5	2.2477	0.120681	2.54633	2.24299	54.4673	230.762	0.0198008	1.4
6	2.27441	0.13336	2.56574	2.47197	52.8519	228.785	0.0193796	1.4
7	2.30121	0.146103	2.58519	2.70021	51.2826	226.823	0.0189668	1.4
8	2.3281	0.158918	2.60469	2.92779	49.7578	224.876	0.0185622	1.4
9	2.33705	0.190775	2.6141	3.51211	49.0384	223.942	0.0183701	1.4
10	2.36382	0.20385	2.63373	3.74098	47.5732	222.009	0.0179764	1.4
11	2.39071	0.217011	2.65343	3.96926	46.149	220.089	0.0175903	1.4
12	2.41772	0.230264	2.67318	4.197	44.7647	218.182	0.0172117	1.4
13	2.43248	0.268534	2.68853	4.88745	43.7223	216.716	0.0169243	1.4
14	2.45939	0.282098	2.70844	5.11609	42.4041	214.828	0.0165582	1.4
15	2.48644	0.295769	2.72842	5.34427	41.1224	212.952	0.0161991	1.4
16	2.51364	0.309552	2.74849	5.57199	39.8761	211.088	0.0158469	1.4
17	2.54099	0.323452	2.76865	5.7993	38.6643	209.235	0.0155014	1.4
18	2.57982	0.343247	2.79721	6.11895	37.0129	206.641	0.0150255	1.4
19	2.60774	0.357535	2.81773	6.34712	35.8721	204.801	0.0146932	1.4
20	2.63584	0.371956	2.83836	6.5749	34.7629	202.971	0.0143673	1.4
21	2.66413	0.386517	2.85908	6.80229	33.6847	201.152	0.0140475	1.4
22	2.69261	0.401222	2.87992	7.02932	32.6364	199.343	0.0137339	1.4
23	2.69329	0.4414	2.88917	7.73744	32.1791	198.544	0.0135964	1.4
24	2.72158	0.456458	2.91013	7.96514	31.1741	196.753	0.0132917	1.4
25	2.75007	0.471674	2.93121	8.1925	30.1971	194.97	0.0129927	1.4
26	2.77878	0.487053	2.9524	8.41954	29.2472	193.198	0.0126995	1.4
27	2.80771	0.502601	2.97372	8.64628	28.3237	191.435	0.0124117	1.4
28	2.83687	0.518324	2.99516	8.87271	27.426	189.681	0.0121295	1.4
29	2.8788	0.541028	3.02592	9.19471	26.1906	187.2	0.0117366	1.4
30	2.90866	0.557263	3.04778	9.42163	25.3487	185.46	0.0114659	1.4
31	2.93877	0.573692	3.06978	9.64826	24.5306	183.73	0.0112003	1.4
32	2.96915	0.590321	3.09192	9.87462	23.7356	182.009	0.0109398	1.4
33	2.99979	0.607155	3.1142	10.1007	22.9633	180.296	0.0106844	1.4
34	3.0307	0.624202	3.13663	10.3265	22.2129	178.593	0.0104338	1.4
35	3.0619	0.641465	3.15921	10.5521	21.4839	176.898	0.010188	1.4
36	3.09395	0.65927	3.18235	10.7815	20.7633	175.182	0.00994274	1.4
37	3.12585	0.677052	3.20533	11.0075	20.0733	173.499	0.0097056	1.4
38	3.15805	0.695072	3.22847	11.2332	19.4033	171.824	0.00947309	1.4
39	3.19057	0.713336	3.25178	11.4587	18.7528	170.158	0.00924512	1.4
40	3.22341	0.731851	3.27525	11.684	18.1212	168.5	0.00902163	1.4
41	3.25658	0.750624	3.29889	11.909	17.5081	166.851	0.00880253	1.4
42	3.29009	0.769662	3.32271	12.1338	16.913	165.211	0.00858775	1.4
43	3.34738	0.802375	3.36327	12.5122	15.9492	162.464	0.00823526	1.4
44	3.38194	0.822214	3.38766	12.7372	15.3985	160.841	0.00803114	1.4
45	3.41688	0.842347	3.41223	12.9619	14.8643	159.226	0.00783111	1.4
46	3.4522	0.862781	3.43699	13.1863	14.346	157.62	0.00763511	1.4
47	3.48792	0.883525	3.46195	13.4106	13.8434	156.022	0.00744306	1.4
48	3.52403	0.904587	3.48712	13.6347	13.356	154.432	0.00725491	1.4
49	3.56057	0.925975	3.51248	13.8585	12.8834	152.851	0.00707059	1.4
50	3.59752	0.947698	3.53806	14.0822	12.4252	151.277	0.00689003	1.4
51	3.65173	0.97972	3.57543	14.4052	11.7873	149.016	0.00663549	1.4
52	3.68985	1.00235	3.6016	14.6289	11.3618	147.459	0.0064635	1.4
53	3.72843	1.02535	3.62799	14.8524	10.9495	145.91	0.00629508	1.4
54	3.76748	1.04872	3.65461	15.0757	10.5501	144.369	0.00613019	1.4
55	3.80702	1.07249	3.68147	15.2989	10.1632	142.836	0.00596875	1.4
56	3.84706	1.09665	3.70856	15.5218	9.78852	141.311	0.00581072	1.4
57	3.88761	1.12122	3.7359	15.7445	9.42567	139.794	0.00565603	1.4
58	3.92868	1.14621	3.76348	15.9671	9.07437	138.285	0.00550464	1.4
59	3.97029	1.17164	3.79132	16.1895	8.7343	136.784	0.00535648	1.4
60	4.02628	1.20602	3.82861	16.4839	8.30039	134.807	0.00516502	1.4
61	4.06925	1.23254	3.85711	16.7062	7.98475	133.322	0.00502395	1.4
62	4.11281	1.25953	3.88587	16.9284	7.67941	131.844	0.00488596	1.4
63	4.15697	1.28701	3.91491	17.1504	7.38406	130.375	0.00475098	1.4
64	4.20174	1.31498	3.94422	17.3722	7.09845	128.914	0.00461898	1.4
65	4.22963	1.33248	3.96243	17.5087	6.92525	128.014	0.00453843	1.4
66	4.25075	1.34571	3.96003	17.3958	6.94757	128.132	0.00454887	1.4
67	4.27188	1.3589	3.95782	17.2867	6.9682	128.24	0.00455852	1.4
68	4.29303	1.37205	3.95578	17.1811	6.98729	128.341	0.00456743	1.4
69	4.31419	1.38516	3.95389	17.0787	7.00498	128.433	0.00457569	1.4
70	4.33537	1.39823	3.95215	16.9794	7.02137	128.519	0.00458333	1.4
71	4.35656	1.41127	3.95054	16.883	7.03656	128.599	0.00459042	1.4
72	4.37778	1.42426	3.94905	16.7892	7.05066	128.672	0.00459698	1.4
73	4.399	1.43723	3.94767	16.6979	7.06374	128.74	0.00460307	1.4
74	4.42024	1.45016	3.94639	16.6091	7.07588	128.803	0.00460872	1.4
75	4.4415	1.46305	3.94521	16.5224	7.08713	128.862	0.00461396	1.4
76	4.46277	1.47592	3.94411	16.438	7.09757	128.916	0.00461881	1.4
77	4.48405	1.48875	3.9431	16.3555	7.10725	128.966	0.00462331	1.4
78	4.50535	1.50155	3.94216	16.275	7.11622	129.013	0.00462747	1.4
79	4.54804	1.52709	3.94049	16.1193	7.13221	129.096	0.0046349	1.4
80	4.59078	1.55252	3.93906	15.9702	7.14586	129.166	0.00464123	1.4
81	4.63357	1.57783	3.93786	15.8274	7.15743	129.226	0.0046466	1.4
82	4.67641	1.60304	3.93685	15.6902	7.16717	129.276	0.00465112	1.4
83	4.7193	1.62815	3.93601	15.5582	7.17528	129.318	0.00465487	1.4
84	4.76225	1.65315	3.93532	15.4311	7.18193	129.352	0.00465796	1.4
85	4.80523	1.67806	3.93476	15.3085	7.18728	129.38	0.00466043	1.4
86	4.84827	1.70288	3.93433	15.1901	7.19145	129.401	0.00466237	1.4
87	4.89135	1.72761	3.93401	15.0756	7.19458	129.417	0.00466381	1.4
88	4.93447	1.75226	3.93378	14.9648	7.19675	129.428	0.00466482	1.4
89	4.97764	1.77682	3.93365	14.8575	7.19807	129.435	0.00466543	1.4
90	5.02085	1.8013	3.93359	14.7534	7.19861	129.438	0.00466568	1.4
91	5.0641	1.8257	3.93361	14.6524	7.19844	129.437	0.0046656	1.4
92	5.1074	1.85002	3.93369	14.5543	7.19764	129.433	0.00466523	1.4
93	5.15073	1.87427	3.93384	14.4589	7.19626	129.426	0.00466459	1.4
94	5.19411	1.89845	3.93403	14.3662	7.19435	129.416	0.00466371	1.4
95	5.23752	1.92256	3.93428	14.2759	7.19196	129.404	0.0046626	1.4
96	5.28097	1.9466	3.93457	14.188	7.18913	129.389	0.00466129	1.4
97	5.32445	1.97058	3.93491	14.1023	7.1859	129.372	0.00465979	1.4
98	5.36798	1.99449	3.93528	14.0187	7.18231	129.354	0.00465813	1.4
99	5.41154	2.01833	3.93569	13.9371	7.17838	129.334	0.00465631	1.4
100	5.45513	2.04212	3.93612	13.8575	7.17415	129.312	0.00465435	1.4
101	5.49876	2.06584	3.93659	13.7798	7.16964	129.289	0.00465226	1.4
102	5.54243	2.08951	3.93709	13.7038	7.16488	129.264	0.00465005	1.4
103	5.58612	2.11311	3.9376	13.6296	7.15989	129.238	0.00464774	1.4
104	5.62985	2.13667	3.93815	13.557	7.15468	129.212	0.00464533	1.4
105	5.67362	2.16016	3.93871	13.4859	7.14928	129.184	0.00464282	1.4
106	5.71741	2.1836	3.93929	13.4164	7.14371	129.155	0.00464024	1.4
107	5.76124	2.20699	3.93988	13.3483	7.13797	129.125	0.00463757	1.4
108	5.8051	2.23033	3.9405	13.2816	7.13209	129.095	0.00463484	1.4
109	5.84898	2.25361	3.94113	13.2162	7.12608	129.064	0.00463205	1.4
110	5.8929	2.27685	3.94177	13.1521	7.11994	129.032	0.0046292	1.4
111	5.93685	2.30003	3.94242	13.0893	7.1137	129	0.0046263	1.4
112	5.98082	2.32317	3.94308	13.0277	7.10735	128.967	0.00462336	1.4
113	6.02483	2.34626	3.94376	12.9672	7.10092	128.933	0.00462036	1.4
114	6.06886	2.3693	3.94444	12.9079	7.0944	128.9	0.00461734	1.4
115	6.11292	2.3923	3.94513	12.8496	7.08781	128.865	0.00461427	1.4
116	6.15701	2.41526	3.94583	12.7924	7.08116	128.831	0.00461118	1.4
117	6.20113	2.43817	3.94654	12.7362	7.07444	128.796	0.00460805	1.4
118	6.24527	2.46103	3.94725	12.681	7.06768	128.761	0.0046049	1.4
119	6.28944	2.48386	3.94797	12.6267	7.06086	128.725	0.00460173	1.4
120	6.33363	2.50664	3.94869	12.5734	7.05401	128.69	0.00459854	1.4
121	6.37785	2.52938	3.94942	12.5209	7.04712	128.654	0.00459534	1.4
122	6.4221	2.55208	3.95015	12.4694	7.0402	128.618	0.00459211	1.4
123	6.46637	2.57474	3.95089	12.4186	7.03326	128.581	0.00458888	1.4
124	6.51066	2.59736	3.95163	12.3687	7.02629	128.545	0.00458563	1.4
125	6.55498	2.61995	3.95237	12.3196	7.0193	128.508	0.00458237	1.4
126	6.59933	2.64249	3.95311	12.2712	7.01231	128.472	0.00457911	1.4
127	6.64369	2.665	3.95386	12.2236	7.00529	128.435	0.00457584	1.4
128	6.68808	2.68747	3.95461	12.1767	6.99827	128.398	0.00457256	1.4
129	6.7325	2.7099	3.95536	12.1305	6.99125	128.361	0.00456928	1.4
130	6.77693	2.7323	3.95611	12.085	6.98422	128.325	0.004566	1.4
131	6.82139	2.75467	3.95686	12.0402	6.97719	128.288	0.00456272	1.4
132	6.86587	2.77699	3.95761	11.996	6.97017	128.251	0.00455944	1.4
133	6.91037	2.79929	3.95836	11.9525	6.96315	128.214	0.00455616	1.4
134	6.9549	2.82155	3.95911	11.9096	6.95613	128.177	0.00455288	1.4
135	6.99944	2.84377	3.95986	11.8673	6.94913	128.14	0.0045496	1.4
136	7.04401	2.86597	3.96061	11.8255	6.94213	128.103	0.00454633	1.4
137	7.0886	2.88813	3.96137	11.7844	6.93515	128.066	0.00454306	1.4
138	7.13321	2.91026	3.96212	11.7438	6.92817	128.029	0.0045398	1.4
139	7.17784	2.93236	3.96287	11.7037	6.92122	127.993	0.00453654	1.4
140	7.22249	2.95442	3.96362	11.6642	6.91427	127.956	0.00453329	1.4
141	7.26716	2.97646	3.96436	11.6252	6.90735	127.919	0.00453005	1.4
142	7.31185	2.99846	3.96511	11.5868	6.90044	127.883	0.00452681	1.4
143	7.35656	3.02044	3.96586	11.5488	6.89356	127.846	0.00452358	1.4
144	7.40128	3.04238	3.9666	11.5113	6.88669	127.81	0.00452036	1.4
145	7.44603	3.0643	3.96734	11.4742	6.87984	127.774	0.00451715	1.4
146	7.4908	3.08618	3.96808	11.4377	6.87302	127.737	0.00451395	1.4
147	7.53558	3.10804	3.96882	11.4016	6.86621	127.701	0.00451076	1.4
148	7.58039	3.12987	3.96956	11.3659	6.85943	127.665	0.00450758	1.4
149	7.62521	3.15167	3.9703	11.3306	6.85268	127.629	0.00450441	1.4
150	7.67005	3.17344	3.97103	11.2958	6.84595	127.593	0.00450125	1.4
151	7.71491	3.19519	3.97176	11.2614	6.83924	127.558	0.00449809	1.4
152	7.75979	3.21691	3.97249	11.2274	6.83256	127.522	0.00449496	1.4
153	7.80468	3.2386	3.97322	11.1938	6.8259	127.487	0.00449183	1.4
154	7.84959	3.26027	3.97395	11.1606	6.81927	127.451	0.00448871	1.4
155	7.89452	3.28191	3.97467	11.1278	6.81267	127.416	0.00448561	1.4
156	7.93947	3.30352	3.9754	11.0954	6.8061	127.381	0.00448251	1.4
157	7.98443	3.32511	3.97611	11.0633	6.79955	127.346	0.00447943	1.4
158	8.02941	3.34667	3.97683	11.0315	6.79303	127.311	0.00447636	1.4
159	8.07441	3.36821	3.97755	11.0002	6.78653	127.276	0.00447331	1.4
160	8.11942	3.38972	3.97826	10.9691	6.78007	127.241	0.00447026	1.4
161	8.16445	3.41121	3.97897	10.9384	6.77363	127.207	0.00446723	1.4
162	8.25461	3.45414	3.98038	10.878	6.76084	127.138	0.0044612	1.4
163	8.34484	3.49697	3.98179	10.8188	6.74816	127.07	0.00445523	1.4
164	8.43512	3.53971	3.98318	10.7609	6.7356	127.002	0.0044493	1.4
165	8.52546	3.58236	3.98457	10.7042	6.72315	126.935	0.00444343	1.4
166	8.61587	3.62492	3.98594	10.6486	6.71082	126.869	0.0044376	1.4
167	8.70633	3.66739	3.98731	10.5941	6.69861	126.803	0.00443183	1.4
168	8.79685	3.70977	3.98866	10.5406	6.68651	126.737	0.00442612	1.4
169	8.88742	3.75206	3.99	10.4882	6.67453	126.672	0.00442045	1.4
170	8.97806	3.79428	3.99133	10.4368	6.66267	126.608	0.00441484	1.4
171	9.06874	3.83641	3.99266	10.3863	6.65092	126.544	0.00440927	1.4
172	9.15948	3.87846	3.99397	10.3368	6.63929	126.481	0.00440376	1.4
173	9.25028	3.92043	3.99527	10.2881	6.62777	126.418	0.00439831	1.4
174	9.34112	3.96233	3.99656	10.2404	6.61636	126.356	0.0043929	1.4
175	9.43202	4.00414	3.99784	10.1934	6.60507	126.294	0.00438754	1.4
176	9.52297	4.04588	3.99911	10.1473	6.59388	126.233	0.00438223	1.4
177	9.58693	4.07518	4	10.1154	6.58609	126.19	0.00437853	1.4


Calculated wall contour
J	X/R*	R/R*	Mach	Theta(deg)	P(psia)	T(R)	Density(slug/ft3)	Gamma	Mass Flow (lbm)	%Dif in Mdot
0	0	1	1.17779	0	424.432	414.892	0.0858224	1.4	71.4576	0
1	0.000230286	1	1.17789	0.0131944	424.382	414.878	0.0858152	1.4	72.0008	0.76026
2	0.000920735	1	1.17816	0.0527543	424.229	414.836	0.085793	1.4	72.0149	0.77988
3	0.00207073	1	1.17865	0.118644	423.962	414.761	0.0857545	1.4	72.0247	0.793707
4	0.00367965	1.00001	1.17938	0.210829	423.565	414.65	0.085697	1.4	72.0309	0.802265
5	0.00574714	1.00002	1.18039	0.329289	423.013	414.495	0.0856172	1.4	72.0336	0.806067
6	0.00827332	1.00003	1.18174	0.474031	422.276	414.289	0.0855107	1.4	72.0333	0.805712
7	0.0112592	1.00006	1.18349	0.645118	421.319	414.021	0.0853722	1.4	72.0307	0.801988
8	0.0147071	1.00011	1.18573	0.842684	420.099	413.678	0.0851955	1.4	72.0262	0.795695
9	0.0186211	1.00017	1.18855	1.06697	418.567	413.246	0.0849736	1.4	72.0203	0.787458
10	0.0230076	1.00026	1.19204	1.31835	416.672	412.711	0.0846986	1.4	72.0136	0.778113
11	0.027876	1.00039	1.19633	1.59738	414.357	412.054	0.0843621	1.4	72.0068	0.768629
12	0.0332391	1.00055	1.20152	1.90481	411.56	411.258	0.083955	1.4	72.0009	0.760342
13	0.0391138	1.00077	1.20775	2.24162	408.22	410.301	0.0834678	1.4	71.9974	0.755441
14	0.0455216	1.00104	1.21516	2.6091	404.273	409.164	0.0828905	1.4	71.9962	0.753784
15	0.0524892	1.00138	1.22389	3.00879	399.656	407.823	0.0822133	1.4	71.9962	0.753725
16	0.0600488	1.0018	1.23409	3.44261	394.308	406.257	0.081426	1.4	71.9959	0.753362
17	0.0682387	1.00233	1.2459	3.91283	388.171	404.44	0.0805187	1.4	71.9958	0.753192
18	0.0725912	1.00264	1.25257	4.16283	384.734	403.414	0.0800089	1.4	71.9957	0.753113
19	0.0771036	1.00298	1.2595	4.4221	381.191	402.349	0.0794819	1.4	71.9957	0.753104
20	0.0814532	1.00332	1.26654	4.6721	377.608	401.264	0.0789475	1.4	71.9957	0.753033
21	0.0866942	1.00377	1.27503	4.97346	373.32	399.957	0.0783061	1.4	71.9956	0.752973
22	0.0910403	1.00415	1.28243	5.22346	369.613	398.818	0.0777499	1.4	71.9956	0.752912
23	0.097068	1.00472	1.29269	5.57036	364.516	397.239	0.0769825	1.4	71.9955	0.752816
24	0.10141	1.00516	1.30041	5.82036	360.712	396.05	0.0764078	1.4	71.9955	0.752766
25	0.108289	1.00588	1.31265	6.2167	354.744	394.167	0.0755027	1.4	71.9954	0.752627
26	0.112626	1.00636	1.32067	6.4667	350.87	392.932	0.0749128	1.4	71.9954	0.752586
27	0.120429	1.00728	1.3351	6.91684	343.979	390.712	0.073859	1.4	71.9952	0.752394
28	0.124759	1.00781	1.3434	7.16684	340.063	389.436	0.0732574	1.4	71.9952	0.752364
29	0.129087	1.00837	1.35169	7.41684	336.184	388.161	0.0726594	1.4	71.9952	0.752342
30	0.133564	1.00896	1.36027	7.67561	332.205	386.843	0.0720442	1.4	71.9952	0.752317
31	0.137887	1.00955	1.36881	7.92561	328.276	385.53	0.0714345	1.4	71.9951	0.752302
32	0.142208	1.01016	1.37736	8.17561	324.385	384.219	0.0708286	1.4	71.9951	0.752287
33	0.14778	1.01098	1.38838	8.49832	319.416	382.528	0.0700521	1.4	71.9951	0.75225
34	0.152094	1.01163	1.39715	8.74832	315.502	381.183	0.0694378	1.4	71.9951	0.752246
35	0.156406	1.01231	1.40593	8.99832	311.627	379.839	0.0688275	1.4	71.9951	0.752247
36	0.163168	1.0134	1.4197	9.39083	305.619	377.733	0.0678772	1.4	71.9951	0.752185
37	0.167471	1.01412	1.42868	9.64083	301.748	376.359	0.0672619	1.4	71.9951	0.752198
38	0.171771	1.01486	1.43767	9.89083	297.916	374.988	0.0666507	1.4	71.9951	0.752216
39	0.179825	1.0163	1.45452	10.3596	290.836	372.419	0.0655153	1.4	71.995	0.752122
40	0.184116	1.0171	1.46371	10.6096	287.034	371.022	0.0649025	1.4	71.995	0.752156
41	0.188403	1.01791	1.47289	10.8596	283.272	369.626	0.0642937	1.4	71.9951	0.752199
42	0.192686	1.01874	1.48208	11.1096	279.549	368.232	0.063689	1.4	71.9951	0.752245
43	0.197856	1.01977	1.49319	11.4116	275.102	366.548	0.0629637	1.4	71.9951	0.752293
44	0.202131	1.02064	1.50256	11.6616	271.396	365.131	0.0623567	1.4	71.9952	0.752352
45	0.206403	1.02153	1.51193	11.9116	267.73	363.714	0.0617537	1.4	71.9952	0.752418
46	0.21067	1.02244	1.52131	12.1616	264.102	362.299	0.0611549	1.4	71.9953	0.752488
47	0.217373	1.02391	1.53608	12.5548	258.475	360.077	0.0602213	1.4	71.9953	0.752546
48	0.221629	1.02487	1.54563	12.8048	254.889	358.642	0.0596233	1.4	71.9954	0.752633
49	0.225882	1.02585	1.55519	13.0548	251.342	357.209	0.0590295	1.4	71.9955	0.752729
50	0.230131	1.02684	1.56476	13.3048	247.833	355.778	0.0584398	1.4	71.9955	0.752829
51	0.238493	1.02886	1.58366	13.7976	241.027	352.958	0.0572889	1.4	71.9956	0.752891
52	0.242728	1.02991	1.59339	14.0476	237.585	351.511	0.0567033	1.4	71.9957	0.753016
53	0.246959	1.03097	1.60313	14.2976	234.181	350.064	0.0561218	1.4	71.9958	0.753152
54	0.251185	1.03206	1.61289	14.5476	230.815	348.619	0.0555444	1.4	71.9959	0.753291
55	0.255406	1.03317	1.62266	14.7976	227.486	347.175	0.054971	1.4	71.996	0.753439
56	0.261346	1.03475	1.63646	15.1499	222.858	345.142	0.0541698	1.4	71.9961	0.753618
57	0.265555	1.0359	1.64638	15.3999	219.581	343.685	0.0535997	1.4	71.9962	0.753785
58	0.269759	1.03707	1.65631	15.6499	216.342	342.228	0.0530337	1.4	71.9963	0.753959
59	0.273958	1.03826	1.66626	15.8999	213.139	340.773	0.0524718	1.4	71.9965	0.754141
60	0.278152	1.03946	1.67623	16.1499	209.973	339.319	0.0519139	1.4	71.9966	0.75433
61	0.286069	1.04179	1.69514	16.6227	204.085	336.573	0.0508697	1.4	71.9968	0.754582
62	0.290247	1.04305	1.70525	16.8727	200.994	335.109	0.0503183	1.4	71.9969	0.7548
63	0.29442	1.04432	1.71539	17.1227	197.94	333.645	0.0497709	1.4	71.9971	0.755034
64	0.298587	1.04562	1.72555	17.3727	194.921	332.184	0.0492275	1.4	71.9973	0.75527
65	0.302748	1.04693	1.73573	17.6227	191.938	330.723	0.0486882	1.4	71.9974	0.755518
66	0.306904	1.04826	1.74593	17.8727	188.99	329.264	0.0481528	1.4	71.9976	0.755772
67	0.312812	1.05019	1.76049	18.2288	184.851	327.187	0.0473972	1.4	71.9979	0.756115
68	0.316954	1.05156	1.77083	18.4788	181.965	325.719	0.0468675	1.4	71.9981	0.756396
69	0.321089	1.05295	1.78119	18.7288	179.114	324.253	0.0463417	1.4	71.9983	0.75669
70	0.325218	1.05436	1.79157	18.9788	176.297	322.788	0.04582	1.4	71.9985	0.75699
71	0.329341	1.05579	1.80198	19.2288	173.515	321.324	0.0453023	1.4	71.9987	0.757303
72	0.333458	1.05723	1.81241	19.4788	170.766	319.861	0.0447885	1.4	71.999	0.757624
73	0.337568	1.0587	1.82287	19.7288	168.051	318.4	0.0442787	1.4	71.9992	0.757958
74	0.341746	1.06021	1.83355	19.9833	165.321	316.914	0.0437637	1.4	71.9994	0.758306
75	0.345844	1.06171	1.84413	20.2333	162.656	315.446	0.0432587	1.4	71.9997	0.758663
76	0.349934	1.06323	1.85474	20.4833	160.025	313.979	0.0427578	1.4	72	0.75903
77	0.354018	1.06476	1.86537	20.7333	157.427	312.514	0.0422607	1.4	72.0002	0.75941
78	0.358096	1.06632	1.87604	20.9833	154.861	311.051	0.0417676	1.4	72.0005	0.759801
79	0.362166	1.06789	1.88673	21.2333	152.328	309.588	0.0412784	1.4	72.0008	0.760204
80	0.36623	1.06948	1.89746	21.4833	149.827	308.127	0.0407932	1.4	72.0011	0.76062
81	0.373064	1.07219	1.91561	21.9047	145.682	305.667	0.0399839	1.4	72.0016	0.761265
82	0.377109	1.07383	1.92647	22.1547	143.254	304.203	0.0395068	1.4	72.0019	0.761723
83	0.381147	1.07549	1.93736	22.4047	140.858	302.74	0.0390335	1.4	72.0022	0.762203
84	0.385177	1.07716	1.94829	22.6547	138.492	301.279	0.0385642	1.4	72.0026	0.762691
85	0.3892	1.07885	1.95925	22.9047	136.158	299.819	0.0380987	1.4	72.0029	0.763198
86	0.393216	1.08055	1.97024	23.1547	133.854	298.361	0.0376371	1.4	72.0033	0.763718
87	0.397224	1.08228	1.98127	23.4047	131.58	296.904	0.0371794	1.4	72.0037	0.764256
88	0.401224	1.08402	1.99234	23.6547	129.337	295.449	0.0367255	1.4	72.0041	0.764809
89	0.406995	1.08657	2.0084	24.0162	126.145	293.347	0.0360758	1.4	72.0046	0.765594
90	0.410977	1.08835	2.01959	24.2662	123.966	291.89	0.0356296	1.4	72.0051	0.766194
91	0.414951	1.09016	2.03082	24.5162	121.816	290.435	0.0351872	1.4	72.0055	0.76682
92	0.418917	1.09198	2.04209	24.7662	119.696	288.981	0.0347485	1.4	72.006	0.76746
93	0.422875	1.09381	2.0534	25.0162	117.604	287.529	0.0343137	1.4	72.0065	0.768124
94	0.426825	1.09567	2.06474	25.2662	115.541	286.079	0.0338827	1.4	72.0069	0.768807
95	0.430767	1.09754	2.07613	25.5162	113.506	284.631	0.0334554	1.4	72.0074	0.769513
96	0.4347	1.09942	2.08755	25.7662	111.5	283.184	0.0330319	1.4	72.008	0.770241
97	0.438626	1.10133	2.09902	26.0162	109.521	281.739	0.0326121	1.4	72.0085	0.770994
98	0.443815	1.10388	2.11428	26.3475	106.941	279.826	0.0320614	1.4	72.0092	0.771993
99	0.447721	1.10583	2.12587	26.5975	105.021	278.381	0.0316491	1.4	72.0098	0.772806
100	0.451618	1.10779	2.1375	26.8475	103.127	276.938	0.0312406	1.4	72.0104	0.773653
101	0.455507	1.10977	2.14918	27.0975	101.261	275.497	0.0308357	1.4	72.011	0.774525
102	0.459387	1.11176	2.1609	27.3475	99.4215	274.057	0.0304345	1.4	72.0117	0.77543
103	0.461773	1.113	2.16815	27.5016	98.3011	273.172	0.0301891	1.4	72.012	0.775946
104	0.491694	1.12857	2.18463	27.4831	95.7978	271.166	0.029638	1.4	72.0122	0.776135
105	0.521608	1.14413	2.20085	27.459	93.3973	269.207	0.0291056	1.4	72.0129	0.777204
106	0.551539	1.15967	2.21681	27.4295	91.0934	267.292	0.0285909	1.4	72.0144	0.779255
107	0.581469	1.17519	2.23249	27.3959	88.8853	265.425	0.0280942	1.4	72.0166	0.782392
108	0.611409	1.1907	2.2479	27.3584	86.7665	263.601	0.0276141	1.4	72.0196	0.786461
109	0.64139	1.2062	2.26308	27.317	84.7296	261.818	0.0271495	1.4	72.0231	0.791476
110	0.67138	1.22167	2.278	27.2726	82.7743	260.078	0.0267005	1.4	72.0273	0.797254
111	0.701408	1.23714	2.29268	27.2251	80.8934	258.375	0.0262657	1.4	72.0321	0.803951
112	0.731471	1.25259	2.30714	27.175	79.0838	256.711	0.0258447	1.4	72.0375	0.811516
113	0.761556	1.26802	2.32137	27.1225	77.343	255.083	0.025437	1.4	72.0435	0.820027
114	0.791702	1.28344	2.3354	27.0675	75.6645	253.489	0.0250415	1.4	72.0501	0.829187
115	0.821865	1.29883	2.34921	27.0106	74.0483	251.93	0.0246583	1.4	72.0572	0.839145
116	0.852093	1.31422	2.36283	26.9515	72.4882	250.402	0.024286	1.4	72.0648	0.849844
117	0.912726	1.34497	2.38953	26.828	69.527	247.436	0.0235732	1.4	72.0761	0.865625
118	0.973544	1.37564	2.41551	26.698	66.7633	244.585	0.0229	1.4	72.0899	0.884949
119	1.03455	1.40624	2.44083	26.5621	64.1779	241.84	0.022263	1.4	72.1057	0.907003
120	1.09577	1.43675	2.46553	26.421	61.7538	239.195	0.0216591	1.4	72.123	0.931201
121	1.15718	1.46717	2.48967	26.2751	59.4763	236.64	0.0210855	1.4	72.1416	0.957209
122	1.21881	1.49749	2.51327	26.1249	57.332	234.171	0.0205396	1.4	72.1613	0.984823
123	1.28066	1.52772	2.53639	25.9706	55.3095	231.78	0.0200194	1.4	72.182	1.01385
124	1.34272	1.55785	2.55904	25.8128	53.3984	229.463	0.0195229	1.4	72.2037	1.04415
125	1.40502	1.58787	2.58124	25.6523	51.5922	227.218	0.0190488	1.4	72.2263	1.07573
126	1.46755	1.6178	2.6028	25.4942	49.8988	225.062	0.0186001	1.4	72.2496	1.10834
127	1.5303	1.64761	2.62424	25.3273	48.2711	222.939	0.0181647	1.4	72.2737	1.14209
128	1.59329	1.67731	2.645	25.1651	46.7478	220.906	0.0177534	1.4	72.2985	1.17683
129	1.65651	1.7069	2.66514	25.007	45.3181	218.954	0.0173638	1.4	72.3243	1.21291
130	1.71993	1.73639	2.68397	24.8683	44.0223	217.147	0.0170077	1.4	72.3511	1.25044
131	1.78351	1.76577	2.70233	24.731	42.7966	215.402	0.0166681	1.4	72.3788	1.28924
132	1.84726	1.79504	2.7206	24.5871	41.6115	213.681	0.0163371	1.4	72.4073	1.32912
133	1.91121	1.8242	2.73861	24.4414	40.4775	212	0.0160178	1.4	72.4365	1.37001
134	1.97534	1.85324	2.75649	24.291	39.383	210.347	0.0157073	1.4	72.4666	1.41209
135	2.03968	1.88218	2.77416	24.1385	38.3322	208.728	0.0154068	1.4	72.4974	1.45512
136	2.10422	1.91099	2.79181	23.9803	37.3122	207.125	0.0151128	1.4	72.5284	1.49851
137	2.16898	1.9397	2.80905	23.8246	36.3428	205.573	0.0148313	1.4	72.5599	1.54268
138	2.23398	1.96828	2.82648	23.6596	35.3898	204.019	0.0145524	1.4	72.592	1.58757
139	2.2992	1.99674	2.84355	23.4972	34.4826	202.51	0.014285	1.4	72.6244	1.63289
140	2.36466	2.02509	2.86075	23.3272	33.5925	201.003	0.0140206	1.4	72.6572	1.6788
141	2.43038	2.05331	2.87757	23.1606	32.7457	199.542	0.0137673	1.4	72.6904	1.72533
142	2.49634	2.08142	2.8943	22.9917	31.9258	198.101	0.0135201	1.4	72.7239	1.77216
143	2.56256	2.1094	2.91101	22.8194	31.1284	196.675	0.0132781	1.4	72.7577	1.81946
144	2.62905	2.13726	2.92718	22.6543	30.3772	195.307	0.0130484	1.4	72.7918	1.86721
145	2.69579	2.165	2.94356	22.4816	29.6356	193.933	0.0128201	1.4	72.8262	1.91537
146	2.76281	2.19261	2.95989	22.3068	28.9154	192.574	0.0125967	1.4	72.8609	1.96381
147	2.8301	2.2201	2.9757	22.139	28.2356	191.27	0.0123845	1.4	72.8957	2.01261
148	2.89766	2.24747	2.99164	21.9659	27.5673	189.965	0.0121744	1.4	72.9309	2.06177
149	2.96551	2.27472	3.00757	21.7905	26.9163	188.673	0.0119684	1.4	72.9663	2.1113
150	3.03364	2.30183	3.02302	21.6218	26.3007	187.429	0.0117722	1.4	73.0018	2.16099
151	3.10206	2.32883	3.03855	21.4493	25.6968	186.19	0.0115785	1.4	73.0375	2.211
152	3.17077	2.35571	3.0541	21.2743	25.1071	184.959	0.0113881	1.4	73.0734	2.26129
153	3.23978	2.38245	3.06944	21.1012	24.5395	183.754	0.0112035	1.4	73.1096	2.31187
154	3.30908	2.40908	3.08441	20.9329	23.9983	182.587	0.0110265	1.4	73.1459	2.36271
155	3.37868	2.43558	3.09962	20.7586	23.4618	181.412	0.0108499	1.4	73.1823	2.41368
156	3.44862	2.46195	3.11577	20.5653	22.9063	180.174	0.0106657	1.4	73.2189	2.46491
157	3.51888	2.4882	3.13021	20.4019	22.4213	179.075	0.0105039	1.4	73.2557	2.51638
158	3.58942	2.51432	3.14438	20.2421	21.9563	178.006	0.0103479	1.4	73.2926	2.56805
159	3.66024	2.54032	3.15833	20.0846	21.5084	176.961	0.0101967	1.4	73.3297	2.61993
160	3.73133	2.5662	3.17213	19.9284	21.0749	175.935	0.0100494	1.4	73.3669	2.67194
161	3.80269	2.59197	3.18584	19.7723	20.6534	174.922	0.00990544	1.4	73.4041	2.72404
162	3.87435	2.61762	3.1995	19.616	20.2426	173.921	0.00976432	1.4	73.4415	2.77634
163	3.94628	2.64314	3.21315	19.4586	19.8408	172.928	0.00962548	1.4	73.479	2.8288
164	4.01849	2.66854	3.22683	19.2995	19.4467	171.939	0.00948853	1.4	73.5165	2.88135
165	4.09103	2.69383	3.24051	19.1394	19.0609	170.957	0.00935367	1.4	73.5542	2.9341
166	4.16382	2.71898	3.25433	18.9758	18.6795	169.973	0.00921962	1.4	73.5919	2.9868
167	4.23697	2.74401	3.2682	18.8105	18.3051	168.993	0.00908724	1.4	73.6296	3.03966
168	4.31048	2.76893	3.2821	18.6441	17.938	168.017	0.00895668	1.4	73.6674	3.09244
169	4.38414	2.79366	3.29627	18.472	17.5719	167.03	0.00882574	1.4	73.705	3.14508
170	4.45828	2.81831	3.31038	18.3003	17.2151	166.054	0.00869735	1.4	73.743	3.19827
171	4.53292	2.84288	3.32446	18.129	16.8671	165.088	0.0085714	1.4	73.7811	3.25163
172	4.60786	2.86729	3.33836	17.9599	16.5307	164.141	0.00844896	1.4	73.8189	3.3045
173	4.68291	2.89151	3.35201	17.7945	16.2076	163.218	0.00833066	1.4	73.8566	3.35732
174	4.75846	2.91564	3.36562	17.6293	15.8922	162.304	0.00821453	1.4	73.8947	3.41063
175	4.83451	2.93969	3.3792	17.4645	15.5842	161.399	0.00810049	1.4	73.9329	3.46404
176	4.91105	2.96365	3.39272	17.3002	15.2837	160.503	0.00798862	1.4	73.9709	3.51728
177	4.98749	2.98735	3.40571	17.144	15.001	159.65	0.00788281	1.4	74.0086	3.56997
178	5.06441	3.01097	3.41866	16.988	14.7247	158.804	0.00777883	1.4	74.0466	3.62315
179	5.14181	3.0345	3.43158	16.8324	14.4546	157.966	0.00767662	1.4	74.0847	3.67652
180	5.21971	3.05796	3.44448	16.6769	14.1903	157.135	0.00757611	1.4	74.1228	3.72978
181	5.29751	3.08115	3.45719	16.5237	13.9349	156.322	0.00747847	1.4	74.1602	3.78221
182	5.37572	3.10425	3.46986	16.371	13.6854	155.517	0.00738255	1.4	74.1981	3.83512
183	5.45443	3.12727	3.48251	16.2185	13.4411	154.719	0.00728819	1.4	74.2361	3.88832
184	5.53364	3.1502	3.49513	16.0662	13.202	153.927	0.00719533	1.4	74.274	3.94147
185	5.61331	3.17303	3.50769	15.9147	12.9685	153.145	0.00710421	1.4	74.3119	3.99438
186	5.69301	3.19564	3.51994	15.7678	12.7452	152.387	0.00701663	1.4	74.3495	4.04711
187	5.77319	3.21817	3.53217	15.621	12.5265	151.635	0.0069304	1.4	74.3873	4.09993
188	5.8536	3.24055	3.54435	15.4748	12.3127	150.891	0.00684569	1.4	74.4249	4.15251
189	5.93439	3.2628	3.55649	15.3289	12.1033	150.153	0.00676236	1.4	74.4625	4.20519
190	6.01568	3.28498	3.56862	15.1832	11.8982	149.422	0.00668031	1.4	74.5001	4.25779
191	6.09708	3.30696	3.58047	15.0415	11.7014	148.711	0.00660117	1.4	74.5375	4.31018
192	6.17898	3.32886	3.59231	14.8999	11.5083	148.006	0.00652318	1.4	74.575	4.36263
193	6.26114	3.35061	3.60409	14.7591	11.3197	147.309	0.00644663	1.4	74.6123	4.4148
194	6.3436	3.37223	3.61581	14.619	11.1352	146.619	0.00637141	1.4	74.6496	4.46696
195	6.42657	3.39377	3.62752	14.479	10.9542	145.934	0.00629725	1.4	74.6868	4.51914
196	6.50986	3.41517	3.63913	14.3405	10.778	145.259	0.00622474	1.4	74.724	4.57113
197	6.59339	3.43642	3.65059	14.204	10.6069	144.597	0.00615402	1.4	74.7611	4.62311
198	6.67744	3.45758	3.66205	14.0676	10.439	143.939	0.00608425	1.4	74.7983	4.67509
199	6.76154	3.47856	3.67337	13.9331	10.2758	143.293	0.00601618	1.4	74.8352	4.72669
200	6.93124	3.52024	3.69597	13.6646	9.95844	142.014	0.00588286	1.4	74.8472	4.74349
201	7.10238	3.56143	3.71827	13.4002	9.65557	140.766	0.00575449	1.4	74.8591	4.76015
202	7.27482	3.6021	3.74029	13.1399	9.36653	139.549	0.00563092	1.4	74.8709	4.77669
203	7.44847	3.64223	3.76202	12.8834	9.09038	138.361	0.00551183	1.4	74.8828	4.79336
204	7.62404	3.68198	3.78368	12.6282	8.82401	137.19	0.00539598	1.4	74.8947	4.81009
205	7.80067	3.72115	3.80496	12.3782	8.5706	136.053	0.00528483	1.4	74.9067	4.82678
206	7.9783	3.75974	3.8259	12.133	8.32902	134.946	0.005178	1.4	74.9183	4.84302
207	8.1577	3.79792	3.84674	11.8893	8.09593	133.856	0.00507407	1.4	74.9306	4.86021
208	8.33886	3.83567	3.86746	11.6474	7.87125	132.784	0.00497308	1.4	74.9428	4.87735
209	8.52111	3.87284	3.88785	11.4101	7.6568	131.74	0.00487592	1.4	74.9551	4.89462
210	8.70459	3.90949	3.90798	11.1765	7.45136	130.72	0.00478211	1.4	74.9676	4.91198
211	8.88959	3.94565	3.92793	10.9454	7.25368	129.72	0.00469115	1.4	74.9803	4.92981
212	9.07608	3.98133	3.94769	10.717	7.06351	128.739	0.00460297	1.4	74.9936	4.94843
213	9.26367	4.01646	3.96717	10.4925	6.8814	127.782	0.00451788	1.4	75.0073	4.96756
214	9.45288	4.05112	3.9865	10.2702	6.7058	126.842	0.00443523	1.4	75.0214	4.98735
215	9.58693	4.07518	4	10.1154	6.58609	126.19	0.00437853	1.4	75.0607	5.04233


Nozzle Summary
Throat Radius R* (in):	1.000
Nozzle Length/R*:	9.58693
Expansion Ratio:	16.6071
Exit Area (in2):	52.1728
Surface Area (in2):	174.844

Nozzle Exit Plane Data
J	X/R*	R/R*	Mach	Theta(deg)	P(psia)	T(R)	Velocity(ft/s)	Density(slug/ft3)	Gamma	Mass Flow (lbm/s)	Stream Thrust(lbf)
81	9.58693	0	5.76773	0	0.806524	69.2524	2352.9	0.000976955	1.4	0	0
82	9.58693	0.00172887	5.76777	0.0108627	0.806312	69.25	2352.88	0.000978922	1.4	4.82759e-06	0.000360615
83	9.58693	0.0706312	5.76944	0.448092	0.804894	69.2152	2352.97	0.000977628	1.4	0.00806024	0.602071
84	9.58693	0.138968	5.76973	0.887545	0.804645	69.209	2352.98	0.000993316	1.4	0.0313713	2.34296
85	9.58693	0.207115	5.77075	1.32022	0.803776	69.1877	2353.04	0.000984361	1.4	0.0698822	5.21845
86	9.58693	0.27478	5.77198	1.75141	0.802741	69.1622	2353.1	0.000982758	1.4	0.122835	9.17205
87	9.58693	0.342072	5.77358	2.17972	0.801387	69.1288	2353.19	0.000980432	1.4	0.190096	14.193
88	9.58693	0.409007	5.77554	2.60534	0.799729	69.088	2353.29	0.000977271	1.4	0.271309	20.2543
89	9.58693	0.505144	5.77887	3.21728	0.796934	69.0189	2353.47	0.00097998	1.4	0.413196	30.8395
90	9.58693	0.571397	5.78161	3.63832	0.794632	68.9619	2353.61	0.000977676	1.4	0.528322	39.4243
91	9.58693	0.637334	5.78467	4.05707	0.792079	68.8985	2353.77	0.000974244	1.4	0.656542	48.9816
92	9.58693	0.702974	5.78809	4.47314	0.789232	68.8277	2353.95	0.000968873	1.4	0.797375	59.475
93	9.58693	0.768323	5.79177	4.88727	0.786177	68.7514	2354.15	0.00096215	1.4	0.950257	70.8613
94	9.58693	0.833372	5.79582	5.29886	0.782839	68.6679	2354.36	0.000958957	1.4	1.11498	83.1239
95	9.58693	0.898125	5.80003	5.70937	0.779383	68.5811	2354.58	0.000960594	1.4	1.29201	96.2937
96	9.58693	0.962626	5.80464	6.11703	0.775619	68.4864	2354.83	0.000960313	1.4	1.48152	110.383
97	9.58693	1.02689	5.8095	6.52291	0.771671	68.3866	2355.08	0.000958079	1.4	1.68299	125.35
98	9.58693	1.11169	5.81644	7.05738	0.766078	68.2446	2355.44	0.000952629	1.4	1.96743	146.464
99	9.58693	1.17548	5.82195	7.45966	0.761666	68.132	2355.73	0.000951578	1.4	2.19527	163.362
100	9.58693	1.23913	5.82784	7.85908	0.756975	68.0119	2356.04	0.000941106	1.4	2.43365	181.027
101	9.58693	1.30254	5.83401	8.25675	0.752102	67.8865	2356.36	0.000940074	1.4	2.68186	199.407
102	9.58693	1.36574	5.84043	8.65281	0.747075	67.7566	2356.69	0.000936092	1.4	2.9407	218.556
103	9.58693	1.40463	5.84456	8.89558	0.743857	67.673	2356.9	0.000926173	1.4	3.10469	230.681
104	9.58693	1.40237	5.82354	8.73126	0.760398	68.0996	2355.81	0.000941773	1.4	3.09503	229.966
105	9.58693	1.40081	5.8031	8.57392	0.776878	68.5181	2354.74	0.000956894	1.4	3.08825	229.465
106	9.58693	1.39989	5.7832	8.42316	0.793301	68.9288	2353.7	0.000971604	1.4	3.08419	229.165
107	9.58693	1.39957	5.76382	8.27867	0.809676	69.3324	2352.67	0.000985949	1.4	3.08274	229.058
108	9.58693	1.39981	5.74492	8.14014	0.826013	69.7292	2351.65	0.000999955	1.4	3.08383	229.139
109	9.58693	1.40058	5.72647	8.0073	0.842318	70.1198	2350.65	0.00101363	1.4	3.08739	229.401
110	9.58693	1.40185	5.70844	7.87991	0.858599	70.5044	2349.67	0.00102698	1.4	3.09333	229.841
111	9.58693	1.4036	5.69081	7.75774	0.874862	70.8834	2348.7	0.00103999	1.4	3.10161	230.453
112	9.58693	1.4058	5.67356	7.64056	0.891112	71.2571	2347.75	0.00105263	1.4	3.11216	231.233
113	9.58693	1.40842	5.65666	7.52819	0.907355	71.6258	2346.8	0.00106488	1.4	3.12493	232.178
114	9.58693	1.41145	5.64011	7.42042	0.923595	71.9897	2345.87	0.00107668	1.4	3.13988	233.283
115	9.58693	1.41485	5.62385	7.31728	0.939858	72.3497	2344.95	0.00109154	1.4	3.15689	234.541
116	9.58693	1.41862	5.60789	7.21846	0.956135	72.7055	2344.04	0.00110712	1.4	3.17603	235.956
117	9.58693	1.42719	5.57679	7.03283	0.988767	73.406	2342.24	0.00113785	1.4	3.22073	239.261
118	9.58693	1.43705	5.54676	6.86258	1.02147	74.0917	2340.48	0.00116741	1.4	3.27382	243.185
119	9.58693	1.44809	5.51769	6.70662	1.05428	74.7639	2338.76	0.0011951	1.4	3.33516	247.719
120	9.58693	1.46021	5.48952	6.56397	1.0872	75.4236	2337.06	0.0012202	1.4	3.40457	252.847
121	9.58693	1.47334	5.46219	6.43372	1.12026	76.0719	2335.39	0.001242	1.4	3.48181	258.553
122	9.58693	1.48738	5.43559	6.31526	1.1535	76.71	2333.75	0.00126319	1.4	3.5666	264.816
123	9.58693	1.50218	5.40959	6.20868	1.18707	77.3413	2332.13	0.00129692	1.4	3.65885	271.627
124	9.58693	1.51779	5.38427	6.1122	1.22082	77.9634	2330.52	0.00132631	1.4	3.75941	279.05
125	9.58693	1.53413	5.35957	6.02514	1.25477	78.5768	2328.94	0.00135057	1.4	3.86797	287.061
126	9.58693	1.55117	5.33547	5.94688	1.28892	79.1819	2327.38	0.00136898	1.4	3.98414	295.631
127	9.58693	1.56876	5.31186	5.87748	1.32338	79.7811	2325.83	0.00139926	1.4	4.10752	304.731
128	9.58693	1.58691	5.28876	5.816	1.3581	80.3736	2324.3	0.0014304	1.4	4.23908	314.431
129	9.58693	1.60562	5.26617	5.76167	1.39304	80.9591	2322.79	0.00145429	1.4	4.37891	324.735
130	9.58693	1.62487	5.24407	5.71401	1.4282	81.5377	2321.29	0.00147026	1.4	4.52633	335.597
131	9.58693	1.6444	5.22223	5.67443	1.46393	82.1153	2319.79	0.00150828	1.4	4.6805	346.952
132	9.58693	1.66439	5.20082	5.64076	1.49991	82.687	2318.31	0.00154342	1.4	4.84396	358.984
133	9.58693	1.68481	5.17985	5.61249	1.53613	83.2527	2316.85	0.00157366	1.4	5.01655	371.682
134	9.58693	1.70565	5.15928	5.58928	1.57258	83.8124	2315.4	0.0015987	1.4	5.19784	385.015
135	9.58693	1.72687	5.13912	5.57078	1.60927	84.3665	2313.96	0.00161825	1.4	5.38732	398.947
136	9.58693	1.74846	5.11935	5.55667	1.64618	84.9149	2312.53	0.00163207	1.4	5.5844	413.433
137	9.58693	1.77025	5.09981	5.54789	1.68358	85.4617	2311.11	0.001662	1.4	5.78829	428.416
138	9.58693	1.79227	5.08056	5.54357	1.72136	86.0053	2309.7	0.0016932	1.4	6.00077	444.022
139	9.58693	1.8146	5.06166	5.54279	1.75937	86.5436	2308.3	0.00171248	1.4	6.22206	460.269
140	9.58693	1.83714	5.04302	5.54607	1.79778	87.0792	2306.9	0.0017408	1.4	6.4511	477.08
141	9.58693	1.85987	5.02465	5.55299	1.83655	87.6117	2305.52	0.00177314	1.4	6.68901	494.533
142	9.58693	1.88287	5.0066	5.56274	1.87555	88.1393	2304.14	0.00179244	1.4	6.93609	512.651
143	9.58693	1.90601	4.98879	5.5759	1.91494	88.6644	2302.77	0.00182121	1.4	7.19109	531.344
144	9.58693	1.92932	4.97122	5.59207	1.9547	89.1865	2301.41	0.00185355	1.4	7.45525	550.698
145	9.58693	1.95286	4.95395	5.6105	1.99469	89.7039	2300.06	0.00187185	1.4	7.72877	570.731
146	9.58693	1.97649	4.93688	5.63199	2.03512	90.2197	2298.71	0.00190311	1.4	8.01031	591.343
147	9.58693	2.00026	4.92003	5.65593	2.07589	90.7325	2297.37	0.00193447	1.4	8.30153	612.653
148	9.58693	2.02423	4.90347	5.68165	2.11689	91.2409	2296.04	0.00195092	1.4	8.60216	634.644
149	9.58693	2.04822	4.88705	5.71024	2.1584	91.7485	2294.71	0.00198751	1.4	8.91061	657.197
150	9.58693	2.07234	4.87087	5.74071	2.20021	92.2529	2293.39	0.00202278	1.4	9.22988	680.528
151	9.58693	2.09663	4.85495	5.77257	2.24224	92.753	2292.08	0.00204672	1.4	9.55976	704.623
152	9.58693	2.12108	4.83928	5.80572	2.28447	93.2488	2290.78	0.00205924	1.4	9.89851	729.359
153	9.58693	2.1455	4.82371	5.84158	2.3273	93.745	2289.48	0.00209616	1.4	10.2448	754.636
154	9.58693	2.17004	4.80835	5.87885	2.37044	94.2382	2288.18	0.00212506	1.4	10.602	780.693
155	9.58693	2.19471	4.79323	5.91713	2.41378	94.7273	2286.9	0.00213818	1.4	10.9686	807.431
156	9.58693	2.21934	4.77823	5.95745	2.45762	95.2158	2285.62	0.00218079	1.4	11.3434	834.753
157	9.58693	2.24411	4.76347	5.99858	2.50167	95.7002	2284.34	0.00220607	1.4	11.7301	862.93
158	9.58693	2.26895	4.74889	6.04087	2.54602	96.182	2283.08	0.00222641	1.4	12.1262	891.779
159	9.58693	2.29378	4.73441	6.08505	2.59092	96.6636	2281.81	0.00226559	1.4	12.5316	921.289
160	9.58693	2.31872	4.72015	6.12981	2.63601	97.1413	2280.55	0.00228703	1.4	12.9485	951.629
161	9.58693	2.34369	4.70606	6.17566	2.68145	97.6168	2279.3	0.00231438	1.4	13.3747	982.626
162	9.58693	2.36867	4.69211	6.2226	2.72726	98.0903	2278.05	0.00234985	1.4	13.8113	1014.36
163	9.58693	2.39375	4.67837	6.26994	2.77324	98.5601	2276.81	0.00236706	1.4	14.2589	1046.9
164	9.58693	2.41875	4.6647	6.31919	2.81987	99.0307	2275.57	0.00240516	1.4	14.7148	1080.01
165	9.58693	2.44377	4.65116	6.36935	2.86687	99.4995	2274.33	0.00244809	1.4	15.1832	1114.02
166	9.58693	2.46887	4.63782	6.41975	2.91405	99.9646	2273.1	0.00248127	1.4	15.6654	1148.99
167	9.58693	2.49406	4.62467	6.47036	2.9614	100.426	2271.88	0.00250474	1.4	16.1594	1184.82
168	9.58693	2.51934	4.6117	6.52113	3.00892	100.884	2270.67	0.00251857	1.4	16.6635	1221.37
169	9.58693	2.54462	4.59887	6.57259	3.05679	101.34	2269.46	0.00253725	1.4	17.176	1258.51
170	9.58693	2.5698	4.5861	6.62561	3.10528	101.797	2268.25	0.00257763	1.4	17.697	1296.26
171	9.58693	2.59506	4.5735	6.67867	3.15394	102.25	2267.05	0.00259857	1.4	18.2307	1334.9
172	9.58693	2.6203	4.56102	6.73246	3.20299	102.702	2265.85	0.00262781	1.4	18.7742	1374.24
173	9.58693	2.64553	4.54865	6.78692	3.25243	103.152	2264.66	0.00266412	1.4	19.3292	1414.39
174	9.58693	2.67082	4.53645	6.84133	3.30204	103.599	2263.47	0.00268077	1.4	19.8963	1455.4
175	9.58693	2.69606	4.52433	6.89665	3.35211	104.046	2262.29	0.00271781	1.4	20.4729	1497.08
176	9.58693	2.72132	4.51235	6.95223	3.40248	104.49	2261.11	0.00275024	1.4	21.0625	1539.67
177	9.58693	2.74663	4.50053	7.0077	3.45299	104.931	2259.94	0.00276282	1.4	21.6634	1583.07
178	9.58693	2.77181	4.48873	7.06462	3.50421	105.373	2258.76	0.0028108	1.4	22.2729	1627.07
179	9.58693	2.79703	4.47708	7.12151	3.55563	105.813	2257.59	0.00285005	1.4	22.8982	1672.18
180	9.58693	2.82231	4.46558	7.17821	3.6072	106.249	2256.43	0.00287627	1.4	23.5374	1718.27
181	9.58693	2.84764	4.45423	7.23471	3.65891	106.682	2255.28	0.00288958	1.4	24.1879	1765.15
182	9.58693	2.87291	4.44296	7.29186	3.71108	107.114	2254.13	0.00291882	1.4	24.847	1812.65
183	9.58693	2.89813	4.43178	7.34958	3.76369	107.546	2252.97	0.00295634	1.4	25.5179	1860.96
184	9.58693	2.9234	4.42073	7.40705	3.81644	107.974	2251.83	0.00297336	1.4	26.2018	1910.2
185	9.58693	2.94861	4.40975	7.46514	3.86965	108.402	2250.69	0.0030101	1.4	26.8958	1960.13
186	9.58693	2.97382	4.39889	7.52336	3.92316	108.829	2249.55	0.00304456	1.4	27.6034	2011.03
187	9.58693	2.99907	4.38816	7.58128	3.9768	109.252	2248.42	0.00305844	1.4	28.3236	2062.8
188	9.58693	3.02423	4.37748	7.63996	4.03098	109.675	2247.29	0.00310106	1.4	29.0535	2115.26
189	9.58693	3.0494	4.36691	7.69854	4.08538	110.096	2246.16	0.00313298	1.4	29.7984	2168.76
190	9.58693	3.07462	4.35648	7.75679	4.13991	110.514	2245.05	0.00314426	1.4	30.5555	2223.11
191	9.58693	3.09971	4.34608	7.81605	4.1951	110.933	2243.93	0.00319352	1.4	31.3219	2278.11
192	9.58693	3.12484	4.33579	7.87502	4.25044	111.349	2242.81	0.00322846	1.4	32.1051	2334.29
193	9.58693	3.15	4.32563	7.93364	4.30592	111.762	2241.7	0.00324603	1.4	32.9019	2391.41
194	9.58693	3.17512	4.31555	7.99249	4.36175	112.174	2240.6	0.00327393	1.4	33.7088	2449.24
195	9.58693	3.20018	4.30554	8.05168	4.41799	112.586	2239.5	0.0033144	1.4	34.5284	2507.94
196	9.58693	3.22528	4.29564	8.11048	4.47436	112.994	2238.4	0.00333379	1.4	35.3624	2567.66
197	9.58693	3.25032	4.28581	8.1696	4.53113	113.402	2237.3	0.00336586	1.4	36.2074	2628.14
198	9.58693	3.27534	4.27606	8.2289	4.58827	113.809	2236.21	0.00340508	1.4	37.0661	2689.56
199	9.58693	3.30038	4.26642	8.28781	4.64553	114.213	2235.13	0.00342329	1.4	37.9393	2752
200	9.58693	3.35035	4.24733	8.40632	4.76122	115.018	2232.96	0.00349608	1.4	39.7232	2879.47
201	9.58693	3.40025	4.22857	8.52469	4.87802	115.817	2230.81	0.00355089	1.4	41.5624	3010.76
202	9.58693	3.44997	4.21007	8.64377	4.99632	116.613	2228.67	0.00363937	1.4	43.4573	3145.89
203	9.58693	3.49979	4.19199	8.76112	5.11505	117.398	2226.55	0.00368202	1.4	45.4164	3285.47
204	9.58693	3.54952	4.17419	8.87832	5.23491	118.178	2224.44	0.00373766	1.4	47.4237	3428.38
205	9.58693	3.59913	4.15667	8.99544	5.35593	118.952	2222.35	0.00378012	1.4	49.4789	3574.57
206	9.58693	3.64856	4.13938	9.11302	5.47838	119.723	2220.27	0.00386278	1.4	51.5869	3724.4
207	9.58693	3.69792	4.12238	9.23005	5.6018	120.487	2218.2	0.00392294	1.4	53.7579	3878.53
208	9.58693	3.74715	4.10564	9.34694	5.72638	121.247	2216.14	0.00400176	1.4	55.9885	4036.76
209	9.58693	3.79646	4.08924	9.46204	5.85134	121.997	2214.11	0.0040265	1.4	58.2791	4199.11
210	9.58693	3.84552	4.07301	9.57804	5.97797	122.745	2212.07	0.00411112	1.4	60.6159	4364.6
211	9.58693	3.89454	4.05705	9.69312	6.10539	123.487	2210.06	0.00416699	1.4	63.0186	4534.59
212	9.58693	3.94345	4.04134	9.80772	6.2338	124.224	2208.05	0.00422371	1.4	65.4767	4708.35
213	9.58693	3.99221	4.02583	9.9224	6.3635	124.957	2206.06	0.00430525	1.4	67.9949	4886.2
214	9.58693	4.04095	4.01059	10.0359	6.49384	125.683	2204.08	0.00435369	1.4	70.5793	5068.55
215	9.58693	4.07518	4	10.1154	6.58609	126.19	2202.7	0.00437853	1.4	72.4264	5198.8

Exit Mach at wall:	4
Exit Mach at centerline:	5.76773
Massflow (lbm/s):	72.4264
Stream Thrust (lbf):	5198.8
Isp (lbf-s/lbm):	71.7805
Ideal Isp (lbf-s/lbm:	100
Cfg:	0.717805
% diffence in initial and exit mass flow:	1.35578

All of the MOC data can be found in the file MOC_Grid.out
The Streamlines can be found in SL.out
The centerline data can be found in center.out